--- INICIO DE BIT¡CORA FORENSE: 2025-11-30 22:44:03.730325 ---
[2025-11-30 22:44:06] [SYSTEM] --- INICIO DE SESI√ìN ---
[2025-11-30 22:46:37] [SYSTEM] --- CIERRE DE SESI√ìN POR USUARIO ---
[2025-11-30 22:47:04] [SYSTEM] --- INICIO DE SESI√ìN ---
[2025-11-30 23:52:10] [SYSTEM] --- CIERRE DE SESI√ìN POR USUARIO ---
[2025-11-30 23:59:05] [HIM] M√≥dulo de Intervenci√≥n Manual (Teclado) Activo.
[2025-11-30 23:59:05] [TELEGRAM] Bot de Telegram escuchando comandos.
[2025-11-30 23:59:05] [SYSTEM] --- INICIO DE SESI√ìN ---
[2025-12-01 00:06:15] [CEREBRO] Gatillo SHORT Armado. RSI:76.5 > 70, Price > BB_Up
[2025-12-01 00:06:34] [CEREBRO] CONFIRMACI√ìN DE DISPARO SHORT. Precio cruza referencia.
[2025-12-01 00:06:34] [TIRADOR] AUTORIZADO SHORT (TREND). Precio: 167.04. Margen: 487.43
[2025-12-01 00:06:34] [GESTOR] Enviando Principal F7EA2F73: SHORT 14.590
[2025-12-01 00:07:09] [CEREBRO] Gatillo SHORT Armado. RSI:76.5 > 70, Price > BB_Up
[2025-12-01 00:07:14] [CEREBRO] CONFIRMACI√ìN DE DISPARO SHORT. Precio cruza referencia.
[2025-12-01 00:07:15] [TIRADOR] AUTORIZADO SHORT (TREND). Precio: 167.04. Margen: 487.43
[2025-12-01 00:07:15] [GESTOR] Enviando Principal E7C6BC7A: SHORT 14.590
[2025-12-01 00:07:33] [CEREBRO] Gatillo SHORT Armado. RSI:76.5 > 70, Price > BB_Up
[2025-12-01 00:07:39] [CEREBRO] CONFIRMACI√ìN DE DISPARO SHORT. Precio cruza referencia.
[2025-12-01 00:07:39] [TIRADOR] AUTORIZADO SHORT (TREND). Precio: 167.07. Margen: 487.43
[2025-12-01 00:07:40] [GESTOR] Enviando Principal 10CC4428: SHORT 14.588
[2025-12-01 00:07:59] [CEREBRO] Gatillo SHORT Armado. RSI:76.5 > 70, Price > BB_Up
[2025-12-01 00:08:24] [CEREBRO] CONFIRMACI√ìN DE DISPARO SHORT. Precio cruza referencia.
[2025-12-01 00:08:24] [TIRADOR] AUTORIZADO SHORT (TREND). Precio: 167.08. Margen: 487.43
[2025-12-01 00:08:24] [GESTOR] Enviando Principal 25379827: SHORT 14.587
[2025-12-01 00:09:29] [CEREBRO] Gatillo SHORT Armado. RSI:72.1 > 70, Price > BB_Up
[2025-12-01 00:09:35] [CEREBRO] CONFIRMACI√ìN DE DISPARO SHORT. Precio cruza referencia.
[2025-12-01 00:09:35] [TIRADOR] AUTORIZADO SHORT (TREND). Precio: 167.15. Margen: 487.43
[2025-12-01 00:09:35] [GESTOR] Enviando Principal FEBE658C: SHORT 14.581
[2025-12-01 00:10:20] [CEREBRO] Gatillo SHORT Armado. RSI:72.1 > 70, Price > BB_Up
[2025-12-01 00:10:44] [CEREBRO] CONFIRMACI√ìN DE DISPARO SHORT. Precio cruza referencia.
[2025-12-01 00:10:45] [TIRADOR] AUTORIZADO SHORT (TREND). Precio: 167.17. Margen: 487.43
[2025-12-01 00:10:46] [GESTOR] Enviando Principal F1A9DC20: SHORT 14.579
[2025-12-01 00:11:24] [CEREBRO] Gatillo SHORT Armado. RSI:73.9 > 70, Price > BB_Up
[2025-12-01 00:11:49] [CEREBRO] CONFIRMACI√ìN DE DISPARO SHORT. Precio cruza referencia.
[2025-12-01 00:11:49] [TIRADOR] AUTORIZADO SHORT (TREND). Precio: 167.24. Margen: 487.43
[2025-12-01 00:11:50] [GESTOR] Enviando Principal 5BCF001B: SHORT 14.573
[2025-12-01 00:12:00] [CEREBRO] Gatillo SHORT Armado. RSI:73.9 > 70, Price > BB_Up
[2025-12-01 00:12:04] [CEREBRO] CONFIRMACI√ìN DE DISPARO SHORT. Precio cruza referencia.
[2025-12-01 00:12:04] [TIRADOR] AUTORIZADO SHORT (TREND). Precio: 167.25. Margen: 487.43
[2025-12-01 00:12:04] [GESTOR] Enviando Principal 75A705A7: SHORT 14.572
[2025-12-01 00:12:10] [CEREBRO] Gatillo SHORT Armado. RSI:73.9 > 70, Price > BB_Up
[2025-12-01 00:12:40] [CEREBRO] Gatillo SHORT Expirado (Sin confirmaci√≥n).
[2025-12-01 00:13:30] [CEREBRO] Gatillo SHORT Armado. RSI:77.4 > 70, Price > BB_Up
[2025-12-01 00:13:50] [CEREBRO] CONFIRMACI√ìN DE DISPARO SHORT. Precio cruza referencia.
[2025-12-01 00:13:51] [TIRADOR] AUTORIZADO SHORT (TREND). Precio: 167.26. Margen: 487.43
[2025-12-01 00:13:51] [GESTOR] Enviando Principal B1A41834: SHORT 14.571
[2025-12-01 00:42:36] [SYSTEM] --- CIERRE DE SESI√ìN ---
[2025-12-01 00:44:18] [HIM] M√≥dulo de Intervenci√≥n Manual (Teclado) Activo.
[2025-12-01 00:44:18] [TELEGRAM] Bot de Telegram escuchando comandos.
[2025-12-01 00:44:18] [SYSTEM] --- INICIO DE SESI√ìN ---
[2025-12-01 00:52:30] [TELEGRAM] Comando recibido: /report
[2025-12-01 01:37:54] [SYSTEM] --- CIERRE DE SESI√ìN ---
[2025-12-01 01:39:55] [HIM] M√≥dulo de Intervenci√≥n Manual (Teclado) Activo.
[2025-12-01 01:39:55] [TELEGRAM] Bot de Telegram escuchando comandos.
[2025-12-01 01:39:55] [SYSTEM] --- INICIO DE SESI√ìN ---
[2025-12-01 01:42:59] [SYSTEM] --- CIERRE DE SESI√ìN ---
[2025-12-01 01:43:05] [HIM] M√≥dulo de Intervenci√≥n Manual (Teclado) Activo.
[2025-12-01 01:43:05] [TELEGRAM] Bot de Telegram escuchando comandos.
[2025-12-01 01:43:05] [SYSTEM] --- INICIO DE SESI√ìN ---
[2025-12-01 01:51:26] [CEREBRO] Gatillo SHORT (REVERSAL) Armado. Ref: 166.68
[2025-12-01 01:51:40] [CEREBRO] DISPARO SHORT CONFIRMADO.
[2025-12-01 01:51:40] [TIRADOR] AUTORIZADO SHORT (REVERSAL). Precio: 166.63. Margen: 50.00
[2025-12-01 01:51:41] [GESTOR] Enviando Principal 1FD38FA1: SHORT 1.500
[2025-12-01 01:51:53] [CEREBRO] Gatillo SHORT (REVERSAL) Armado. Ref: 166.68
[2025-12-01 01:51:56] [CEREBRO] DISPARO SHORT CONFIRMADO.
[2025-12-01 01:51:56] [TIRADOR] AUTORIZADO SHORT (REVERSAL). Precio: 166.66. Margen: 50.00
[2025-12-01 01:51:56] [GESTOR] Enviando Principal 39A31825: SHORT 1.500
[2025-12-01 01:51:59] [CEREBRO] Gatillo SHORT (REVERSAL) Armado. Ref: 166.68
[2025-12-01 01:52:33] [CEREBRO] Gatillo SHORT (REVERSAL) Armado. Ref: 166.68
[2025-12-01 01:55:22] [CEREBRO] Gatillo SHORT (TREND) Armado. Ref: 166.17
[2025-12-01 01:55:56] [CEREBRO] Gatillo SHORT (TREND) Armado. Ref: 166.17
[2025-12-01 01:56:28] [CEREBRO] Gatillo SHORT (TREND) Armado. Ref: 166.17
[2025-12-01 01:57:03] [CEREBRO] Gatillo SHORT (TREND) Armado. Ref: 166.17
[2025-12-01 01:57:33] [CEREBRO] Gatillo SHORT (TREND) Armado. Ref: 166.19
[2025-12-01 01:58:03] [CEREBRO] Gatillo SHORT (TREND) Armado. Ref: 166.19
[2025-12-01 01:58:35] [CEREBRO] Gatillo SHORT (TREND) Armado. Ref: 166.19
[2025-12-01 01:59:08] [CEREBRO] Gatillo SHORT (TREND) Armado. Ref: 166.19
[2025-12-01 01:59:47] [CEREBRO] Gatillo SHORT (TREND) Armado. Ref: 166.27
[2025-12-01 02:00:28] [CEREBRO] Gatillo SHORT (TREND) Armado. Ref: 166.27
[2025-12-01 02:01:01] [CEREBRO] Gatillo SHORT (TREND) Armado. Ref: 166.27
[2025-12-01 02:01:33] [CEREBRO] Gatillo SHORT (TREND) Armado. Ref: 166.35
[2025-12-01 02:02:07] [CEREBRO] Gatillo SHORT (TREND) Armado. Ref: 166.35
[2025-12-01 02:02:39] [CEREBRO] Gatillo SHORT (TREND) Armado. Ref: 166.35
[2025-12-01 02:03:13] [CEREBRO] Gatillo SHORT (TREND) Armado. Ref: 166.42
[2025-12-01 02:03:47] [CEREBRO] Gatillo SHORT (TREND) Armado. Ref: 166.42
[2025-12-01 02:04:19] [CEREBRO] Gatillo SHORT (TREND) Armado. Ref: 166.42
[2025-12-01 03:26:17] [CEREBRO] Gatillo SHORT (TREND) Armado. Ref: 165.55
[2025-12-01 03:26:47] [CEREBRO] Gatillo SHORT (TREND) Armado. Ref: 165.55
[2025-12-01 03:27:20] [CEREBRO] Gatillo SHORT (TREND) Armado. Ref: 165.55
[2025-12-01 03:27:54] [CEREBRO] Gatillo SHORT (TREND) Armado. Ref: 165.55
[2025-12-01 03:28:25] [CEREBRO] Gatillo SHORT (TREND) Armado. Ref: 165.59
[2025-12-01 03:28:54] [CEREBRO] Gatillo SHORT (TREND) Armado. Ref: 165.59
[2025-12-01 03:29:24] [CEREBRO] Gatillo SHORT (TREND) Armado. Ref: 165.59
[2025-12-01 03:29:53] [CEREBRO] Gatillo SHORT (TREND) Armado. Ref: 165.61
[2025-12-01 03:30:23] [CEREBRO] Gatillo SHORT (TREND) Armado. Ref: 165.61
[2025-12-01 03:30:54] [CEREBRO] Gatillo SHORT (TREND) Armado. Ref: 165.61
[2025-12-01 03:30:59] [CEREBRO] DISPARO SHORT CONFIRMADO.
[2025-12-01 03:30:59] [TIRADOR] AUTORIZADO SHORT (TREND). Precio: 165.56. Margen: 100.00
[2025-12-01 03:30:59] [GESTOR] Enviando Principal BAF13F7F: SHORT 3.020
[2025-12-01 03:31:03] [CEREBRO] Gatillo SHORT (TREND) Armado. Ref: 165.61
[2025-12-01 03:31:06] [CEREBRO] DISPARO SHORT CONFIRMADO.
[2025-12-01 03:31:06] [TIRADOR] AUTORIZADO SHORT (TREND). Precio: 165.56. Margen: 100.00
[2025-12-01 03:31:06] [GESTOR] Enviando Principal EF16C7E5: SHORT 3.020
[2025-12-01 03:31:09] [CEREBRO] Gatillo SHORT (TREND) Armado. Ref: 165.61
[2025-12-01 03:31:12] [CEREBRO] DISPARO SHORT CONFIRMADO.
[2025-12-01 03:31:12] [TIRADOR] AUTORIZADO SHORT (TREND). Precio: 165.56. Margen: 100.00
[2025-12-01 03:31:12] [GESTOR] Enviando Principal EA4FD1E9: SHORT 3.020
[2025-12-01 03:31:15] [CEREBRO] Gatillo SHORT (TREND) Armado. Ref: 165.61
[2025-12-01 03:31:17] [CEREBRO] DISPARO SHORT CONFIRMADO.
[2025-12-01 03:31:17] [TIRADOR] AUTORIZADO SHORT (TREND). Precio: 165.56. Margen: 100.00
[2025-12-01 03:31:17] [GESTOR] Enviando Principal C1F9F8DE: SHORT 3.020
[2025-12-01 03:31:21] [CEREBRO] Gatillo SHORT (TREND) Armado. Ref: 165.61
[2025-12-01 03:31:23] [CEREBRO] DISPARO SHORT CONFIRMADO.
[2025-12-01 03:31:23] [TIRADOR] AUTORIZADO SHORT (TREND). Precio: 165.57. Margen: 100.00
[2025-12-01 03:31:24] [GESTOR] Enviando Principal 8189627C: SHORT 3.020
[2025-12-01 03:31:27] [CEREBRO] Gatillo SHORT (TREND) Armado. Ref: 165.61
[2025-12-01 03:31:29] [CEREBRO] DISPARO SHORT CONFIRMADO.
[2025-12-01 03:31:29] [TIRADOR] AUTORIZADO SHORT (TREND). Precio: 165.52. Margen: 100.00
[2025-12-01 03:31:30] [GESTOR] Enviando Principal 491098E7: SHORT 3.021
[2025-12-01 03:31:33] [CEREBRO] Gatillo SHORT (TREND) Armado. Ref: 165.61
[2025-12-01 03:31:36] [CEREBRO] DISPARO SHORT CONFIRMADO.
[2025-12-01 03:31:36] [TIRADOR] AUTORIZADO SHORT (TREND). Precio: 165.53. Margen: 100.00
[2025-12-01 03:31:36] [GESTOR] Enviando Principal 53D30C34: SHORT 3.021
[2025-12-01 03:31:39] [CEREBRO] Gatillo SHORT (TREND) Armado. Ref: 165.61
[2025-12-01 03:31:42] [CEREBRO] DISPARO SHORT CONFIRMADO.
[2025-12-01 03:31:42] [TIRADOR] AUTORIZADO SHORT (TREND). Precio: 165.53. Margen: 100.00
[2025-12-01 03:31:42] [GESTOR] Enviando Principal 379574BA: SHORT 3.021
[2025-12-01 03:31:45] [CEREBRO] Gatillo SHORT (TREND) Armado. Ref: 165.61
[2025-12-01 03:31:48] [CEREBRO] DISPARO SHORT CONFIRMADO.
[2025-12-01 03:31:48] [TIRADOR] AUTORIZADO SHORT (TREND). Precio: 165.60. Margen: 100.00
[2025-12-01 03:31:48] [GESTOR] Enviando Principal 637E050D: SHORT 3.019
[2025-12-01 03:33:52] [CEREBRO] Gatillo SHORT (TREND) Armado. Ref: 165.63
[2025-12-01 03:34:22] [CEREBRO] Gatillo SHORT (TREND) Armado. Ref: 165.63
[2025-12-01 03:34:52] [CEREBRO] Gatillo SHORT (TREND) Armado. Ref: 165.63
[2025-12-01 03:35:21] [CEREBRO] Gatillo SHORT (TREND) Armado. Ref: 165.63
[2025-12-01 03:35:51] [CEREBRO] Gatillo SHORT (TREND) Armado. Ref: 165.70
[2025-12-01 03:36:20] [CEREBRO] Gatillo SHORT (TREND) Armado. Ref: 165.70
[2025-12-01 03:36:49] [CEREBRO] Gatillo SHORT (TREND) Armado. Ref: 165.70
[2025-12-01 03:37:20] [CEREBRO] Gatillo SHORT (TREND) Armado. Ref: 165.73
[2025-12-01 03:37:52] [CEREBRO] Gatillo SHORT (TREND) Armado. Ref: 165.73
[2025-12-01 03:38:21] [CEREBRO] Gatillo SHORT (TREND) Armado. Ref: 165.73
[2025-12-01 03:38:52] [CEREBRO] Gatillo SHORT (TREND) Armado. Ref: 165.80
[2025-12-01 03:39:21] [CEREBRO] Gatillo SHORT (TREND) Armado. Ref: 165.80
[2025-12-01 03:39:52] [CEREBRO] Gatillo SHORT (TREND) Armado. Ref: 165.80
[2025-12-01 03:45:31] [CEREBRO] Gatillo SHORT (TREND) Armado. Ref: 165.97
[2025-12-01 03:46:02] [CEREBRO] Gatillo SHORT (TREND) Armado. Ref: 165.97
[2025-12-01 03:46:31] [CEREBRO] Gatillo SHORT (TREND) Armado. Ref: 165.97
[2025-12-01 03:47:01] [CEREBRO] Gatillo SHORT (TREND) Armado. Ref: 165.97
[2025-12-01 03:47:31] [CEREBRO] Gatillo SHORT (TREND) Armado. Ref: 165.97
[2025-12-01 03:54:13] [CEREBRO] Gatillo SHORT (TREND) Armado. Ref: 166.15
[2025-12-01 03:54:42] [CEREBRO] Gatillo SHORT (TREND) Armado. Ref: 166.15
[2025-12-01 03:55:13] [CEREBRO] Gatillo SHORT (TREND) Armado. Ref: 166.15
[2025-12-01 04:40:44] [CEREBRO] Gatillo SHORT (TREND) Armado. Ref: 165.67
[2025-12-01 04:41:14] [CEREBRO] Gatillo SHORT (TREND) Armado. Ref: 165.67
[2025-12-01 04:41:43] [CEREBRO] Gatillo SHORT (TREND) Armado. Ref: 165.67
[2025-12-01 04:42:14] [CEREBRO] Gatillo SHORT (TREND) Armado. Ref: 165.67
[2025-12-01 04:46:11] [CEREBRO] Gatillo SHORT (TREND) Armado. Ref: 165.76
[2025-12-01 04:46:42] [CEREBRO] Gatillo SHORT (TREND) Armado. Ref: 165.76
[2025-12-01 04:46:45] [CEREBRO] DISPARO SHORT CONFIRMADO.
[2025-12-01 04:46:45] [TIRADOR] AUTORIZADO SHORT (TREND). Precio: 165.73. Margen: 100.00
[2025-12-01 04:46:45] [GESTOR] Enviando Principal 6B595C32: SHORT 3.017
[2025-12-01 04:46:48] [CEREBRO] Gatillo SHORT (TREND) Armado. Ref: 165.76
[2025-12-01 04:47:20] [CEREBRO] Gatillo SHORT (TREND) Armado. Ref: 165.76
[2025-12-01 04:47:54] [CEREBRO] Gatillo SHORT (TREND) Armado. Ref: 165.77
[2025-12-01 04:48:28] [CEREBRO] Gatillo SHORT (TREND) Armado. Ref: 165.77
[2025-12-01 04:48:59] [CEREBRO] Gatillo SHORT (TREND) Armado. Ref: 165.77
[2025-12-01 04:49:32] [CEREBRO] Gatillo SHORT (TREND) Armado. Ref: 165.78
[2025-12-01 04:50:05] [CEREBRO] Gatillo SHORT (TREND) Armado. Ref: 165.78
[2025-12-01 04:50:36] [CEREBRO] Gatillo SHORT (TREND) Armado. Ref: 165.78
[2025-12-01 04:52:41] [CEREBRO] Gatillo SHORT (TREND) Armado. Ref: 165.83
[2025-12-01 04:53:14] [CEREBRO] Gatillo SHORT (TREND) Armado. Ref: 165.83
[2025-12-01 04:53:48] [CEREBRO] Gatillo SHORT (TREND) Armado. Ref: 165.83
[2025-12-01 04:54:22] [CEREBRO] Gatillo SHORT (TREND) Armado. Ref: 165.83
[2025-12-01 05:10:18] [CEREBRO] Gatillo SHORT (TREND) Armado. Ref: 166.14
[2025-12-01 05:10:20] [CEREBRO] DISPARO SHORT CONFIRMADO.
[2025-12-01 05:10:20] [TIRADOR] AUTORIZADO SHORT (TREND). Precio: 165.58. Margen: 100.00
[2025-12-01 05:10:21] [GESTOR] Enviando Principal CF6E313A: SHORT 3.020
[2025-12-01 05:10:24] [CEREBRO] Gatillo SHORT (TREND) Armado. Ref: 166.14
[2025-12-01 05:10:26] [CEREBRO] DISPARO SHORT CONFIRMADO.
[2025-12-01 05:10:26] [TIRADOR] AUTORIZADO SHORT (TREND). Precio: 165.58. Margen: 100.00
[2025-12-01 05:10:27] [GESTOR] Enviando Principal 7C608004: SHORT 3.020
[2025-12-01 05:10:31] [CEREBRO] Gatillo SHORT (TREND) Armado. Ref: 166.14
[2025-12-01 05:10:34] [CEREBRO] DISPARO SHORT CONFIRMADO.
[2025-12-01 05:10:34] [TIRADOR] AUTORIZADO SHORT (TREND). Precio: 165.57. Margen: 100.00
[2025-12-01 05:10:35] [GESTOR] Enviando Principal D5DF010C: SHORT 3.020
[2025-12-01 05:10:38] [CEREBRO] Gatillo SHORT (TREND) Armado. Ref: 166.14
[2025-12-01 05:10:41] [CEREBRO] DISPARO SHORT CONFIRMADO.
[2025-12-01 05:10:41] [TIRADOR] AUTORIZADO SHORT (TREND). Precio: 165.54. Margen: 100.00
[2025-12-01 05:10:41] [GESTOR] Enviando Principal 25C4F9D3: SHORT 3.020
[2025-12-01 05:10:44] [CEREBRO] Gatillo SHORT (TREND) Armado. Ref: 166.14
[2025-12-01 05:10:47] [CEREBRO] DISPARO SHORT CONFIRMADO.
[2025-12-01 05:10:47] [TIRADOR] AUTORIZADO SHORT (TREND). Precio: 165.52. Margen: 100.00
[2025-12-01 05:10:47] [GESTOR] Enviando Principal 3E6CE053: SHORT 3.021
[2025-12-01 05:10:50] [CEREBRO] Gatillo SHORT (TREND) Armado. Ref: 166.14
[2025-12-01 05:10:53] [CEREBRO] DISPARO SHORT CONFIRMADO.
[2025-12-01 05:10:53] [TIRADOR] AUTORIZADO SHORT (TREND). Precio: 165.50. Margen: 100.00
[2025-12-01 05:10:53] [GESTOR] Enviando Principal 84C8FDC0: SHORT 3.021
[2025-12-01 05:10:57] [CEREBRO] Gatillo SHORT (TREND) Armado. Ref: 166.14
[2025-12-01 05:11:00] [CEREBRO] DISPARO SHORT CONFIRMADO.
[2025-12-01 05:11:00] [TIRADOR] AUTORIZADO SHORT (TREND). Precio: 165.49. Margen: 100.00
[2025-12-01 05:11:00] [GESTOR] Enviando Principal EBA774E9: SHORT 3.021
[2025-12-01 05:11:03] [CEREBRO] Gatillo SHORT (TREND) Armado. Ref: 166.14
[2025-12-01 05:11:06] [CEREBRO] DISPARO SHORT CONFIRMADO.
[2025-12-01 05:11:06] [TIRADOR] AUTORIZADO SHORT (TREND). Precio: 165.44. Margen: 100.00
[2025-12-01 05:11:06] [GESTOR] Enviando Principal 5AD57121: SHORT 3.022
[2025-12-01 05:11:09] [CEREBRO] Gatillo SHORT (TREND) Armado. Ref: 166.14
[2025-12-01 05:11:12] [CEREBRO] DISPARO SHORT CONFIRMADO.
[2025-12-01 05:11:12] [TIRADOR] AUTORIZADO SHORT (TREND). Precio: 165.42. Margen: 100.00
[2025-12-01 05:11:13] [GESTOR] Enviando Principal 3444956E: SHORT 3.023
[2025-12-01 05:11:15] [CEREBRO] Gatillo SHORT (TREND) Armado. Ref: 166.14
[2025-12-01 05:11:18] [CEREBRO] DISPARO SHORT CONFIRMADO.
[2025-12-01 05:11:18] [TIRADOR] AUTORIZADO SHORT (TREND). Precio: 165.43. Margen: 100.00
[2025-12-01 05:11:19] [GESTOR] Enviando Principal 1E2FED46: SHORT 3.022
[2025-12-01 05:11:21] [CEREBRO] Gatillo SHORT (TREND) Armado. Ref: 166.14
[2025-12-01 05:11:25] [CEREBRO] DISPARO SHORT CONFIRMADO.
[2025-12-01 05:11:25] [TIRADOR] AUTORIZADO SHORT (TREND). Precio: 165.43. Margen: 100.00
[2025-12-01 05:11:25] [GESTOR] Enviando Principal D4C11FA6: SHORT 3.022
[2025-12-01 05:11:28] [CEREBRO] Gatillo SHORT (TREND) Armado. Ref: 166.14
[2025-12-01 05:11:31] [CEREBRO] DISPARO SHORT CONFIRMADO.
[2025-12-01 05:11:31] [TIRADOR] AUTORIZADO SHORT (TREND). Precio: 165.41. Margen: 100.00
[2025-12-01 05:11:31] [GESTOR] Enviando Principal 8A9319F7: SHORT 3.023
[2025-12-01 05:11:34] [CEREBRO] Gatillo SHORT (TREND) Armado. Ref: 166.14
[2025-12-01 05:11:37] [CEREBRO] DISPARO SHORT CONFIRMADO.
[2025-12-01 05:11:37] [TIRADOR] AUTORIZADO SHORT (TREND). Precio: 165.42. Margen: 100.00
[2025-12-01 05:11:37] [GESTOR] Enviando Principal B0C359BB: SHORT 3.023
[2025-12-01 05:11:40] [CEREBRO] Gatillo SHORT (TREND) Armado. Ref: 166.14
[2025-12-01 05:11:43] [CEREBRO] DISPARO SHORT CONFIRMADO.
[2025-12-01 05:11:43] [TIRADOR] AUTORIZADO SHORT (TREND). Precio: 165.41. Margen: 100.00
[2025-12-01 05:11:43] [GESTOR] Enviando Principal 901F3AEB: SHORT 3.023
[2025-12-01 05:11:47] [CEREBRO] Gatillo SHORT (TREND) Armado. Ref: 166.14
[2025-12-01 05:11:50] [CEREBRO] DISPARO SHORT CONFIRMADO.
[2025-12-01 05:11:50] [TIRADOR] AUTORIZADO SHORT (TREND). Precio: 165.40. Margen: 100.00
[2025-12-01 05:11:50] [GESTOR] Enviando Principal A0CFA2A2: SHORT 3.023
[2025-12-01 05:11:53] [CEREBRO] Gatillo SHORT (TREND) Armado. Ref: 166.14
[2025-12-01 05:11:56] [CEREBRO] DISPARO SHORT CONFIRMADO.
[2025-12-01 05:11:56] [TIRADOR] AUTORIZADO SHORT (TREND). Precio: 165.40. Margen: 100.00
[2025-12-01 05:11:56] [GESTOR] Enviando Principal C655F8BC: SHORT 3.023
[2025-12-01 05:12:00] [CEREBRO] Gatillo SHORT (TREND) Armado. Ref: 166.14
[2025-12-01 05:12:03] [CEREBRO] DISPARO SHORT CONFIRMADO.
[2025-12-01 05:12:03] [TIRADOR] AUTORIZADO SHORT (TREND). Precio: 165.39. Margen: 100.00
[2025-12-01 05:12:03] [GESTOR] Enviando Principal 83E71B66: SHORT 3.023
[2025-12-01 05:12:06] [CEREBRO] Gatillo SHORT (TREND) Armado. Ref: 166.14
[2025-12-01 05:12:10] [CEREBRO] DISPARO SHORT CONFIRMADO.
[2025-12-01 05:12:10] [TIRADOR] AUTORIZADO SHORT (TREND). Precio: 165.38. Margen: 100.00
[2025-12-01 05:12:10] [GESTOR] Enviando Principal 3C285BAC: SHORT 3.023
[2025-12-01 05:12:13] [CEREBRO] Gatillo SHORT (TREND) Armado. Ref: 166.14
[2025-12-01 05:12:16] [CEREBRO] DISPARO SHORT CONFIRMADO.
[2025-12-01 05:12:16] [TIRADOR] AUTORIZADO SHORT (TREND). Precio: 165.38. Margen: 100.00
[2025-12-01 05:12:16] [GESTOR] Enviando Principal 1449AFAA: SHORT 3.023
[2025-12-01 05:45:37] [CEREBRO] Gatillo SHORT (TREND) Armado. Ref: 165.19
[2025-12-01 05:46:12] [CEREBRO] Gatillo SHORT (TREND) Armado. Ref: 165.19
[2025-12-01 05:46:44] [CEREBRO] Gatillo SHORT (TREND) Armado. Ref: 165.19
[2025-12-01 05:46:53] [CEREBRO] DISPARO SHORT CONFIRMADO.
[2025-12-01 05:46:53] [TIRADOR] AUTORIZADO SHORT (TREND). Precio: 165.19. Margen: 100.00
[2025-12-01 05:46:53] [GESTOR] Enviando Principal 88E1CF21: SHORT 3.027
[2025-12-01 05:46:56] [CEREBRO] Gatillo SHORT (TREND) Armado. Ref: 165.19
[2025-12-01 05:46:58] [CEREBRO] DISPARO SHORT CONFIRMADO.
[2025-12-01 05:46:58] [TIRADOR] AUTORIZADO SHORT (TREND). Precio: 165.11. Margen: 100.00
[2025-12-01 05:46:59] [GESTOR] Enviando Principal E2EEF049: SHORT 3.028
[2025-12-01 05:47:01] [CEREBRO] Gatillo SHORT (TREND) Armado. Ref: 165.19
[2025-12-01 05:47:04] [CEREBRO] DISPARO SHORT CONFIRMADO.
[2025-12-01 05:47:04] [TIRADOR] AUTORIZADO SHORT (TREND). Precio: 165.10. Margen: 100.00
[2025-12-01 05:47:04] [GESTOR] Enviando Principal F3365D6D: SHORT 3.028
[2025-12-01 05:47:08] [CEREBRO] Gatillo SHORT (TREND) Armado. Ref: 165.19
[2025-12-01 05:47:11] [CEREBRO] DISPARO SHORT CONFIRMADO.
[2025-12-01 05:47:11] [TIRADOR] AUTORIZADO SHORT (TREND). Precio: 165.03. Margen: 100.00
[2025-12-01 05:47:11] [GESTOR] Enviando Principal AC349E92: SHORT 3.030
[2025-12-01 05:47:14] [CEREBRO] Gatillo SHORT (TREND) Armado. Ref: 165.19
[2025-12-01 05:47:17] [CEREBRO] DISPARO SHORT CONFIRMADO.
[2025-12-01 05:47:17] [TIRADOR] AUTORIZADO SHORT (TREND). Precio: 165.03. Margen: 100.00
[2025-12-01 05:47:18] [GESTOR] Enviando Principal 44D6DEDA: SHORT 3.030
[2025-12-01 05:47:20] [CEREBRO] Gatillo SHORT (TREND) Armado. Ref: 165.19
[2025-12-01 05:47:24] [CEREBRO] DISPARO SHORT CONFIRMADO.
[2025-12-01 05:47:24] [TIRADOR] AUTORIZADO SHORT (TREND). Precio: 165.04. Margen: 100.00
[2025-12-01 05:47:24] [GESTOR] Enviando Principal C98C92E3: SHORT 3.030
[2025-12-01 06:00:04] [CEREBRO] Gatillo SHORT (TREND) Armado. Ref: 165.17
[2025-12-01 06:00:37] [CEREBRO] Gatillo SHORT (TREND) Armado. Ref: 165.17
[2025-12-01 06:01:10] [CEREBRO] Gatillo SHORT (TREND) Armado. Ref: 165.17
[2025-12-01 06:01:41] [CEREBRO] Gatillo SHORT (TREND) Armado. Ref: 165.17
[2025-12-01 06:02:11] [CEREBRO] Gatillo SHORT (TREND) Armado. Ref: 165.18
[2025-12-01 06:02:42] [CEREBRO] Gatillo SHORT (TREND) Armado. Ref: 165.18
[2025-12-01 06:03:15] [CEREBRO] Gatillo SHORT (TREND) Armado. Ref: 165.18
[2025-12-01 06:03:47] [CEREBRO] Gatillo SHORT (TREND) Armado. Ref: 165.18
[2025-12-01 06:04:18] [CEREBRO] Gatillo SHORT (TREND) Armado. Ref: 165.23
[2025-12-01 06:04:53] [CEREBRO] Gatillo SHORT (TREND) Armado. Ref: 165.23
[2025-12-01 06:05:25] [CEREBRO] Gatillo SHORT (TREND) Armado. Ref: 165.23
[2025-12-01 06:05:58] [CEREBRO] Gatillo SHORT (TREND) Armado. Ref: 165.25
[2025-12-01 06:06:31] [CEREBRO] Gatillo SHORT (TREND) Armado. Ref: 165.25
[2025-12-01 06:07:03] [CEREBRO] Gatillo SHORT (TREND) Armado. Ref: 165.25
[2025-12-01 06:07:35] [CEREBRO] Gatillo SHORT (TREND) Armado. Ref: 165.25
[2025-12-01 06:08:09] [CEREBRO] Gatillo SHORT (TREND) Armado. Ref: 165.30
[2025-12-01 06:08:42] [CEREBRO] Gatillo SHORT (TREND) Armado. Ref: 165.30
[2025-12-01 06:09:14] [CEREBRO] Gatillo SHORT (TREND) Armado. Ref: 165.30
[2025-12-01 06:09:47] [CEREBRO] Gatillo SHORT (TREND) Armado. Ref: 165.35
[2025-12-01 06:10:22] [CEREBRO] Gatillo SHORT (TREND) Armado. Ref: 165.35
[2025-12-01 06:10:54] [CEREBRO] Gatillo SHORT (TREND) Armado. Ref: 165.35
[2025-12-01 06:11:27] [CEREBRO] Gatillo SHORT (TREND) Armado. Ref: 165.41
[2025-12-01 06:11:58] [CEREBRO] Gatillo SHORT (TREND) Armado. Ref: 165.41
[2025-12-01 06:12:33] [CEREBRO] Gatillo SHORT (TREND) Armado. Ref: 165.41
[2025-12-01 06:13:06] [CEREBRO] Gatillo SHORT (TREND) Armado. Ref: 165.45
[2025-12-01 06:13:38] [CEREBRO] Gatillo SHORT (TREND) Armado. Ref: 165.45
[2025-12-01 06:14:12] [CEREBRO] Gatillo SHORT (TREND) Armado. Ref: 165.45
[2025-12-01 06:14:44] [CEREBRO] Gatillo SHORT (TREND) Armado. Ref: 165.45
[2025-12-01 06:15:18] [CEREBRO] Gatillo SHORT (TREND) Armado. Ref: 165.45
[2025-12-01 07:44:15] [CEREBRO] Gatillo LONG (TREND) Armado. Ref: 168.22
[2025-12-01 07:44:48] [CEREBRO] Gatillo LONG (TREND) Armado. Ref: 168.22
[2025-12-01 07:45:20] [CEREBRO] Gatillo LONG (TREND) Armado. Ref: 168.22
[2025-12-01 07:45:53] [CEREBRO] Gatillo LONG (TREND) Armado. Ref: 168.22
[2025-12-01 07:46:26] [CEREBRO] Gatillo LONG (TREND) Armado. Ref: 168.21
[2025-12-01 07:46:38] [CEREBRO] DISPARO LONG CONFIRMADO.
[2025-12-01 07:46:38] [TIRADOR] AUTORIZADO LONG (TREND). Precio: 168.27. Margen: 100.00
[2025-12-01 07:46:38] [GESTOR] Enviando Principal 1B7B3F00: LONG 2.971
[2025-12-01 07:46:42] [CEREBRO] Gatillo LONG (TREND) Armado. Ref: 168.21
[2025-12-01 07:46:45] [CEREBRO] DISPARO LONG CONFIRMADO.
[2025-12-01 07:46:45] [TIRADOR] AUTORIZADO LONG (TREND). Precio: 168.24. Margen: 100.00
[2025-12-01 07:46:45] [GESTOR] Enviando Principal 201C5434: LONG 2.972
[2025-12-01 07:46:48] [CEREBRO] Gatillo LONG (TREND) Armado. Ref: 168.21
[2025-12-01 07:46:51] [CEREBRO] DISPARO LONG CONFIRMADO.
[2025-12-01 07:46:51] [TIRADOR] AUTORIZADO LONG (TREND). Precio: 168.26. Margen: 100.00
[2025-12-01 07:46:52] [GESTOR] Enviando Principal 104E41DF: LONG 2.972
[2025-12-01 07:46:56] [CEREBRO] Gatillo LONG (TREND) Armado. Ref: 168.21
[2025-12-01 07:46:59] [CEREBRO] DISPARO LONG CONFIRMADO.
[2025-12-01 07:46:59] [TIRADOR] AUTORIZADO LONG (TREND). Precio: 168.31. Margen: 100.00
[2025-12-01 07:46:59] [GESTOR] Enviando Principal 8D61668B: LONG 2.971
[2025-12-01 07:47:03] [CEREBRO] Gatillo LONG (TREND) Armado. Ref: 168.21
[2025-12-01 07:47:06] [CEREBRO] DISPARO LONG CONFIRMADO.
[2025-12-01 07:47:06] [TIRADOR] AUTORIZADO LONG (TREND). Precio: 168.29. Margen: 100.00
[2025-12-01 07:47:06] [GESTOR] Enviando Principal 206C5270: LONG 2.971
[2025-12-01 07:47:09] [CEREBRO] Gatillo LONG (TREND) Armado. Ref: 168.21
[2025-12-01 07:47:12] [CEREBRO] DISPARO LONG CONFIRMADO.
[2025-12-01 07:47:12] [TIRADOR] AUTORIZADO LONG (TREND). Precio: 168.26. Margen: 100.00
[2025-12-01 07:47:12] [GESTOR] Enviando Principal BAA92CE7: LONG 2.972
[2025-12-01 07:47:15] [CEREBRO] Gatillo LONG (TREND) Armado. Ref: 168.21
[2025-12-01 07:47:18] [CEREBRO] DISPARO LONG CONFIRMADO.
[2025-12-01 07:47:18] [TIRADOR] AUTORIZADO LONG (TREND). Precio: 168.22. Margen: 100.00
[2025-12-01 07:47:18] [GESTOR] Enviando Principal 63F3ACF5: LONG 2.972
[2025-12-01 07:47:22] [CEREBRO] Gatillo LONG (TREND) Armado. Ref: 168.21
[2025-12-01 07:47:30] [CEREBRO] DISPARO LONG CONFIRMADO.
[2025-12-01 07:47:30] [TIRADOR] AUTORIZADO LONG (TREND). Precio: 168.22. Margen: 100.00
[2025-12-01 07:47:30] [GESTOR] Enviando Principal 7231968E: LONG 2.972
[2025-12-01 07:47:34] [CEREBRO] Gatillo LONG (TREND) Armado. Ref: 168.21
[2025-12-01 07:47:37] [CEREBRO] DISPARO LONG CONFIRMADO.
[2025-12-01 07:47:37] [TIRADOR] AUTORIZADO LONG (TREND). Precio: 168.21. Margen: 100.00
[2025-12-01 07:47:37] [GESTOR] Enviando Principal 6DF719F1: LONG 2.972
[2025-12-01 07:47:40] [CEREBRO] Gatillo LONG (TREND) Armado. Ref: 168.21
[2025-12-01 07:48:13] [CEREBRO] Gatillo LONG (TREND) Armado. Ref: 168.21
[2025-12-01 07:59:17] [CEREBRO] Gatillo LONG (TREND) Armado. Ref: 168.13
[2025-12-01 07:59:50] [CEREBRO] Gatillo LONG (TREND) Armado. Ref: 168.13
[2025-12-01 08:00:23] [CEREBRO] Gatillo LONG (TREND) Armado. Ref: 168.13
[2025-12-01 08:00:55] [CEREBRO] Gatillo LONG (TREND) Armado. Ref: 168.13
[2025-12-01 08:01:27] [CEREBRO] Gatillo LONG (TREND) Armado. Ref: 168.10
[2025-12-01 08:02:01] [CEREBRO] Gatillo LONG (TREND) Armado. Ref: 168.10
[2025-12-01 08:02:34] [CEREBRO] Gatillo LONG (TREND) Armado. Ref: 168.10
[2025-12-01 08:03:08] [CEREBRO] Gatillo LONG (TREND) Armado. Ref: 168.08
[2025-12-01 08:03:40] [CEREBRO] Gatillo LONG (TREND) Armado. Ref: 168.08
[2025-12-01 08:04:12] [CEREBRO] Gatillo LONG (TREND) Armado. Ref: 168.08
[2025-12-01 08:04:46] [CEREBRO] Gatillo LONG (TREND) Armado. Ref: 168.08
[2025-12-01 08:05:20] [CEREBRO] Gatillo LONG (TREND) Armado. Ref: 168.01
[2025-12-01 08:05:55] [CEREBRO] Gatillo LONG (TREND) Armado. Ref: 168.01
[2025-12-01 08:06:27] [CEREBRO] Gatillo LONG (TREND) Armado. Ref: 168.01
[2025-12-01 08:07:00] [CEREBRO] Gatillo LONG (TREND) Armado. Ref: 167.92
[2025-12-01 08:07:37] [CEREBRO] Gatillo LONG (TREND) Armado. Ref: 167.92
[2025-12-01 08:08:10] [CEREBRO] Gatillo LONG (TREND) Armado. Ref: 167.92
[2025-12-01 08:08:43] [CEREBRO] Gatillo LONG (TREND) Armado. Ref: 167.82
[2025-12-01 08:09:17] [CEREBRO] Gatillo LONG (TREND) Armado. Ref: 167.82
[2025-12-01 08:09:49] [CEREBRO] Gatillo LONG (TREND) Armado. Ref: 167.82
[2025-12-01 08:10:23] [CEREBRO] Gatillo LONG (TREND) Armado. Ref: 167.82
[2025-12-01 08:10:55] [CEREBRO] Gatillo LONG (TREND) Armado. Ref: 167.73
[2025-12-01 08:11:27] [CEREBRO] Gatillo LONG (TREND) Armado. Ref: 167.73
[2025-12-01 08:12:02] [CEREBRO] Gatillo LONG (TREND) Armado. Ref: 167.73
[2025-12-01 09:17:58] [CEREBRO] Gatillo LONG (TREND) Armado. Ref: 168.12
[2025-12-01 09:18:30] [CEREBRO] Gatillo LONG (TREND) Armado. Ref: 168.12
[2025-12-01 09:19:02] [CEREBRO] Gatillo LONG (TREND) Armado. Ref: 168.12
[2025-12-01 09:19:37] [CEREBRO] Gatillo LONG (TREND) Armado. Ref: 168.12
[2025-12-01 09:36:54] [TELEGRAM] Comando recibido: /report
[2025-12-01 09:53:48] [CEREBRO] Gatillo SHORT (TREND) Armado. Ref: 166.29
[2025-12-01 09:54:22] [CEREBRO] Gatillo SHORT (TREND) Armado. Ref: 166.29
[2025-12-01 09:54:56] [CEREBRO] Gatillo SHORT (TREND) Armado. Ref: 166.29
[2025-12-01 09:55:29] [CEREBRO] Gatillo SHORT (TREND) Armado. Ref: 166.29
[2025-12-01 09:56:04] [CEREBRO] Gatillo SHORT (TREND) Armado. Ref: 166.32
[2025-12-01 09:56:29] [CEREBRO] DISPARO SHORT CONFIRMADO.
[2025-12-01 09:56:29] [TIRADOR] AUTORIZADO SHORT (TREND). Precio: 166.04. Margen: 100.00
[2025-12-01 09:56:29] [GESTOR] Enviando Principal A585B4F6: SHORT 3.011
[2025-12-01 09:56:33] [CEREBRO] Gatillo SHORT (TREND) Armado. Ref: 166.32
[2025-12-01 09:57:07] [CEREBRO] Gatillo SHORT (TREND) Armado. Ref: 166.32
[2025-12-01 09:57:42] [CEREBRO] Gatillo SHORT (TREND) Armado. Ref: 166.37
[2025-12-01 09:58:16] [CEREBRO] Gatillo SHORT (TREND) Armado. Ref: 166.37
[2025-12-01 09:58:49] [CEREBRO] Gatillo SHORT (TREND) Armado. Ref: 166.37
[2025-12-01 09:59:22] [CEREBRO] Gatillo SHORT (TREND) Armado. Ref: 166.37
[2025-12-01 10:00:10] [CEREBRO] Gatillo SHORT (TREND) Armado. Ref: 166.45
[2025-12-01 10:00:45] [CEREBRO] Gatillo SHORT (TREND) Armado. Ref: 166.45
[2025-12-01 10:01:21] [CEREBRO] Gatillo SHORT (TREND) Armado. Ref: 166.45
[2025-12-01 10:01:57] [CEREBRO] Gatillo SHORT (TREND) Armado. Ref: 166.45
[2025-12-01 10:02:13] [CEREBRO] DISPARO SHORT CONFIRMADO.
[2025-12-01 10:02:13] [TIRADOR] AUTORIZADO SHORT (TREND). Precio: 166.04. Margen: 100.00
[2025-12-01 10:02:13] [GESTOR] Enviando Principal 11344D2B: SHORT 3.011
[2025-12-01 10:24:46] [CEREBRO] Gatillo LONG (TREND) Armado. Ref: 166.39
[2025-12-01 10:29:54] [CEREBRO] Gatillo SHORT (TREND) Armado. Ref: 166.27
[2025-12-01 10:30:29] [CEREBRO] Gatillo SHORT (TREND) Armado. Ref: 166.27
[2025-12-01 10:31:05] [CEREBRO] Gatillo SHORT (TREND) Armado. Ref: 166.27
[2025-12-01 10:31:34] [CEREBRO] DISPARO SHORT CONFIRMADO.
[2025-12-01 10:31:34] [TIRADOR] AUTORIZADO SHORT (TREND). Precio: 166.26. Margen: 100.00
[2025-12-01 10:31:34] [GESTOR] Enviando Principal 9D088C9A: SHORT 3.007
[2025-12-01 10:31:38] [CEREBRO] Gatillo SHORT (TREND) Armado. Ref: 166.27
[2025-12-01 10:31:47] [CEREBRO] DISPARO SHORT CONFIRMADO.
[2025-12-01 10:31:47] [TIRADOR] AUTORIZADO SHORT (TREND). Precio: 166.25. Margen: 100.00
[2025-12-01 10:31:47] [GESTOR] Enviando Principal 974C84A6: SHORT 3.008
[2025-12-01 10:33:55] [CEREBRO] Gatillo SHORT (TREND) Armado. Ref: 166.24
[2025-12-01 10:34:30] [CEREBRO] Gatillo SHORT (TREND) Armado. Ref: 166.24
[2025-12-01 10:35:06] [CEREBRO] Gatillo SHORT (TREND) Armado. Ref: 166.24
[2025-12-01 10:35:51] [CEREBRO] Gatillo SHORT (TREND) Armado. Ref: 166.24
[2025-12-01 10:41:31] [CEREBRO] Gatillo SHORT (TREND) Armado. Ref: 166.58
[2025-12-01 10:42:09] [CEREBRO] Gatillo SHORT (TREND) Armado. Ref: 166.58
[2025-12-01 11:31:30] [SYSTEM] --- CIERRE DE SESI√ìN ---
[2025-12-01 11:37:31] [GESTOR] Precisi√≥n calibrada para AAVEUSDT: 1 decimales.
[2025-12-01 11:37:31] [GESTOR] INTENTO DE ENTRADA TEST_5a5a: LONG 0.1
[2025-12-01 11:43:03] [GESTOR] Precisi√≥n calibrada para AAVEUSDT: 1 decimales.
[2025-12-01 11:43:04] [GESTOR] INTENTO DE ENTRADA TEST_a2c8: LONG 0.1
[2025-12-01 11:47:58] [GESTOR] Precisi√≥n calibrada para AAVEUSDT: 1 decimales.
[2025-12-01 11:47:59] [GESTOR] INTENTO ENTRADA TEST_6026: BUY 0.1 (Pos: LONG)
[2025-12-01 11:47:59] [GESTOR] Orden CONFIRMADA. Precio: 163.16. ID: 70763160
[2025-12-01 11:47:59] [GESTOR] ‚úÖ Protecci√≥n SL Confirmada.
[2025-12-01 11:48:09] [GESTOR] Forzando cierre posici√≥n SELL (0.100)
[2025-12-01 12:09:10] [GESTOR] Precisi√≥n calibrada para AAVEUSDT: 1 decimales.
[2025-12-01 12:09:10] [HIM] M√≥dulo de Intervenci√≥n Manual (Teclado) Activo.
[2025-12-01 12:09:10] [TELEGRAM] Bot de Telegram escuchando comandos.
[2025-12-01 12:09:10] [SYSTEM] --- INICIO DE SESI√ìN ---
[2025-12-01 12:30:52] [CEREBRO] Gatillo SHORT (SCALP_BB) Armado. Ref: 163.61
[2025-12-01 12:31:26] [CEREBRO] Gatillo SHORT (SCALP_BB) Armado. Ref: 163.61
[2025-12-01 12:32:06] [CEREBRO] Gatillo SHORT (SCALP_BB) Armado. Ref: 163.61
[2025-12-01 12:32:41] [CEREBRO] Gatillo SHORT (SCALP_BB) Armado. Ref: 163.84
[2025-12-01 12:33:14] [CEREBRO] Gatillo SHORT (SCALP_BB) Armado. Ref: 163.84
[2025-12-01 12:33:51] [CEREBRO] Gatillo SHORT (SCALP_BB) Armado. Ref: 163.84
[2025-12-01 12:34:59] [CEREBRO] Gatillo SHORT (SCALP_BB) Armado. Ref: 164.07
[2025-12-01 12:35:08] [CEREBRO] DISPARO SHORT CONFIRMADO.
[2025-12-01 12:35:08] [TIRADOR] AUTORIZADO SHORT (SCALP_BB). Precio: 164.05. Margen: 50.00
[2025-12-01 12:35:08] [GESTOR] INTENTO ENTRADA 69BFD7C3: SELL 1.5 (Pos: SHORT)
[2025-12-01 12:35:10] [GESTOR] Orden CONFIRMADA. Precio: 162.74. ID: 70767666
[2025-12-01 12:35:10] [GESTOR] ‚úÖ Protecci√≥n SL Confirmada.
[2025-12-01 12:35:10] [CONTRALOR] Posici√≥n 69BFD7C3 (SCALP_BB) recibida.
[2025-12-01 12:35:13] [CONTRALOR] 69BFD7C3 toc√≥ BB MEDIA. Cerrando 50% y B/E.
[2025-12-01 12:39:46] [CEREBRO] Gatillo SHORT (SCALP_BB) Armado. Ref: 164.45
[2025-12-01 12:40:19] [CEREBRO] Gatillo SHORT (SCALP_BB) Armado. Ref: 164.45
[2025-12-01 12:53:36] [CONTRALOR] 69BFD7C3 toc√≥ BB OPUESTA. Cerrando todo.
[2025-12-01 12:53:36] [GESTOR] Forzando cierre posici√≥n BUY (0.750)
[2025-12-01 12:53:36] [GESTOR] Limpiando √≥rdenes pendientes...
[2025-12-01 13:02:58] [SYSTEM] --- CIERRE DE SESI√ìN ---
[2025-12-01 13:04:00] [GESTOR] Precisi√≥n calibrada para AAVEUSDT: 1 decimales.
[2025-12-01 13:04:00] [HIM] M√≥dulo de Intervenci√≥n Manual (Teclado) Activo.
[2025-12-01 13:04:00] [TELEGRAM] Bot de Telegram escuchando comandos.
[2025-12-01 13:04:00] [SYSTEM] --- INICIO DE SESI√ìN ---
[2025-12-01 13:04:01] [CONTRALOR] ‚ö†Ô∏è ALERTA: Detectada posici√≥n HU√âRFANA SHORT de 1.5. Adoptando...
[2025-12-01 13:04:01] [CONTRALOR] Posici√≥n ORPHAN_1764608641 (SCALP_BB) bajo custodia.
[2025-12-01 13:04:02] [CONTRALOR] Stop Loss movido a 166.86
[2025-12-01 13:04:02] [CONTRALOR] ‚úÖ Hu√©rfana ORPHAN_1764608641 adoptada y protegida con SL en 166.86.
[2025-12-01 13:04:02] [CONTRALOR] ORPHAN_1764608641 toc√≥ BB MEDIA. Cerrando 50%.
[2025-12-01 13:04:39] [CEREBRO] Gatillo SHORT (TREND) Armado. Ref: 163.63
[2025-12-01 13:05:15] [CEREBRO] Gatillo SHORT (TREND) Armado. Ref: 163.63
[2025-12-01 13:05:52] [CEREBRO] Gatillo SHORT (TREND) Armado. Ref: 163.63
[2025-12-01 13:06:28] [CEREBRO] Gatillo SHORT (TREND) Armado. Ref: 163.63
[2025-12-01 13:20:32] [CEREBRO] Gatillo SHORT (TREND) Armado. Ref: 164.28
[2025-12-01 13:21:09] [CEREBRO] Gatillo SHORT (TREND) Armado. Ref: 164.28
[2025-12-01 13:21:47] [CEREBRO] Gatillo SHORT (TREND) Armado. Ref: 164.28
[2025-12-01 13:22:00] [CEREBRO] DISPARO SHORT CONFIRMADO.
[2025-12-01 13:22:00] [TIRADOR] AUTORIZADO SHORT (TREND). Precio: 164.19. Margen: 100.00
[2025-12-01 13:22:00] [GESTOR] INTENTO ENTRADA 97FA7AC1: SELL 3.0
[2025-12-01 13:22:01] [GESTOR] Orden CONFIRMADA. ID: 70772654
[2025-12-01 13:22:01] [GESTOR] ‚úÖ SL Confirmado.
[2025-12-01 13:22:01] [CONTRALOR] Posici√≥n 97FA7AC1 (TREND) bajo custodia.
[2025-12-01 13:22:04] [CEREBRO] Gatillo SHORT (TREND) Armado. Ref: 164.28
[2025-12-01 13:22:40] [CEREBRO] Gatillo SHORT (TREND) Armado. Ref: 164.40
[2025-12-01 13:22:48] [CEREBRO] DISPARO SHORT CONFIRMADO.
[2025-12-01 13:22:48] [TIRADOR] AUTORIZADO SHORT (TREND). Precio: 164.18. Margen: 100.00
[2025-12-01 13:22:48] [GESTOR] INTENTO ENTRADA 7E734F3F: SELL 3.0
[2025-12-01 13:22:48] [GESTOR] Orden CONFIRMADA. ID: 70772728
[2025-12-01 13:22:49] [GESTOR] ‚úÖ SL Confirmado.
[2025-12-01 13:22:49] [CONTRALOR] Posici√≥n 7E734F3F (TREND) bajo custodia.
[2025-12-01 13:22:52] [CEREBRO] Gatillo SHORT (TREND) Armado. Ref: 164.40
[2025-12-01 13:22:55] [CEREBRO] DISPARO SHORT CONFIRMADO.
[2025-12-01 13:22:55] [TIRADOR] AUTORIZADO SHORT (TREND). Precio: 164.17. Margen: 100.00
[2025-12-01 13:22:55] [GESTOR] INTENTO ENTRADA 1117CDA8: SELL 3.0
[2025-12-01 13:22:56] [GESTOR] Orden CONFIRMADA. ID: 70772748
[2025-12-01 13:22:56] [GESTOR] ‚úÖ SL Confirmado.
[2025-12-01 13:22:56] [CONTRALOR] Posici√≥n 1117CDA8 (TREND) bajo custodia.
[2025-12-01 13:23:00] [CEREBRO] Gatillo SHORT (TREND) Armado. Ref: 164.40
[2025-12-01 13:23:04] [CEREBRO] DISPARO SHORT CONFIRMADO.
[2025-12-01 13:23:04] [TIRADOR] AUTORIZADO SHORT (TREND). Precio: 164.16. Margen: 100.00
[2025-12-01 13:23:04] [GESTOR] INTENTO ENTRADA EBE63876: SELL 3.0
[2025-12-01 13:23:05] [GESTOR] Orden CONFIRMADA. ID: 70772771
[2025-12-01 13:23:06] [GESTOR] ‚úÖ SL Confirmado.
[2025-12-01 13:23:06] [CONTRALOR] Posici√≥n EBE63876 (TREND) bajo custodia.
[2025-12-01 13:23:09] [CEREBRO] Gatillo SHORT (TREND) Armado. Ref: 164.40
[2025-12-01 13:23:12] [CEREBRO] DISPARO SHORT CONFIRMADO.
[2025-12-01 13:23:12] [TIRADOR] AUTORIZADO SHORT (TREND). Precio: 164.16. Margen: 100.00
[2025-12-01 13:23:12] [GESTOR] INTENTO ENTRADA 4DAB0D71: SELL 3.0
[2025-12-01 13:23:13] [GESTOR] Orden CONFIRMADA. ID: 70772777
[2025-12-01 13:23:13] [GESTOR] ‚úÖ SL Confirmado.
[2025-12-01 13:23:13] [CONTRALOR] Posici√≥n 4DAB0D71 (TREND) bajo custodia.
[2025-12-01 13:23:17] [CEREBRO] Gatillo SHORT (TREND) Armado. Ref: 164.40
[2025-12-01 13:23:21] [CEREBRO] DISPARO SHORT CONFIRMADO.
[2025-12-01 13:23:21] [TIRADOR] AUTORIZADO SHORT (TREND). Precio: 164.16. Margen: 100.00
[2025-12-01 13:23:21] [GESTOR] INTENTO ENTRADA 9C93C016: SELL 3.0
[2025-12-01 13:23:22] [GESTOR] Orden CONFIRMADA. ID: 70772789
[2025-12-01 13:23:22] [GESTOR] ‚úÖ SL Confirmado.
[2025-12-01 13:23:22] [CONTRALOR] Posici√≥n 9C93C016 (TREND) bajo custodia.
[2025-12-01 13:23:26] [CEREBRO] Gatillo SHORT (TREND) Armado. Ref: 164.40
[2025-12-01 13:23:29] [CEREBRO] DISPARO SHORT CONFIRMADO.
[2025-12-01 13:23:29] [TIRADOR] AUTORIZADO SHORT (TREND). Precio: 164.15. Margen: 100.00
[2025-12-01 13:23:29] [GESTOR] INTENTO ENTRADA E9C7409C: SELL 3.0
[2025-12-01 13:23:30] [GESTOR] Orden CONFIRMADA. ID: 70772812
[2025-12-01 13:23:30] [GESTOR] ‚úÖ SL Confirmado.
[2025-12-01 13:23:30] [CONTRALOR] Posici√≥n E9C7409C (TREND) bajo custodia.
[2025-12-01 13:23:33] [CEREBRO] Gatillo SHORT (TREND) Armado. Ref: 164.40
[2025-12-01 13:23:36] [CEREBRO] DISPARO SHORT CONFIRMADO.
[2025-12-01 13:23:36] [TIRADOR] AUTORIZADO SHORT (TREND). Precio: 164.11. Margen: 100.00
[2025-12-01 13:23:37] [GESTOR] INTENTO ENTRADA 9D9CF798: SELL 3.0
[2025-12-01 13:23:37] [GESTOR] Orden CONFIRMADA. ID: 70772828
[2025-12-01 13:23:37] [GESTOR] ‚úÖ SL Confirmado.
[2025-12-01 13:23:37] [CONTRALOR] Posici√≥n 9D9CF798 (TREND) bajo custodia.
[2025-12-01 13:23:41] [CEREBRO] Gatillo SHORT (TREND) Armado. Ref: 164.40
[2025-12-01 13:23:44] [CEREBRO] DISPARO SHORT CONFIRMADO.
[2025-12-01 13:23:44] [TIRADOR] AUTORIZADO SHORT (TREND). Precio: 164.11. Margen: 100.00
[2025-12-01 13:23:44] [GESTOR] INTENTO ENTRADA 6DE532B9: SELL 3.0
[2025-12-01 13:23:46] [GESTOR] Orden CONFIRMADA. ID: 70772833
[2025-12-01 13:23:46] [GESTOR] ‚úÖ SL Confirmado.
[2025-12-01 13:23:46] [CONTRALOR] Posici√≥n 6DE532B9 (TREND) bajo custodia.
[2025-12-01 13:23:50] [CEREBRO] Gatillo SHORT (TREND) Armado. Ref: 164.40
[2025-12-01 13:23:53] [CEREBRO] DISPARO SHORT CONFIRMADO.
[2025-12-01 13:23:53] [TIRADOR] AUTORIZADO SHORT (TREND). Precio: 164.11. Margen: 100.00
[2025-12-01 13:23:53] [GESTOR] INTENTO ENTRADA 470F6D8B: SELL 3.0
[2025-12-01 13:23:54] [GESTOR] Orden CONFIRMADA. ID: 70772858
[2025-12-01 13:23:54] [MANUAL] !!! P√ÅNICO ACTIVADO POR USUARIO !!!
[2025-12-01 13:23:54] [GESTOR] ‚úÖ SL Confirmado.
[2025-12-01 13:23:54] [CONTRALOR] Posici√≥n 470F6D8B (TREND) bajo custodia.
[2025-12-01 13:23:56] [CONTRALOR] EJECUTANDO CIERRE DE P√ÅNICO.
[2025-12-01 13:23:56] [GESTOR] Forzando cierre posici√≥n SHORT (1.500)
[2025-12-01 13:23:56] [GESTOR] Forzando cierre posici√≥n SHORT (3.000)
[2025-12-01 13:23:57] [GESTOR] Forzando cierre posici√≥n SHORT (3.000)
[2025-12-01 13:23:57] [GESTOR] Forzando cierre posici√≥n SHORT (3.000)
[2025-12-01 13:23:57] [CEREBRO] Gatillo SHORT (TREND) Armado. Ref: 164.40
[2025-12-01 13:23:58] [GESTOR] Forzando cierre posici√≥n SHORT (3.000)
[2025-12-01 13:23:59] [GESTOR] Forzando cierre posici√≥n SHORT (3.000)
[2025-12-01 13:23:59] [GESTOR] Forzando cierre posici√≥n SHORT (3.000)
[2025-12-01 13:23:59] [GESTOR] Forzando cierre posici√≥n SHORT (3.000)
[2025-12-01 13:24:00] [GESTOR] Forzando cierre posici√≥n SHORT (3.000)
[2025-12-01 13:24:01] [CEREBRO] DISPARO SHORT CONFIRMADO.
[2025-12-01 13:24:01] [TIRADOR] AUTORIZADO SHORT (TREND). Precio: 164.09. Margen: 100.00
[2025-12-01 13:24:01] [GESTOR] INTENTO ENTRADA A19BD34F: SELL 3.0
[2025-12-01 13:24:01] [GESTOR] Forzando cierre posici√≥n SHORT (3.000)
[2025-12-01 13:24:01] [GESTOR] Forzando cierre posici√≥n SHORT (3.000)
[2025-12-01 13:24:02] [CONTRALOR] Cartera limpia.
[2025-12-01 13:24:02] [GESTOR] Orden CONFIRMADA. ID: 70772899
[2025-12-01 13:24:03] [GESTOR] ‚úÖ SL Confirmado.
[2025-12-01 13:24:03] [CONTRALOR] Posici√≥n A19BD34F (TREND) bajo custodia.
[2025-12-01 13:24:06] [CEREBRO] Gatillo SHORT (TREND) Armado. Ref: 164.40
[2025-12-01 13:24:09] [CEREBRO] DISPARO SHORT CONFIRMADO.
[2025-12-01 13:24:09] [TIRADOR] AUTORIZADO SHORT (TREND). Precio: 163.94. Margen: 100.00
[2025-12-01 13:24:10] [GESTOR] INTENTO ENTRADA 7E07F617: SELL 3.0
[2025-12-01 13:24:11] [GESTOR] Orden CONFIRMADA. ID: 70772911
[2025-12-01 13:24:11] [GESTOR] ‚úÖ SL Confirmado.
[2025-12-01 13:24:11] [CONTRALOR] Posici√≥n 7E07F617 (TREND) bajo custodia.
[2025-12-01 13:24:14] [CEREBRO] Gatillo SHORT (TREND) Armado. Ref: 164.40
[2025-12-01 13:24:17] [CEREBRO] DISPARO SHORT CONFIRMADO.
[2025-12-01 13:24:17] [TIRADOR] AUTORIZADO SHORT (TREND). Precio: 163.94. Margen: 100.00
[2025-12-01 13:24:17] [GESTOR] INTENTO ENTRADA 28DCD175: SELL 3.0
[2025-12-01 13:24:18] [GESTOR] Orden CONFIRMADA. ID: 70772934
[2025-12-01 13:24:19] [GESTOR] ‚úÖ SL Confirmado.
[2025-12-01 13:24:19] [CONTRALOR] Posici√≥n 28DCD175 (TREND) bajo custodia.
[2025-12-01 13:24:22] [CEREBRO] Gatillo SHORT (TREND) Armado. Ref: 164.40
[2025-12-01 13:24:26] [CEREBRO] DISPARO SHORT CONFIRMADO.
[2025-12-01 13:24:26] [TIRADOR] AUTORIZADO SHORT (TREND). Precio: 163.94. Margen: 100.00
[2025-12-01 13:24:26] [GESTOR] INTENTO ENTRADA 0E7ADE7E: SELL 3.0
[2025-12-01 13:24:28] [GESTOR] Orden CONFIRMADA. ID: 70772950
[2025-12-01 13:24:28] [GESTOR] ‚úÖ SL Confirmado.
[2025-12-01 13:24:28] [CONTRALOR] Posici√≥n 0E7ADE7E (TREND) bajo custodia.
[2025-12-01 13:24:32] [CEREBRO] Gatillo SHORT (TREND) Armado. Ref: 164.40
[2025-12-01 13:24:36] [CEREBRO] DISPARO SHORT CONFIRMADO.
[2025-12-01 13:24:36] [TIRADOR] AUTORIZADO SHORT (TREND). Precio: 163.94. Margen: 100.00
[2025-12-01 13:24:36] [GESTOR] INTENTO ENTRADA 734B6BDA: SELL 3.0
[2025-12-01 13:24:37] [MANUAL] !!! P√ÅNICO ACTIVADO POR USUARIO !!!
[2025-12-01 13:24:37] [CONTRALOR] EJECUTANDO CIERRE DE P√ÅNICO.
[2025-12-01 13:24:37] [GESTOR] Forzando cierre posici√≥n SHORT (3.000)
[2025-12-01 13:24:37] [GESTOR] Orden CONFIRMADA. ID: 70772973
[2025-12-01 13:24:37] [GESTOR] Forzando cierre posici√≥n SHORT (3.000)
[2025-12-01 13:24:37] [GESTOR] ‚úÖ SL Confirmado.
[2025-12-01 13:24:37] [CONTRALOR] Posici√≥n 734B6BDA (TREND) bajo custodia.
[2025-12-01 13:24:37] [GESTOR] Forzando cierre posici√≥n SHORT (3.000)
[2025-12-01 13:24:38] [GESTOR] Forzando cierre posici√≥n SHORT (3.000)
[2025-12-01 13:24:38] [CONTRALOR] Cartera limpia.
[2025-12-01 13:25:24] [MANUAL] !!! P√ÅNICO ACTIVADO POR USUARIO !!!
[2025-12-01 13:25:25] [CONTRALOR] EJECUTANDO CIERRE DE P√ÅNICO.
[2025-12-01 13:25:25] [GESTOR] Forzando cierre posici√≥n SHORT (3.000)
[2025-12-01 13:25:25] [CONTRALOR] Cartera limpia.
[2025-12-01 13:40:38] [CEREBRO] Gatillo SHORT (TREND) Armado. Ref: 164.14
[2025-12-01 13:41:16] [CEREBRO] Gatillo SHORT (TREND) Armado. Ref: 164.14
[2025-12-01 13:41:56] [CEREBRO] Gatillo SHORT (TREND) Armado. Ref: 164.14
[2025-12-01 13:42:16] [CEREBRO] DISPARO SHORT CONFIRMADO.
[2025-12-01 13:42:16] [TIRADOR] AUTORIZADO SHORT (TREND). Precio: 164.14. Margen: 100.00
[2025-12-01 13:42:16] [GESTOR] INTENTO ENTRADA 379139F7: SELL 3.0
[2025-12-01 13:42:17] [GESTOR] Orden CONFIRMADA. ID: 70774088
[2025-12-01 13:42:17] [GESTOR] ‚úÖ SL Confirmado.
[2025-12-01 13:42:17] [CONTRALOR] Posici√≥n 379139F7 (TREND) bajo custodia.
[2025-12-01 13:42:20] [CEREBRO] Gatillo SHORT (TREND) Armado. Ref: 164.14
[2025-12-01 13:42:24] [CEREBRO] DISPARO SHORT CONFIRMADO.
[2025-12-01 13:42:24] [TIRADOR] AUTORIZADO SHORT (TREND). Precio: 163.97. Margen: 100.00
[2025-12-01 13:42:24] [GESTOR] INTENTO ENTRADA 4F5DCA95: SELL 3.0
[2025-12-01 13:42:25] [GESTOR] Orden CONFIRMADA. ID: 70774099
[2025-12-01 13:42:25] [GESTOR] ‚úÖ SL Confirmado.
[2025-12-01 13:42:25] [CONTRALOR] Posici√≥n 4F5DCA95 (TREND) bajo custodia.
[2025-12-01 13:44:20] [CEREBRO] Gatillo SHORT (TREND) Armado. Ref: 164.10
[2025-12-01 13:44:57] [CEREBRO] Gatillo SHORT (TREND) Armado. Ref: 164.10
[2025-12-01 13:49:24] [SYSTEM] --- CIERRE DE SESI√ìN ---
[2025-12-01 17:46:29] [GESTOR] Precisi√≥n calibrada para AAVEUSDT: 1 decimales.
[2025-12-01 17:46:29] [HIM] M√≥dulo de Intervenci√≥n Manual (Teclado) Activo.
[2025-12-01 17:46:29] [TELEGRAM] Bot de Telegram escuchando comandos.
[2025-12-01 17:46:29] [SYSTEM] --- INICIO DE SESI√ìN ---
[2025-12-01 17:49:13] [CEREBRO] Gatillo LONG (TREND) Armado. Ref: 168.25
[2025-12-01 17:49:51] [CEREBRO] Gatillo LONG (TREND) Armado. Ref: 168.25
[2025-12-01 17:50:27] [CEREBRO] Gatillo LONG (TREND) Armado. Ref: 168.25
[2025-12-01 17:51:03] [CEREBRO] Gatillo LONG (TREND) Armado. Ref: 168.26
[2025-12-01 17:51:40] [CEREBRO] Gatillo LONG (TREND) Armado. Ref: 168.26
[2025-12-01 17:52:17] [CEREBRO] Gatillo LONG (TREND) Armado. Ref: 168.26
[2025-12-01 17:52:21] [CEREBRO] DISPARO LONG CONFIRMADO.
[2025-12-01 17:52:21] [TIRADOR] AUTORIZADO LONG (TREND). Precio: 168.28. Margen: 100.00
[2025-12-01 17:52:22] [GESTOR] INTENTO ENTRADA 1B3BE99C: BUY 3.0
[2025-12-01 17:52:24] [GESTOR] Orden CONFIRMADA. ID: 70792463
[2025-12-01 17:52:24] [GESTOR] ‚úÖ SL Confirmado.
[2025-12-01 17:52:24] [CONTRALOR] Posici√≥n 1B3BE99C (TREND) bajo custodia.
[2025-12-01 17:58:07] [CEREBRO] Gatillo LONG (TREND) Armado. Ref: 168.28
[2025-12-01 17:58:43] [CEREBRO] Gatillo LONG (TREND) Armado. Ref: 168.28
[2025-12-01 17:59:18] [CEREBRO] Gatillo LONG (TREND) Armado. Ref: 168.28
[2025-12-01 17:59:53] [CEREBRO] Gatillo LONG (TREND) Armado. Ref: 168.28
[2025-12-01 18:15:21] [CEREBRO] Gatillo LONG (TREND) Armado. Ref: 168.51
[2025-12-01 18:15:34] [CEREBRO] DISPARO LONG CONFIRMADO.
[2025-12-01 18:15:38] [CEREBRO] Gatillo LONG (TREND) Armado. Ref: 168.51
[2025-12-01 18:15:59] [CEREBRO] DISPARO LONG CONFIRMADO.
[2025-12-01 18:16:02] [CEREBRO] Gatillo LONG (TREND) Armado. Ref: 168.51
[2025-12-01 18:16:22] [CEREBRO] DISPARO LONG CONFIRMADO.
[2025-12-01 18:16:27] [CEREBRO] Gatillo LONG (TREND) Armado. Ref: 168.51
[2025-12-01 18:16:29] [CEREBRO] DISPARO LONG CONFIRMADO.
[2025-12-01 18:16:32] [CEREBRO] Gatillo LONG (TREND) Armado. Ref: 168.51
[2025-12-01 18:16:36] [CEREBRO] DISPARO LONG CONFIRMADO.
[2025-12-01 18:16:40] [CEREBRO] Gatillo LONG (TREND) Armado. Ref: 168.51
[2025-12-01 18:17:17] [CEREBRO] Gatillo LONG (TREND) Armado. Ref: 168.51
[2025-12-01 18:17:20] [CEREBRO] DISPARO LONG CONFIRMADO.
[2025-12-01 18:19:29] [CEREBRO] Gatillo LONG (TREND) Armado. Ref: 168.59
[2025-12-01 18:19:33] [CEREBRO] DISPARO LONG CONFIRMADO.
[2025-12-01 18:19:36] [CEREBRO] Gatillo LONG (TREND) Armado. Ref: 168.59
[2025-12-01 18:19:38] [CEREBRO] DISPARO LONG CONFIRMADO.
[2025-12-01 18:19:42] [CEREBRO] Gatillo LONG (TREND) Armado. Ref: 168.59
[2025-12-01 18:19:45] [CEREBRO] DISPARO LONG CONFIRMADO.
[2025-12-01 18:19:49] [CEREBRO] Gatillo LONG (TREND) Armado. Ref: 168.59
[2025-12-01 18:19:52] [CEREBRO] DISPARO LONG CONFIRMADO.
[2025-12-01 18:19:55] [CEREBRO] Gatillo LONG (TREND) Armado. Ref: 168.59
[2025-12-01 18:19:58] [CEREBRO] DISPARO LONG CONFIRMADO.
[2025-12-01 18:20:00] [CEREBRO] Gatillo LONG (TREND) Armado. Ref: 168.59
[2025-12-01 18:20:04] [CEREBRO] DISPARO LONG CONFIRMADO.
[2025-12-01 18:20:07] [CEREBRO] Gatillo LONG (TREND) Armado. Ref: 168.59
[2025-12-01 18:20:11] [CEREBRO] DISPARO LONG CONFIRMADO.
[2025-12-01 18:20:15] [CEREBRO] Gatillo LONG (TREND) Armado. Ref: 168.59
[2025-12-01 18:20:19] [CEREBRO] DISPARO LONG CONFIRMADO.
[2025-12-01 18:20:21] [CEREBRO] Gatillo LONG (TREND) Armado. Ref: 168.59
[2025-12-01 18:20:25] [CEREBRO] DISPARO LONG CONFIRMADO.
[2025-12-01 18:20:29] [CEREBRO] Gatillo LONG (TREND) Armado. Ref: 168.59
[2025-12-01 18:20:32] [CEREBRO] DISPARO LONG CONFIRMADO.
[2025-12-01 18:20:35] [CEREBRO] Gatillo LONG (TREND) Armado. Ref: 168.59
[2025-12-01 18:20:39] [CEREBRO] DISPARO LONG CONFIRMADO.
[2025-12-01 18:20:42] [CEREBRO] Gatillo LONG (TREND) Armado. Ref: 168.59
[2025-12-01 18:20:45] [CEREBRO] DISPARO LONG CONFIRMADO.
[2025-12-01 18:20:48] [CEREBRO] Gatillo LONG (TREND) Armado. Ref: 168.59
[2025-12-01 18:20:51] [CEREBRO] DISPARO LONG CONFIRMADO.
[2025-12-01 18:20:55] [CEREBRO] Gatillo LONG (TREND) Armado. Ref: 168.59
[2025-12-01 18:20:58] [CEREBRO] DISPARO LONG CONFIRMADO.
[2025-12-01 18:21:02] [CEREBRO] Gatillo LONG (TREND) Armado. Ref: 168.59
[2025-12-01 18:21:06] [CEREBRO] DISPARO LONG CONFIRMADO.
[2025-12-01 18:21:09] [CEREBRO] Gatillo LONG (TREND) Armado. Ref: 168.59
[2025-12-01 18:21:12] [CEREBRO] DISPARO LONG CONFIRMADO.
[2025-12-01 18:21:15] [CEREBRO] Gatillo LONG (TREND) Armado. Ref: 168.59
[2025-12-01 18:21:19] [CEREBRO] DISPARO LONG CONFIRMADO.
[2025-12-01 18:25:55] [TELEGRAM] Comando recibido: /report
[2025-12-01 18:27:44] [TELEGRAM] Comando recibido: /report
[2025-12-01 18:42:21] [TELEGRAM] Comando recibido: /report
[2025-12-01 18:48:50] [TELEGRAM] Comando recibido: /report
[2025-12-01 18:57:05] [TELEGRAM] Comando recibido: /panic
[2025-12-01 18:57:05] [CONTRALOR] EJECUTANDO CIERRE DE P√ÅNICO.
[2025-12-01 18:57:05] [GESTOR] Forzando cierre posici√≥n LONG (3.000)
[2025-12-01 18:57:06] [CONTRALOR] Cartera limpia.
[2025-12-01 18:57:25] [TELEGRAM] Comando recibido: /report
[2025-12-01 19:05:11] [CEREBRO] Gatillo LONG (TREND) Armado. Ref: 171.33
[2025-12-01 19:05:49] [CEREBRO] Gatillo LONG (TREND) Armado. Ref: 171.33
[2025-12-01 19:06:29] [CEREBRO] Gatillo LONG (TREND) Armado. Ref: 171.33
[2025-12-01 19:07:08] [CEREBRO] Gatillo LONG (TREND) Armado. Ref: 171.33
[2025-12-01 19:23:07] [CEREBRO] Gatillo SHORT (SCALP_BB) Armado. Ref: 171.82
[2025-12-01 19:42:38] [TELEGRAM] Comando recibido: /report
[2025-12-01 19:47:00] [CEREBRO] Gatillo LONG (TREND) Armado. Ref: 172.20
[2025-12-01 19:47:07] [CEREBRO] DISPARO LONG CONFIRMADO.
[2025-12-01 19:47:07] [TIRADOR] AUTORIZADO LONG (TREND). Precio: 172.21. Margen: 100.00
[2025-12-01 19:47:07] [GESTOR] INTENTO ENTRADA E7898D4A: BUY 2.9
[2025-12-01 19:47:08] [GESTOR] Orden CONFIRMADA. ID: 70803040
[2025-12-01 19:47:09] [GESTOR] ‚úÖ SL Confirmado.
[2025-12-01 19:47:09] [CONTRALOR] Posici√≥n E7898D4A (TREND) bajo custodia.
[2025-12-01 19:47:11] [CEREBRO] Gatillo LONG (TREND) Armado. Ref: 172.20
[2025-12-01 19:47:14] [CEREBRO] DISPARO LONG CONFIRMADO.
[2025-12-01 19:47:18] [CEREBRO] Gatillo LONG (TREND) Armado. Ref: 172.20
[2025-12-01 19:47:22] [CEREBRO] DISPARO LONG CONFIRMADO.
[2025-12-01 19:47:26] [CEREBRO] Gatillo LONG (TREND) Armado. Ref: 172.20
[2025-12-01 19:47:30] [CEREBRO] DISPARO LONG CONFIRMADO.
[2025-12-01 19:47:33] [CEREBRO] Gatillo LONG (TREND) Armado. Ref: 172.20
[2025-12-01 19:48:14] [CEREBRO] Gatillo LONG (TREND) Armado. Ref: 172.20
[2025-12-01 19:54:13] [CEREBRO] Gatillo LONG (SCALP_BB) Armado. Ref: 171.76
[2025-12-01 19:54:50] [CEREBRO] Gatillo LONG (SCALP_BB) Armado. Ref: 171.76
[2025-12-01 19:55:28] [CEREBRO] Gatillo LONG (SCALP_BB) Armado. Ref: 171.76
[2025-12-01 19:56:03] [CEREBRO] Gatillo LONG (SCALP_BB) Armado. Ref: 171.67
[2025-12-01 19:56:20] [CEREBRO] DISPARO LONG CONFIRMADO.
[2025-12-01 19:56:22] [CEREBRO] Gatillo LONG (SCALP_BB) Armado. Ref: 171.67
[2025-12-01 19:56:29] [CEREBRO] DISPARO LONG CONFIRMADO.
[2025-12-01 19:56:36] [CEREBRO] Gatillo LONG (SCALP_BB) Armado. Ref: 171.67
[2025-12-01 19:57:12] [CEREBRO] Gatillo LONG (SCALP_BB) Armado. Ref: 171.67
[2025-12-01 20:33:36] [CEREBRO] Gatillo LONG (TREND) Armado. Ref: 170.78
[2025-12-01 20:33:41] [CEREBRO] DISPARO LONG CONFIRMADO.
[2025-12-01 20:33:46] [CEREBRO] Gatillo LONG (TREND) Armado. Ref: 170.78
[2025-12-01 20:33:49] [CEREBRO] DISPARO LONG CONFIRMADO.
[2025-12-01 20:33:53] [CEREBRO] Gatillo LONG (TREND) Armado. Ref: 170.78
[2025-12-01 20:33:56] [CEREBRO] DISPARO LONG CONFIRMADO.
[2025-12-01 20:34:00] [CEREBRO] Gatillo LONG (TREND) Armado. Ref: 170.78
[2025-12-01 20:34:04] [CEREBRO] DISPARO LONG CONFIRMADO.
[2025-12-01 20:34:09] [CEREBRO] Gatillo LONG (TREND) Armado. Ref: 170.78
[2025-12-01 20:34:13] [CEREBRO] DISPARO LONG CONFIRMADO.
[2025-12-01 20:34:17] [CEREBRO] Gatillo LONG (TREND) Armado. Ref: 170.78
[2025-12-01 20:34:21] [CEREBRO] DISPARO LONG CONFIRMADO.
[2025-12-01 20:34:25] [CEREBRO] Gatillo LONG (TREND) Armado. Ref: 170.78
[2025-12-01 20:34:28] [CEREBRO] DISPARO LONG CONFIRMADO.
[2025-12-01 20:34:32] [CEREBRO] Gatillo LONG (TREND) Armado. Ref: 170.78
[2025-12-01 20:34:36] [CEREBRO] DISPARO LONG CONFIRMADO.
[2025-12-01 20:34:40] [CEREBRO] Gatillo LONG (TREND) Armado. Ref: 170.78
[2025-12-01 20:34:46] [CEREBRO] DISPARO LONG CONFIRMADO.
[2025-12-01 20:34:49] [CEREBRO] Gatillo LONG (TREND) Armado. Ref: 170.78
[2025-12-01 20:34:55] [CEREBRO] DISPARO LONG CONFIRMADO.
[2025-12-01 20:34:59] [CEREBRO] Gatillo LONG (TREND) Armado. Ref: 170.78
[2025-12-01 20:35:02] [CEREBRO] DISPARO LONG CONFIRMADO.
[2025-12-01 20:35:06] [CEREBRO] Gatillo LONG (TREND) Armado. Ref: 170.78
[2025-12-01 20:35:10] [CEREBRO] DISPARO LONG CONFIRMADO.
[2025-12-01 20:35:13] [CEREBRO] Gatillo LONG (TREND) Armado. Ref: 170.78
[2025-12-01 20:35:17] [CEREBRO] DISPARO LONG CONFIRMADO.
[2025-12-01 20:35:20] [CEREBRO] Gatillo LONG (TREND) Armado. Ref: 170.78
[2025-12-01 20:35:23] [CEREBRO] DISPARO LONG CONFIRMADO.
[2025-12-01 20:35:28] [CEREBRO] Gatillo LONG (TREND) Armado. Ref: 170.78
[2025-12-01 20:35:32] [CEREBRO] DISPARO LONG CONFIRMADO.
[2025-12-01 21:30:44] [CEREBRO] Gatillo LONG (TREND) Armado. Ref: 171.44
[2025-12-01 21:31:25] [CEREBRO] Gatillo LONG (TREND) Armado. Ref: 171.44
[2025-12-01 21:32:06] [CEREBRO] Gatillo LONG (TREND) Armado. Ref: 171.44
[2025-12-01 22:03:13] [CONTRALOR] ALERTA DCA E7898D4A.
[2025-12-01 22:03:13] [GESTOR] Ejecutando DCA E7898D4A-DCA...
[2025-12-01 22:03:14] [GESTOR] Protecciones actualizadas post-DCA.
[2025-12-01 22:18:15] [CEREBRO] Gatillo SHORT (TREND) Armado. Ref: 169.77
[2025-12-01 22:18:56] [CEREBRO] Gatillo SHORT (TREND) Armado. Ref: 169.77
[2025-12-01 22:19:38] [CEREBRO] Gatillo SHORT (TREND) Armado. Ref: 169.77
[2025-12-01 22:20:12] [CEREBRO] DISPARO SHORT CONFIRMADO.
[2025-12-01 22:20:16] [CEREBRO] Gatillo SHORT (TREND) Armado. Ref: 169.75
[2025-12-01 22:20:23] [CEREBRO] DISPARO SHORT CONFIRMADO.
[2025-12-01 22:20:26] [CEREBRO] Gatillo SHORT (TREND) Armado. Ref: 169.75
[2025-12-01 22:21:10] [CEREBRO] Gatillo SHORT (TREND) Armado. Ref: 169.75
[2025-12-01 22:21:51] [CEREBRO] Gatillo SHORT (TREND) Armado. Ref: 169.75
[2025-12-01 22:23:55] [CEREBRO] Gatillo SHORT (TREND) Armado. Ref: 169.72
[2025-12-01 22:23:58] [CEREBRO] DISPARO SHORT CONFIRMADO.
[2025-12-01 22:24:02] [CEREBRO] Gatillo SHORT (TREND) Armado. Ref: 169.72
[2025-12-01 22:24:07] [CEREBRO] DISPARO SHORT CONFIRMADO.
[2025-12-01 22:24:11] [CEREBRO] Gatillo SHORT (TREND) Armado. Ref: 169.72
[2025-12-01 22:24:15] [CEREBRO] DISPARO SHORT CONFIRMADO.
[2025-12-01 22:24:18] [CEREBRO] Gatillo SHORT (TREND) Armado. Ref: 169.72
[2025-12-01 22:24:22] [CEREBRO] DISPARO SHORT CONFIRMADO.
[2025-12-01 22:24:25] [CEREBRO] Gatillo SHORT (TREND) Armado. Ref: 169.72
[2025-12-01 22:24:32] [CEREBRO] DISPARO SHORT CONFIRMADO.
[2025-12-01 22:24:36] [CEREBRO] Gatillo SHORT (TREND) Armado. Ref: 169.72
[2025-12-01 22:24:40] [CEREBRO] DISPARO SHORT CONFIRMADO.
[2025-12-01 22:24:43] [CEREBRO] Gatillo SHORT (TREND) Armado. Ref: 169.72
[2025-12-01 22:24:46] [CEREBRO] DISPARO SHORT CONFIRMADO.
[2025-12-01 22:24:51] [CEREBRO] Gatillo SHORT (TREND) Armado. Ref: 169.72
[2025-12-01 22:24:55] [CEREBRO] DISPARO SHORT CONFIRMADO.
[2025-12-01 22:24:59] [CEREBRO] Gatillo SHORT (TREND) Armado. Ref: 169.72
[2025-12-01 22:25:04] [CEREBRO] DISPARO SHORT CONFIRMADO.
[2025-12-01 22:25:07] [CEREBRO] Gatillo SHORT (TREND) Armado. Ref: 169.72
[2025-12-01 22:25:40] [CEREBRO] DISPARO SHORT CONFIRMADO.
[2025-12-01 22:27:18] [CEREBRO] Gatillo SHORT (TREND) Armado. Ref: 169.76
[2025-12-01 22:27:59] [CEREBRO] Gatillo SHORT (TREND) Armado. Ref: 169.76
[2025-12-01 22:28:10] [CEREBRO] DISPARO SHORT CONFIRMADO.
[2025-12-01 22:28:14] [CEREBRO] Gatillo SHORT (TREND) Armado. Ref: 169.76
[2025-12-01 22:28:17] [CEREBRO] DISPARO SHORT CONFIRMADO.
[2025-12-01 22:28:21] [CEREBRO] Gatillo SHORT (TREND) Armado. Ref: 169.76
[2025-12-01 22:28:36] [CEREBRO] DISPARO SHORT CONFIRMADO.
[2025-12-01 22:28:42] [CEREBRO] Gatillo SHORT (TREND) Armado. Ref: 169.76
[2025-12-01 22:28:45] [CEREBRO] DISPARO SHORT CONFIRMADO.
[2025-12-01 22:28:49] [CEREBRO] Gatillo SHORT (TREND) Armado. Ref: 169.76
[2025-12-01 22:28:53] [CEREBRO] DISPARO SHORT CONFIRMADO.
[2025-12-01 22:28:56] [CEREBRO] Gatillo SHORT (TREND) Armado. Ref: 169.76
[2025-12-01 22:29:01] [CEREBRO] DISPARO SHORT CONFIRMADO.
[2025-12-01 22:29:04] [CEREBRO] Gatillo SHORT (TREND) Armado. Ref: 169.77
[2025-12-01 22:29:09] [CEREBRO] DISPARO SHORT CONFIRMADO.
[2025-12-01 22:29:13] [CEREBRO] Gatillo SHORT (TREND) Armado. Ref: 169.77
[2025-12-01 22:29:17] [CEREBRO] DISPARO SHORT CONFIRMADO.
[2025-12-01 22:29:20] [CEREBRO] Gatillo SHORT (TREND) Armado. Ref: 169.77
[2025-12-01 22:29:23] [CEREBRO] DISPARO SHORT CONFIRMADO.
[2025-12-01 22:29:27] [CEREBRO] Gatillo SHORT (TREND) Armado. Ref: 169.77
[2025-12-01 22:29:31] [CEREBRO] DISPARO SHORT CONFIRMADO.
[2025-12-01 22:29:34] [CEREBRO] Gatillo SHORT (TREND) Armado. Ref: 169.77
[2025-12-01 22:29:37] [CEREBRO] DISPARO SHORT CONFIRMADO.
[2025-12-01 22:29:41] [CEREBRO] Gatillo SHORT (TREND) Armado. Ref: 169.77
[2025-12-01 22:29:44] [CEREBRO] DISPARO SHORT CONFIRMADO.
[2025-12-01 22:29:48] [CEREBRO] Gatillo SHORT (TREND) Armado. Ref: 169.77
[2025-12-01 22:29:52] [CEREBRO] DISPARO SHORT CONFIRMADO.
[2025-12-01 22:29:56] [CEREBRO] Gatillo SHORT (TREND) Armado. Ref: 169.77
[2025-12-01 22:29:59] [CEREBRO] DISPARO SHORT CONFIRMADO.
[2025-12-01 22:30:03] [CEREBRO] Gatillo SHORT (TREND) Armado. Ref: 169.77
[2025-12-01 22:30:07] [CEREBRO] DISPARO SHORT CONFIRMADO.
[2025-12-01 22:30:11] [CEREBRO] Gatillo SHORT (TREND) Armado. Ref: 169.77
[2025-12-01 22:30:14] [CEREBRO] DISPARO SHORT CONFIRMADO.
[2025-12-01 22:30:18] [CEREBRO] Gatillo SHORT (TREND) Armado. Ref: 169.77
[2025-12-01 22:30:21] [CEREBRO] DISPARO SHORT CONFIRMADO.
[2025-12-01 22:30:25] [CEREBRO] Gatillo SHORT (TREND) Armado. Ref: 169.77
[2025-12-01 22:30:28] [CEREBRO] DISPARO SHORT CONFIRMADO.
[2025-12-01 22:30:32] [CEREBRO] Gatillo SHORT (TREND) Armado. Ref: 169.77
[2025-12-01 22:30:36] [CEREBRO] DISPARO SHORT CONFIRMADO.
[2025-12-01 22:30:40] [CEREBRO] Gatillo SHORT (TREND) Armado. Ref: 169.77
[2025-12-01 22:30:43] [CEREBRO] DISPARO SHORT CONFIRMADO.
[2025-12-01 22:30:47] [CEREBRO] Gatillo SHORT (TREND) Armado. Ref: 169.77
[2025-12-01 22:30:50] [CEREBRO] DISPARO SHORT CONFIRMADO.
[2025-12-01 22:30:54] [CEREBRO] Gatillo SHORT (TREND) Armado. Ref: 169.77
[2025-12-01 22:30:59] [CEREBRO] DISPARO SHORT CONFIRMADO.
[2025-12-01 22:31:02] [CEREBRO] Gatillo SHORT (TREND) Armado. Ref: 169.77
[2025-12-01 22:31:06] [CEREBRO] DISPARO SHORT CONFIRMADO.
[2025-12-01 23:06:10] [CEREBRO] Gatillo LONG (SCALP_BB) Armado. Ref: 169.01
[2025-12-01 23:06:50] [CEREBRO] Gatillo LONG (SCALP_BB) Armado. Ref: 169.01
[2025-12-01 23:07:24] [CEREBRO] DISPARO LONG CONFIRMADO.
[2025-12-01 23:07:28] [CEREBRO] Gatillo LONG (SCALP_BB) Armado. Ref: 168.96
[2025-12-01 23:07:45] [CEREBRO] DISPARO LONG CONFIRMADO.
[2025-12-01 23:08:03] [CEREBRO] Gatillo LONG (SCALP_BB) Armado. Ref: 168.96
[2025-12-01 23:08:10] [CEREBRO] DISPARO LONG CONFIRMADO.
[2025-12-01 23:08:17] [CEREBRO] Gatillo LONG (SCALP_BB) Armado. Ref: 168.96
[2025-12-01 23:08:28] [CEREBRO] DISPARO LONG CONFIRMADO.
[2025-12-01 23:26:49] [CONTRALOR] PRECIO TOC√ì SL (E7898D4A). Verificando...
[2025-12-01 23:26:49] [CONTRALOR] Forzando cierre de seguridad...
[2025-12-01 23:26:49] [GESTOR] Forzando cierre posici√≥n LONG (5.800)
[2025-12-01 23:28:17] [SYSTEM] --- CIERRE DE SESI√ìN ---
[2025-12-02 01:05:14] [GESTOR] Precisi√≥n calibrada para AAVEUSDT: 1 decimales.
[2025-12-02 01:05:14] [CEREBRO] Base de datos FVG actualizada: 21 zonas.
[2025-12-02 01:05:14] [HIM] M√≥dulo de Intervenci√≥n Manual (Teclado) Activo.
[2025-12-02 01:05:14] [TELEGRAM] Bot de Telegram escuchando comandos.
[2025-12-02 01:05:14] [SYSTEM] --- INICIO DE SESI√ìN ---
[2025-12-02 01:05:16] [CEREBRO] Base de datos FVG actualizada: 21 zonas.
[2025-12-02 01:06:16] [CEREBRO] Base de datos FVG actualizada: 21 zonas.
[2025-12-02 01:07:17] [CEREBRO] Base de datos FVG actualizada: 21 zonas.
[2025-12-02 01:08:18] [CEREBRO] Base de datos FVG actualizada: 21 zonas.
[2025-12-02 01:09:19] [CEREBRO] Base de datos FVG actualizada: 21 zonas.
[2025-12-02 01:10:21] [CEREBRO] Base de datos FVG actualizada: 21 zonas.
[2025-12-02 01:11:21] [CEREBRO] Base de datos FVG actualizada: 21 zonas.
[2025-12-02 01:12:23] [CEREBRO] Base de datos FVG actualizada: 21 zonas.
[2025-12-02 01:13:25] [CEREBRO] Base de datos FVG actualizada: 21 zonas.
[2025-12-02 01:14:23] [CEREBRO] Gatillo SHORT (TREND) Armado.
[2025-12-02 01:14:27] [CEREBRO] Base de datos FVG actualizada: 21 zonas.
[2025-12-02 01:14:51] [TIRADOR] AUTORIZADO SHORT (TREND). Margen: 50.00 (5.0%)
[2025-12-02 01:14:52] [GESTOR] INTENTO ENTRADA E71ECAC5: SELL 1.5
[2025-12-02 01:14:53] [GESTOR] Orden CONFIRMADA. ID: 70826717
[2025-12-02 01:14:53] [GESTOR] ‚úÖ SL Confirmado.
[2025-12-02 01:14:53] [CONTRALOR] Posici√≥n E71ECAC5 registrada en Bit√°cora.
[2025-12-02 01:14:56] [CEREBRO] Gatillo SHORT (TREND) Armado.
[2025-12-02 01:15:23] [CEREBRO] Gatillo SHORT (TREND) Armado.
[2025-12-02 01:15:28] [CEREBRO] Base de datos FVG actualizada: 21 zonas.
[2025-12-02 01:15:28] [CEREBRO] Gatillo SHORT (TREND) Armado.
[2025-12-02 01:15:34] [CEREBRO] Gatillo SHORT (TREND) Armado.
[2025-12-02 01:15:40] [CEREBRO] Gatillo SHORT (TREND) Armado.
[2025-12-02 01:16:14] [CEREBRO] Gatillo SHORT (TREND) Armado.
[2025-12-02 01:16:20] [CEREBRO] Gatillo SHORT (TREND) Armado.
[2025-12-02 01:16:27] [CEREBRO] Gatillo SHORT (TREND) Armado.
[2025-12-02 01:16:29] [CEREBRO] Base de datos FVG actualizada: 21 zonas.
[2025-12-02 01:16:33] [CEREBRO] Gatillo SHORT (TREND) Armado.
[2025-12-02 01:16:40] [CEREBRO] Gatillo SHORT (TREND) Armado.
[2025-12-02 01:17:10] [CEREBRO] Gatillo SHORT (TREND) Armado.
[2025-12-02 01:17:16] [CEREBRO] Gatillo SHORT (TREND) Armado.
[2025-12-02 01:17:22] [CEREBRO] Gatillo SHORT (TREND) Armado.
[2025-12-02 01:17:28] [CEREBRO] Gatillo SHORT (TREND) Armado.
[2025-12-02 01:17:31] [CEREBRO] Base de datos FVG actualizada: 21 zonas.
[2025-12-02 01:17:34] [CEREBRO] Gatillo SHORT (TREND) Armado.
[2025-12-02 01:17:40] [CEREBRO] Gatillo SHORT (TREND) Armado.
[2025-12-02 01:17:46] [CEREBRO] Gatillo SHORT (TREND) Armado.
[2025-12-02 01:18:33] [CEREBRO] Base de datos FVG actualizada: 21 zonas.
[2025-12-02 01:19:35] [CEREBRO] Base de datos FVG actualizada: 21 zonas.
[2025-12-02 01:20:36] [CEREBRO] Base de datos FVG actualizada: 21 zonas.
[2025-12-02 01:21:36] [CEREBRO] Base de datos FVG actualizada: 21 zonas.
[2025-12-02 01:22:10] [MANUAL] Usuario solicit√≥ entrada SHORT v√≠a Teclado.
[2025-12-02 01:22:39] [CEREBRO] Base de datos FVG actualizada: 21 zonas.
[2025-12-02 01:23:42] [CEREBRO] Base de datos FVG actualizada: 21 zonas.
[2025-12-02 01:24:44] [CEREBRO] Base de datos FVG actualizada: 21 zonas.
[2025-12-02 01:25:44] [CEREBRO] Base de datos FVG actualizada: 21 zonas.
[2025-12-02 01:26:47] [CEREBRO] Base de datos FVG actualizada: 21 zonas.
[2025-12-02 01:27:48] [CEREBRO] Base de datos FVG actualizada: 21 zonas.
[2025-12-02 01:27:54] [CEREBRO] Gatillo LONG (SCALP_BB) Armado.
[2025-12-02 01:28:27] [CEREBRO] Gatillo LONG (SCALP_BB) Armado.
[2025-12-02 01:28:49] [CEREBRO] Base de datos FVG actualizada: 21 zonas.
[2025-12-02 01:29:01] [CEREBRO] Gatillo LONG (SCALP_BB) Armado.
[2025-12-02 01:29:36] [CEREBRO] Gatillo LONG (SCALP_BB) Armado.
[2025-12-02 01:29:52] [CEREBRO] Base de datos FVG actualizada: 21 zonas.
[2025-12-02 01:30:10] [CEREBRO] Gatillo LONG (SCALP_BB) Armado.
[2025-12-02 01:30:55] [CEREBRO] Base de datos FVG actualizada: 21 zonas.
[2025-12-02 01:31:55] [CEREBRO] Base de datos FVG actualizada: 21 zonas.
[2025-12-02 01:32:56] [CEREBRO] Base de datos FVG actualizada: 21 zonas.
[2025-12-02 01:33:57] [CEREBRO] Base de datos FVG actualizada: 21 zonas.
[2025-12-02 01:34:58] [CEREBRO] Base de datos FVG actualizada: 21 zonas.
[2025-12-02 01:36:02] [CEREBRO] Base de datos FVG actualizada: 21 zonas.
[2025-12-02 01:37:02] [CEREBRO] Base de datos FVG actualizada: 21 zonas.
[2025-12-02 01:38:03] [CEREBRO] Base de datos FVG actualizada: 21 zonas.
[2025-12-02 01:39:05] [CEREBRO] Base de datos FVG actualizada: 21 zonas.
[2025-12-02 01:40:07] [CEREBRO] Base de datos FVG actualizada: 21 zonas.
[2025-12-02 01:41:10] [CEREBRO] Base de datos FVG actualizada: 21 zonas.
[2025-12-02 01:42:11] [CEREBRO] Base de datos FVG actualizada: 21 zonas.
[2025-12-02 01:43:11] [CEREBRO] Base de datos FVG actualizada: 21 zonas.
[2025-12-02 01:44:12] [CEREBRO] Base de datos FVG actualizada: 21 zonas.
[2025-12-02 01:45:13] [CEREBRO] Base de datos FVG actualizada: 21 zonas.
[2025-12-02 01:46:15] [CEREBRO] Base de datos FVG actualizada: 21 zonas.
[2025-12-02 01:47:17] [CEREBRO] Base de datos FVG actualizada: 21 zonas.
[2025-12-02 01:47:59] [CEREBRO] Gatillo SHORT (TREND) Armado.
[2025-12-02 01:48:18] [CEREBRO] Base de datos FVG actualizada: 21 zonas.
[2025-12-02 01:48:34] [CEREBRO] Gatillo SHORT (TREND) Armado.
[2025-12-02 01:49:11] [CEREBRO] Gatillo SHORT (TREND) Armado.
[2025-12-02 01:49:23] [CEREBRO] Base de datos FVG actualizada: 21 zonas.
[2025-12-02 01:49:52] [CEREBRO] Gatillo SHORT (TREND) Armado.
[2025-12-02 01:50:24] [CEREBRO] Base de datos FVG actualizada: 21 zonas.
[2025-12-02 01:50:24] [CEREBRO] Gatillo SHORT (TREND) Armado.
[2025-12-02 01:51:00] [CEREBRO] Gatillo SHORT (TREND) Armado.
[2025-12-02 01:51:24] [CEREBRO] Base de datos FVG actualizada: 21 zonas.
[2025-12-02 01:51:34] [CEREBRO] Gatillo SHORT (TREND) Armado.
[2025-12-02 01:52:09] [CEREBRO] Gatillo SHORT (TREND) Armado.
[2025-12-02 01:52:26] [CEREBRO] Base de datos FVG actualizada: 21 zonas.
[2025-12-02 01:52:40] [CEREBRO] Gatillo SHORT (TREND) Armado.
[2025-12-02 01:53:13] [CEREBRO] Gatillo SHORT (TREND) Armado.
[2025-12-02 01:53:28] [CEREBRO] Base de datos FVG actualizada: 21 zonas.
[2025-12-02 01:53:48] [CEREBRO] Gatillo SHORT (TREND) Armado.
[2025-12-02 01:54:03] [CEREBRO] Gatillo SHORT (TREND) Armado.
[2025-12-02 01:54:09] [CEREBRO] Gatillo SHORT (TREND) Armado.
[2025-12-02 01:54:32] [CEREBRO] Base de datos FVG actualizada: 21 zonas.
[2025-12-02 01:54:44] [CEREBRO] Gatillo SHORT (TREND) Armado.
[2025-12-02 01:55:20] [CEREBRO] Gatillo SHORT (TREND) Armado.
[2025-12-02 01:55:33] [CEREBRO] Base de datos FVG actualizada: 21 zonas.
[2025-12-02 01:55:55] [CEREBRO] Gatillo SHORT (TREND) Armado.
[2025-12-02 01:56:11] [CEREBRO] Gatillo SHORT (TREND) Armado.
[2025-12-02 01:56:37] [CEREBRO] Base de datos FVG actualizada: 21 zonas.
[2025-12-02 01:56:46] [CEREBRO] Gatillo SHORT (TREND) Armado.
[2025-12-02 01:57:20] [CEREBRO] Gatillo SHORT (TREND) Armado.
[2025-12-02 01:57:40] [CEREBRO] Base de datos FVG actualizada: 21 zonas.
[2025-12-02 01:57:54] [CEREBRO] Gatillo SHORT (TREND) Armado.
[2025-12-02 01:58:27] [CEREBRO] Gatillo SHORT (TREND) Armado.
[2025-12-02 01:58:42] [CEREBRO] Base de datos FVG actualizada: 21 zonas.
[2025-12-02 01:59:00] [CEREBRO] Gatillo SHORT (TREND) Armado.
[2025-12-02 01:59:38] [CEREBRO] Gatillo SHORT (TREND) Armado.
[2025-12-02 01:59:43] [CEREBRO] Base de datos FVG actualizada: 21 zonas.
[2025-12-02 02:00:12] [CEREBRO] Gatillo SHORT (TREND) Armado.
[2025-12-02 02:00:46] [CEREBRO] Base de datos FVG actualizada: 21 zonas.
[2025-12-02 02:00:46] [CEREBRO] Gatillo SHORT (TREND) Armado.
[2025-12-02 02:01:19] [CEREBRO] Gatillo SHORT (TREND) Armado.
[2025-12-02 02:01:48] [CEREBRO] Base de datos FVG actualizada: 21 zonas.
[2025-12-02 02:01:55] [CEREBRO] Gatillo SHORT (TREND) Armado.
[2025-12-02 02:02:29] [CEREBRO] Gatillo SHORT (TREND) Armado.
[2025-12-02 02:02:42] [CEREBRO] Gatillo SHORT (TREND) Armado.
[2025-12-02 02:02:48] [CEREBRO] Base de datos FVG actualizada: 21 zonas.
[2025-12-02 02:02:48] [CEREBRO] Gatillo SHORT (TREND) Armado.
[2025-12-02 02:02:54] [CEREBRO] Gatillo SHORT (TREND) Armado.
[2025-12-02 02:03:01] [CEREBRO] Gatillo SHORT (TREND) Armado.
[2025-12-02 02:03:08] [CEREBRO] Gatillo SHORT (TREND) Armado.
[2025-12-02 02:03:14] [CEREBRO] Gatillo SHORT (TREND) Armado.
[2025-12-02 02:03:21] [CEREBRO] Gatillo SHORT (TREND) Armado.
[2025-12-02 02:03:26] [CEREBRO] Gatillo SHORT (TREND) Armado.
[2025-12-02 02:03:33] [CEREBRO] Gatillo SHORT (TREND) Armado.
[2025-12-02 02:03:52] [CEREBRO] Base de datos FVG actualizada: 21 zonas.
[2025-12-02 02:04:55] [CEREBRO] Base de datos FVG actualizada: 21 zonas.
[2025-12-02 02:05:56] [CEREBRO] Base de datos FVG actualizada: 21 zonas.
[2025-12-02 02:07:01] [CEREBRO] Base de datos FVG actualizada: 21 zonas.
[2025-12-02 02:08:04] [CEREBRO] Base de datos FVG actualizada: 21 zonas.
[2025-12-02 02:09:06] [CEREBRO] Base de datos FVG actualizada: 21 zonas.
[2025-12-02 02:10:08] [CEREBRO] Base de datos FVG actualizada: 21 zonas.
[2025-12-02 02:11:10] [CEREBRO] Base de datos FVG actualizada: 21 zonas.
[2025-12-02 02:12:11] [CEREBRO] Base de datos FVG actualizada: 21 zonas.
[2025-12-02 02:13:00] [MANUAL] Usuario solicit√≥ entrada SHORT v√≠a Teclado.
[2025-12-02 02:13:11] [CEREBRO] Base de datos FVG actualizada: 21 zonas.
[2025-12-02 02:14:14] [CEREBRO] Base de datos FVG actualizada: 21 zonas.
[2025-12-02 02:15:15] [CEREBRO] Base de datos FVG actualizada: 21 zonas.
[2025-12-02 02:16:19] [CEREBRO] Base de datos FVG actualizada: 21 zonas.
[2025-12-02 02:17:20] [CEREBRO] Base de datos FVG actualizada: 21 zonas.
[2025-12-02 02:18:24] [CEREBRO] Base de datos FVG actualizada: 21 zonas.
[2025-12-02 02:19:25] [CEREBRO] Base de datos FVG actualizada: 21 zonas.
[2025-12-02 02:20:28] [CEREBRO] Base de datos FVG actualizada: 21 zonas.
[2025-12-02 02:21:31] [CEREBRO] Base de datos FVG actualizada: 21 zonas.
[2025-12-02 02:22:34] [CEREBRO] Base de datos FVG actualizada: 21 zonas.
[2025-12-02 02:23:35] [CEREBRO] Base de datos FVG actualizada: 21 zonas.
[2025-12-02 02:24:37] [CEREBRO] Base de datos FVG actualizada: 21 zonas.
[2025-12-02 02:25:38] [CEREBRO] Base de datos FVG actualizada: 21 zonas.
[2025-12-02 02:26:39] [CEREBRO] Base de datos FVG actualizada: 21 zonas.
[2025-12-02 02:27:40] [CEREBRO] Base de datos FVG actualizada: 21 zonas.
[2025-12-02 02:28:12] [MANUAL] !!! P√ÅNICO ACTIVADO POR USUARIO !!!
[2025-12-02 02:28:12] [CONTRALOR] EJECUTANDO CIERRE DE P√ÅNICO.
[2025-12-02 02:28:12] [GESTOR] Forzando cierre posici√≥n BUY (1.500)
[2025-12-02 02:28:13] [CONTRALOR] Cartera limpia.
[2025-12-02 02:28:19] [CONTRALOR] ‚ö†Ô∏è Sincronizaci√≥n: Detectada posici√≥n no registrada (SHORT). Adoptando...
[2025-12-02 02:28:19] [CONTRALOR] Posici√≥n REC_1764656899 registrada en Bit√°cora.
[2025-12-02 02:28:20] [CONTRALOR] Stop Loss actualizado a 172.22
[2025-12-02 02:28:20] [CONTRALOR] REC_1764656899 toc√≥ BB MEDIA. Cerrando 50%.
[2025-12-02 02:28:21] [GESTOR] Ejecutando TP Parcial REC_1764656899: BUY 0.8 (SHORT)
[2025-12-02 02:28:22] [CONTRALOR] Stop Loss actualizado a 169.42
[2025-12-02 02:28:40] [MANUAL] !!! P√ÅNICO ACTIVADO POR USUARIO !!!
[2025-12-02 02:28:40] [CONTRALOR] EJECUTANDO CIERRE DE P√ÅNICO.
[2025-12-02 02:28:40] [GESTOR] Forzando cierre posici√≥n BUY (1.500)
[2025-12-02 02:28:40] [CEREBRO] Base de datos FVG actualizada: 21 zonas.
[2025-12-02 02:28:41] [CONTRALOR] Cartera limpia.
[2025-12-02 02:28:43] [MANUAL] !!! P√ÅNICO ACTIVADO POR USUARIO !!!
[2025-12-02 02:28:44] [CONTRALOR] EJECUTANDO CIERRE DE P√ÅNICO.
[2025-12-02 02:28:48] [SYSTEM] --- CIERRE DE SESI√ìN ---
[2025-12-02 13:05:13] [GESTOR] Precisi√≥n: 1
[2025-12-02 13:05:13] [CEREBRO] FVG DB: 21 zonas.
[2025-12-02 13:05:13] [HIM] M√≥dulo de Intervenci√≥n Manual (Teclado) Activo.
[2025-12-02 13:05:13] [TELEGRAM] Bot de Telegram escuchando comandos.
[2025-12-02 13:05:18] [CEREBRO] FVG DB: 21 zonas.
[2025-12-02 13:05:18] [TIRADOR] AUTORIZADO SHORT (SNIPER_FVG). Margen: 150.00
[2025-12-02 13:05:19] [GESTOR] Orden confirmada: 4.1 @ 184.22
[2025-12-02 13:05:19] [CONTRALOR] Posici√≥n E2DA7568 registrada en Bit√°cora.
[2025-12-02 13:06:22] [CEREBRO] FVG DB: 21 zonas.
[2025-12-02 13:07:32] [CEREBRO] FVG DB: 21 zonas.
[2025-12-02 13:08:33] [CEREBRO] FVG DB: 21 zonas.
[2025-12-02 13:09:46] [GESTOR] Precisi√≥n: 1
[2025-12-02 13:09:46] [CEREBRO] FVG DB: 21 zonas.
[2025-12-02 13:09:46] [HIM] M√≥dulo de Intervenci√≥n Manual (Teclado) Activo.
[2025-12-02 13:09:46] [TELEGRAM] Bot de Telegram escuchando comandos.
[2025-12-02 13:09:49] [CONTRALOR] ‚ö†Ô∏è Sincronizaci√≥n: Detectada posici√≥n no registrada (SHORT). Adoptando...
[2025-12-02 13:09:49] [CONTRALOR] Posici√≥n REC_1764695389 registrada en Bit√°cora.
[2025-12-02 13:09:51] [CONTRALOR] Stop Loss actualizado a 187.90
[2025-12-02 13:09:51] [CEREBRO] FVG DB: 21 zonas.
[2025-12-02 13:10:51] [CEREBRO] FVG DB: 21 zonas.
[2025-12-02 13:11:54] [CEREBRO] FVG DB: 21 zonas.
[2025-12-02 13:11:57] [MANUAL] !!! P√ÅNICO ACTIVADO POR USUARIO !!!
[2025-12-02 13:11:58] [CONTRALOR] EJECUTANDO CIERRE DE P√ÅNICO.
[2025-12-02 13:11:58] [CONTRALOR] Cartera limpia.
[2025-12-02 16:30:09] [GESTOR] Precisi√≥n: 1
[2025-12-02 16:30:09] [CEREBRO] FVG DB: 21 zonas.
[2025-12-02 16:30:09] [HIM] M√≥dulo de Intervenci√≥n Manual (Teclado) Activo.
[2025-12-02 16:30:09] [TELEGRAM] Bot de Telegram escuchando comandos.
[2025-12-02 16:30:11] [CEREBRO] FVG DB: 21 zonas.
[2025-12-02 16:31:13] [CEREBRO] FVG DB: 21 zonas.
[2025-12-02 16:32:14] [CEREBRO] FVG DB: 21 zonas.
[2025-12-02 16:33:16] [CEREBRO] FVG DB: 21 zonas.
[2025-12-02 16:34:18] [CEREBRO] FVG DB: 21 zonas.
[2025-12-02 16:35:19] [CEREBRO] FVG DB: 21 zonas.
[2025-12-02 16:36:19] [CEREBRO] FVG DB: 21 zonas.
[2025-12-02 16:37:20] [CEREBRO] FVG DB: 21 zonas.
[2025-12-02 16:38:23] [CEREBRO] FVG DB: 21 zonas.
[2025-12-02 16:39:23] [CEREBRO] FVG DB: 21 zonas.
[2025-12-02 16:40:25] [CEREBRO] FVG DB: 21 zonas.
[2025-12-02 16:41:28] [CEREBRO] FVG DB: 21 zonas.
[2025-12-02 16:42:30] [CEREBRO] FVG DB: 21 zonas.
[2025-12-02 16:43:31] [CEREBRO] FVG DB: 21 zonas.
[2025-12-02 16:44:33] [CEREBRO] FVG DB: 21 zonas.
[2025-12-02 16:45:34] [CEREBRO] FVG DB: 21 zonas.
[2025-12-02 16:46:37] [CEREBRO] FVG DB: 21 zonas.
[2025-12-02 16:47:37] [CEREBRO] FVG DB: 21 zonas.
[2025-12-02 16:48:41] [CEREBRO] FVG DB: 21 zonas.
[2025-12-02 16:49:43] [CEREBRO] FVG DB: 21 zonas.
[2025-12-02 16:50:44] [CEREBRO] FVG DB: 21 zonas.
[2025-12-02 16:51:46] [CEREBRO] FVG DB: 21 zonas.
[2025-12-02 16:52:47] [CEREBRO] FVG DB: 21 zonas.
[2025-12-02 16:53:51] [CEREBRO] FVG DB: 21 zonas.
[2025-12-02 16:54:52] [CEREBRO] FVG DB: 21 zonas.
[2025-12-02 16:55:52] [CEREBRO] FVG DB: 21 zonas.
[2025-12-02 16:56:53] [CEREBRO] FVG DB: 21 zonas.
[2025-12-02 16:57:55] [CEREBRO] FVG DB: 21 zonas.
[2025-12-02 16:58:56] [CEREBRO] FVG DB: 21 zonas.
[2025-12-02 16:59:57] [CEREBRO] FVG DB: 21 zonas.
[2025-12-02 17:00:57] [CEREBRO] FVG DB: 21 zonas.
[2025-12-02 17:01:58] [CEREBRO] FVG DB: 21 zonas.
[2025-12-02 17:03:00] [CEREBRO] FVG DB: 21 zonas.
[2025-12-02 17:04:03] [CEREBRO] FVG DB: 21 zonas.
[2025-12-02 17:05:06] [CEREBRO] FVG DB: 21 zonas.
[2025-12-02 17:06:09] [CEREBRO] FVG DB: 21 zonas.
[2025-12-02 17:06:28] [CEREBRO] Gatillo SHORT (TREND) Armado.
[2025-12-02 17:07:02] [CEREBRO] Gatillo SHORT (TREND) Armado.
[2025-12-02 17:07:12] [CEREBRO] FVG DB: 21 zonas.
[2025-12-02 17:07:36] [CEREBRO] Gatillo SHORT (TREND) Armado.
[2025-12-02 17:08:09] [CEREBRO] Gatillo SHORT (TREND) Armado.
[2025-12-02 17:08:12] [CEREBRO] FVG DB: 21 zonas.
[2025-12-02 17:09:13] [CEREBRO] FVG DB: 21 zonas.
[2025-12-02 17:10:14] [CEREBRO] FVG DB: 21 zonas.
[2025-12-02 17:11:15] [CEREBRO] FVG DB: 21 zonas.
[2025-12-02 17:12:16] [CEREBRO] FVG DB: 21 zonas.
[2025-12-02 17:13:17] [CEREBRO] FVG DB: 21 zonas.
[2025-12-02 17:14:19] [CEREBRO] FVG DB: 21 zonas.
[2025-12-02 17:15:20] [CEREBRO] FVG DB: 21 zonas.
[2025-12-02 17:16:22] [CEREBRO] FVG DB: 21 zonas.
[2025-12-02 17:17:24] [CEREBRO] FVG DB: 21 zonas.
[2025-12-02 17:18:26] [CEREBRO] FVG DB: 21 zonas.
[2025-12-02 17:19:26] [CEREBRO] FVG DB: 21 zonas.
[2025-12-02 17:20:35] [CEREBRO] FVG DB: 21 zonas.
[2025-12-02 17:21:38] [CEREBRO] FVG DB: 21 zonas.
[2025-12-02 17:22:39] [CEREBRO] FVG DB: 21 zonas.
[2025-12-02 17:23:40] [CEREBRO] FVG DB: 21 zonas.
[2025-12-02 17:24:43] [CEREBRO] FVG DB: 21 zonas.
[2025-12-02 17:25:45] [CEREBRO] FVG DB: 21 zonas.
[2025-12-02 17:26:46] [CEREBRO] FVG DB: 21 zonas.
[2025-12-02 17:27:49] [CEREBRO] FVG DB: 21 zonas.
[2025-12-02 17:28:52] [CEREBRO] FVG DB: 21 zonas.
[2025-12-02 17:29:54] [CEREBRO] FVG DB: 21 zonas.
[2025-12-02 17:30:56] [CEREBRO] FVG DB: 21 zonas.
[2025-12-02 17:31:57] [CEREBRO] FVG DB: 21 zonas.
[2025-12-02 17:32:59] [CEREBRO] FVG DB: 21 zonas.
[2025-12-02 17:33:59] [CEREBRO] FVG DB: 21 zonas.
[2025-12-02 17:35:00] [CEREBRO] FVG DB: 21 zonas.
[2025-12-02 17:36:02] [CEREBRO] FVG DB: 21 zonas.
[2025-12-02 17:37:04] [CEREBRO] FVG DB: 21 zonas.
[2025-12-02 17:38:06] [CEREBRO] FVG DB: 21 zonas.
[2025-12-02 17:39:08] [CEREBRO] FVG DB: 21 zonas.
[2025-12-02 17:40:11] [CEREBRO] FVG DB: 21 zonas.
[2025-12-02 17:41:11] [CEREBRO] FVG DB: 21 zonas.
[2025-12-02 17:42:13] [CEREBRO] FVG DB: 21 zonas.
[2025-12-02 17:43:14] [CEREBRO] FVG DB: 21 zonas.
[2025-12-02 17:44:16] [CEREBRO] FVG DB: 21 zonas.
[2025-12-02 17:45:18] [CEREBRO] FVG DB: 21 zonas.
[2025-12-02 17:46:19] [CEREBRO] FVG DB: 21 zonas.
[2025-12-02 17:47:22] [CEREBRO] FVG DB: 21 zonas.
[2025-12-02 17:48:22] [CEREBRO] FVG DB: 21 zonas.
[2025-12-02 17:49:22] [CEREBRO] FVG DB: 21 zonas.
[2025-12-02 17:50:23] [CEREBRO] FVG DB: 21 zonas.
[2025-12-02 17:50:36] [CEREBRO] Gatillo LONG (TREND) Armado.
[2025-12-02 17:51:08] [CEREBRO] Gatillo LONG (TREND) Armado.
[2025-12-02 17:51:20] [CEREBRO] DISPARO LONG CONFIRMADO.
[2025-12-02 17:51:20] [TIRADOR] AUTORIZADO LONG (TREND). Margen: 100.00
[2025-12-02 17:51:20] [GESTOR] Orden confirmada: 2.7 @ 187.44
[2025-12-02 17:51:21] [CONTRALOR] Posici√≥n E731EB0E registrada en Bit√°cora.
[2025-12-02 17:51:24] [CEREBRO] FVG DB: 21 zonas.
[2025-12-02 17:51:24] [CEREBRO] Gatillo LONG (TREND) Armado.
[2025-12-02 17:51:43] [CEREBRO] DISPARO LONG CONFIRMADO.
[2025-12-02 17:51:46] [CEREBRO] Gatillo LONG (TREND) Armado.
[2025-12-02 17:51:49] [CEREBRO] DISPARO LONG CONFIRMADO.
[2025-12-02 17:51:52] [CEREBRO] Gatillo LONG (TREND) Armado.
[2025-12-02 17:51:55] [CEREBRO] DISPARO LONG CONFIRMADO.
[2025-12-02 17:51:58] [CEREBRO] Gatillo LONG (TREND) Armado.
[2025-12-02 17:52:01] [CEREBRO] DISPARO LONG CONFIRMADO.
[2025-12-02 17:52:05] [CEREBRO] Gatillo LONG (TREND) Armado.
[2025-12-02 17:52:09] [CEREBRO] DISPARO LONG CONFIRMADO.
[2025-12-02 17:52:11] [CEREBRO] Gatillo LONG (TREND) Armado.
[2025-12-02 17:52:14] [CEREBRO] DISPARO LONG CONFIRMADO.
[2025-12-02 17:52:17] [CEREBRO] Gatillo LONG (TREND) Armado.
[2025-12-02 17:52:21] [CEREBRO] DISPARO LONG CONFIRMADO.
[2025-12-02 17:52:23] [CEREBRO] Gatillo LONG (TREND) Armado.
[2025-12-02 17:52:27] [CEREBRO] FVG DB: 21 zonas.
[2025-12-02 17:52:27] [CEREBRO] DISPARO LONG CONFIRMADO.
[2025-12-02 17:52:30] [CEREBRO] Gatillo LONG (TREND) Armado.
[2025-12-02 17:52:34] [CEREBRO] DISPARO LONG CONFIRMADO.
[2025-12-02 17:53:28] [CEREBRO] FVG DB: 21 zonas.
[2025-12-02 17:54:28] [CEREBRO] FVG DB: 21 zonas.
[2025-12-02 17:55:30] [CEREBRO] FVG DB: 21 zonas.
[2025-12-02 17:56:30] [CEREBRO] FVG DB: 21 zonas.
[2025-12-02 17:57:34] [CEREBRO] FVG DB: 21 zonas.
[2025-12-02 17:58:34] [CEREBRO] FVG DB: 21 zonas.
[2025-12-02 17:59:37] [CEREBRO] FVG DB: 21 zonas.
[2025-12-02 18:00:37] [CEREBRO] FVG DB: 21 zonas.
[2025-12-02 18:01:40] [CEREBRO] FVG DB: 21 zonas.
[2025-12-02 18:02:43] [CEREBRO] FVG DB: 21 zonas.
[2025-12-02 18:03:43] [CEREBRO] FVG DB: 21 zonas.
[2025-12-02 18:04:44] [CEREBRO] FVG DB: 21 zonas.
[2025-12-02 18:05:45] [CEREBRO] FVG DB: 21 zonas.
[2025-12-02 18:06:46] [CEREBRO] FVG DB: 21 zonas.
[2025-12-02 18:07:47] [CEREBRO] FVG DB: 21 zonas.
[2025-12-02 18:08:48] [CEREBRO] FVG DB: 21 zonas.
[2025-12-02 18:09:50] [CEREBRO] FVG DB: 21 zonas.
[2025-12-02 18:10:50] [CEREBRO] FVG DB: 21 zonas.
[2025-12-02 18:11:50] [CEREBRO] FVG DB: 21 zonas.
[2025-12-02 18:12:51] [CEREBRO] FVG DB: 21 zonas.
[2025-12-02 18:13:52] [CEREBRO] FVG DB: 21 zonas.
[2025-12-02 18:14:53] [CEREBRO] FVG DB: 21 zonas.
[2025-12-02 18:15:55] [CEREBRO] FVG DB: 21 zonas.
[2025-12-02 18:16:57] [CEREBRO] FVG DB: 21 zonas.
[2025-12-02 18:18:01] [CEREBRO] FVG DB: 21 zonas.
[2025-12-02 18:19:02] [CEREBRO] FVG DB: 21 zonas.
[2025-12-02 18:20:05] [CEREBRO] FVG DB: 21 zonas.
[2025-12-02 18:21:07] [CEREBRO] FVG DB: 21 zonas.
[2025-12-02 18:22:08] [CEREBRO] FVG DB: 21 zonas.
[2025-12-02 18:23:09] [CEREBRO] FVG DB: 21 zonas.
[2025-12-02 18:24:09] [CEREBRO] FVG DB: 21 zonas.
[2025-12-02 18:25:09] [CEREBRO] FVG DB: 21 zonas.
[2025-12-02 18:26:11] [CEREBRO] FVG DB: 21 zonas.
[2025-12-02 18:27:11] [CEREBRO] FVG DB: 21 zonas.
[2025-12-02 18:28:16] [CEREBRO] FVG DB: 21 zonas.
[2025-12-02 18:29:16] [CEREBRO] FVG DB: 21 zonas.
[2025-12-02 18:30:18] [CEREBRO] FVG DB: 21 zonas.
[2025-12-02 18:31:20] [CEREBRO] FVG DB: 21 zonas.
[2025-12-02 18:32:22] [CEREBRO] FVG DB: 21 zonas.
[2025-12-02 18:32:46] [TELEGRAM] Comando recibido: /report
[2025-12-02 18:33:24] [CEREBRO] FVG DB: 21 zonas.
[2025-12-02 18:34:24] [CEREBRO] FVG DB: 21 zonas.
[2025-12-02 18:35:28] [CEREBRO] FVG DB: 21 zonas.
[2025-12-02 18:36:30] [CEREBRO] FVG DB: 21 zonas.
[2025-12-02 18:37:49] [CONTRALOR] PRECIO TOC√ì SL (E731EB0E). Asumiendo cierre por protecci√≥n.
[2025-12-02 18:37:49] [CEREBRO] FVG DB: 21 zonas.
[2025-12-02 18:37:49] [CEREBRO] Gatillo SHORT (TREND) Armado.
[2025-12-02 18:38:03] [CEREBRO] DISPARO SHORT CONFIRMADO.
[2025-12-02 18:38:07] [CEREBRO] Gatillo SHORT (TREND) Armado.
[2025-12-02 18:38:10] [CEREBRO] DISPARO SHORT CONFIRMADO.
[2025-12-02 18:38:19] [CONTRALOR] ‚ö†Ô∏è Sincronizaci√≥n: Detectada posici√≥n no registrada (LONG). Adoptando...
[2025-12-02 18:38:19] [CONTRALOR] Posici√≥n REC_1764715099 registrada en Bit√°cora.
[2025-12-02 18:38:21] [CONTRALOR] PRECIO TOC√ì SL (REC_1764715099). Asumiendo cierre por protecci√≥n.
[2025-12-02 18:38:21] [CEREBRO] Gatillo SHORT (TREND) Armado.
[2025-12-02 18:38:28] [CONTRALOR] ‚ö†Ô∏è Sincronizaci√≥n: Detectada posici√≥n no registrada (LONG). Adoptando...
[2025-12-02 18:38:28] [CONTRALOR] Posici√≥n REC_1764715108 registrada en Bit√°cora.
[2025-12-02 18:38:29] [CONTRALOR] Stop Loss actualizado a 185.85
[2025-12-02 18:38:29] [CONTRALOR] REC_1764715108 toc√≥ BB MEDIA. Cerrando 50%.
[2025-12-02 18:38:31] [CONTRALOR] Stop Loss actualizado a 187.63
[2025-12-02 18:38:53] [CEREBRO] FVG DB: 21 zonas.
[2025-12-02 18:39:54] [CEREBRO] FVG DB: 21 zonas.
[2025-12-02 18:40:55] [CEREBRO] FVG DB: 21 zonas.
[2025-12-02 18:41:56] [CEREBRO] FVG DB: 21 zonas.
[2025-12-02 18:42:59] [CEREBRO] FVG DB: 21 zonas.
[2025-12-02 18:43:48] [CONTRALOR] REC_1764715108 toc√≥ BB OPUESTA. Cerrando total.
[2025-12-02 18:43:56] [CONTRALOR] ‚ö†Ô∏è Sincronizaci√≥n: Detectada posici√≥n no registrada (LONG). Adoptando...
[2025-12-02 18:43:56] [CONTRALOR] Posici√≥n REC_1764715436 registrada en Bit√°cora.
[2025-12-02 18:43:57] [CONTRALOR] Stop Loss actualizado a 186.16
[2025-12-02 18:43:57] [CONTRALOR] REC_1764715436 toc√≥ BB MEDIA. Cerrando 50%.
[2025-12-02 18:44:00] [CONTRALOR] Stop Loss actualizado a 187.63
[2025-12-02 18:44:00] [CEREBRO] FVG DB: 21 zonas.
[2025-12-02 18:44:03] [CONTRALOR] REC_1764715436 toc√≥ BB OPUESTA. Cerrando total.
[2025-12-02 18:44:07] [CONTRALOR] ‚ö†Ô∏è Sincronizaci√≥n: Detectada posici√≥n no registrada (LONG). Adoptando...
[2025-12-02 18:44:07] [CONTRALOR] Posici√≥n REC_1764715447 registrada en Bit√°cora.
[2025-12-02 18:44:08] [CONTRALOR] Stop Loss actualizado a 186.18
[2025-12-02 18:44:08] [CONTRALOR] REC_1764715447 toc√≥ BB MEDIA. Cerrando 50%.
[2025-12-02 18:44:10] [CONTRALOR] Stop Loss actualizado a 187.63
[2025-12-02 18:44:13] [CONTRALOR] REC_1764715447 toc√≥ BB OPUESTA. Cerrando total.
[2025-12-02 18:44:19] [CONTRALOR] ‚ö†Ô∏è Sincronizaci√≥n: Detectada posici√≥n no registrada (LONG). Adoptando...
[2025-12-02 18:44:19] [CONTRALOR] Posici√≥n REC_1764715459 registrada en Bit√°cora.
[2025-12-02 18:44:20] [CONTRALOR] Stop Loss actualizado a 186.18
[2025-12-02 18:44:20] [CONTRALOR] REC_1764715459 toc√≥ BB MEDIA. Cerrando 50%.
[2025-12-02 18:44:22] [CONTRALOR] Stop Loss actualizado a 187.63
[2025-12-02 18:44:25] [CONTRALOR] REC_1764715459 toc√≥ BB OPUESTA. Cerrando total.
[2025-12-02 18:44:30] [CONTRALOR] ‚ö†Ô∏è Sincronizaci√≥n: Detectada posici√≥n no registrada (LONG). Adoptando...
[2025-12-02 18:44:30] [CONTRALOR] Posici√≥n REC_1764715470 registrada en Bit√°cora.
[2025-12-02 18:44:32] [CONTRALOR] Stop Loss actualizado a 185.69
[2025-12-02 18:44:35] [CONTRALOR] REC_1764715470 toc√≥ BB MEDIA. Cerrando 50%.
[2025-12-02 18:44:36] [CONTRALOR] Stop Loss actualizado a 187.63
[2025-12-02 18:44:40] [CONTRALOR] REC_1764715470 toc√≥ BB OPUESTA. Cerrando total.
[2025-12-02 18:44:53] [CONTRALOR] ‚ö†Ô∏è Sincronizaci√≥n: Detectada posici√≥n no registrada (LONG). Adoptando...
[2025-12-02 18:44:53] [CONTRALOR] Posici√≥n REC_1764715493 registrada en Bit√°cora.
[2025-12-02 18:44:55] [CONTRALOR] Stop Loss actualizado a 185.97
[2025-12-02 18:44:55] [CONTRALOR] REC_1764715493 toc√≥ BB MEDIA. Cerrando 50%.
[2025-12-02 18:44:57] [CONTRALOR] Stop Loss actualizado a 187.63
[2025-12-02 18:45:04] [CEREBRO] FVG DB: 21 zonas.
[2025-12-02 18:46:04] [CEREBRO] FVG DB: 21 zonas.
[2025-12-02 18:47:06] [CEREBRO] FVG DB: 21 zonas.
[2025-12-02 18:48:07] [CEREBRO] FVG DB: 21 zonas.
[2025-12-02 18:49:07] [CEREBRO] FVG DB: 21 zonas.
[2025-12-02 18:50:09] [CEREBRO] FVG DB: 21 zonas.
[2025-12-02 18:50:35] [CEREBRO] Gatillo LONG (TREND) Armado.
[2025-12-02 18:51:09] [CEREBRO] FVG DB: 21 zonas.
[2025-12-02 18:51:09] [CEREBRO] Gatillo LONG (TREND) Armado.
[2025-12-02 18:51:45] [CEREBRO] Gatillo LONG (TREND) Armado.
[2025-12-02 18:52:11] [CEREBRO] FVG DB: 21 zonas.
[2025-12-02 18:52:21] [CEREBRO] Gatillo LONG (TREND) Armado.
[2025-12-02 18:52:56] [CEREBRO] Gatillo LONG (TREND) Armado.
[2025-12-02 18:53:13] [CEREBRO] FVG DB: 21 zonas.
[2025-12-02 18:53:31] [CEREBRO] Gatillo LONG (TREND) Armado.
[2025-12-02 18:54:08] [CEREBRO] Gatillo LONG (TREND) Armado.
[2025-12-02 18:54:14] [CEREBRO] FVG DB: 21 zonas.
[2025-12-02 18:55:15] [CEREBRO] FVG DB: 21 zonas.
[2025-12-02 18:56:17] [CEREBRO] FVG DB: 21 zonas.
[2025-12-02 18:57:18] [CEREBRO] FVG DB: 21 zonas.
[2025-12-02 18:58:20] [CEREBRO] FVG DB: 21 zonas.
[2025-12-02 18:59:14] [MANUAL] !!! P√ÅNICO ACTIVADO POR USUARIO !!!
[2025-12-02 18:59:14] [CONTRALOR] EJECUTANDO CIERRE DE P√ÅNICO.
[2025-12-02 18:59:15] [CONTRALOR] Cartera limpia.
[2025-12-02 18:59:21] [CEREBRO] FVG DB: 21 zonas.
[2025-12-02 18:59:25] [CONTRALOR] ‚ö†Ô∏è Sincronizaci√≥n: Detectada posici√≥n no registrada (LONG). Adoptando...
[2025-12-02 18:59:25] [CONTRALOR] Posici√≥n REC_1764716365 registrada en Bit√°cora.
[2025-12-02 18:59:27] [CONTRALOR] Stop Loss actualizado a 185.66
[2025-12-02 18:59:27] [CONTRALOR] REC_1764716365 toc√≥ BB MEDIA. Cerrando 50%.
[2025-12-02 18:59:29] [CONTRALOR] Stop Loss actualizado a 187.63
[2025-12-02 18:59:42] [MANUAL] !!! P√ÅNICO ACTIVADO POR USUARIO !!!
[2025-12-02 18:59:42] [CONTRALOR] EJECUTANDO CIERRE DE P√ÅNICO.
[2025-12-02 18:59:43] [CONTRALOR] Cartera limpia.
[2025-12-02 20:12:01] [API] Conectado a Binance (TESTNET)
