2025-11-24 23:57:40,447 - INFO - INTENTO MARKET: SELL 0.003 BTCUSDT (SHORT)
2025-11-24 23:57:40,705 - INFO - EXITO MARKET: ID 10616366892
2025-11-24 23:57:40,705 - INFO - INTENTO STOP_MARKET: BUY 0.003 BTCUSDT Trigger: 88163.0 (Raw: 88163.02200) PosSide: SHORT
2025-11-24 23:57:40,946 - ERROR - RECHAZO STOP_MARKET: Binance Error Code: -1106, Msg: Parameter 'reduceonly' sent when not required.
2025-11-24 23:57:40,946 - INFO - INTENTO TAKE_PROFIT_MARKET: BUY 0.003 BTCUSDT Trigger: 86847.2 (Raw: 86847.15600) PosSide: SHORT
2025-11-24 23:57:41,178 - ERROR - RECHAZO TAKE_PROFIT_MARKET: Binance Error Code: -1106, Msg: Parameter 'reduceonly' sent when not required.
2025-11-25 00:01:40,356 - INFO - INTENTO STOP_MARKET: BUY 0.003 BTCUSDT Trigger: 87408.9 (Raw: 87408.91700) PosSide: SHORT
2025-11-25 00:01:40,629 - ERROR - RECHAZO STOP_MARKET: Binance Error Code: -1106, Msg: Parameter 'reduceonly' sent when not required.
2025-11-25 00:01:40,629 - INFO - INTENTO TAKE_PROFIT_MARKET: BUY 0.003 BTCUSDT Trigger: 86847.2 (Raw: 86847.15600) PosSide: SHORT
2025-11-25 00:01:41,313 - ERROR - RECHAZO TAKE_PROFIT_MARKET: Binance Error Code: -1106, Msg: Parameter 'reduceonly' sent when not required.
2025-11-25 00:24:59,835 - INFO - INTENTO MARKET: SELL 0.003 BTCUSDT (SHORT)
2025-11-25 00:25:00,360 - INFO - EXITO MARKET: ID 10616851590
2025-11-25 00:39:09,266 - INFO - INTENTO MARKET: SELL 0.003 BTCUSDT (SHORT)
2025-11-25 00:39:11,138 - INFO - EXITO MARKET: ID 10617103986
2025-11-25 00:40:19,105 - INFO - INTENTO MARKET: SELL 0.003 BTCUSDT (SHORT)
2025-11-25 00:40:21,557 - INFO - EXITO MARKET: ID 10617124218
2025-11-25 00:46:02,201 - INFO - INTENTO MARKET: SELL 0.003 BTCUSDT (SHORT)
2025-11-25 00:46:03,227 - INFO - EXITO MARKET: ID 10617223252
2025-11-25 00:49:48,016 - INFO - INTENTO STOP_MARKET: BUY 0.037 BTCUSDT Trigger: 88426.0 PosSide: SHORT
2025-11-25 00:49:48,975 - INFO - EXITO STOP_MARKET: OrderID 10617287957
2025-11-25 00:49:48,976 - INFO - INTENTO TAKE_PROFIT_MARKET: BUY 0.037 BTCUSDT Trigger: 87193.0 PosSide: SHORT
2025-11-25 00:49:49,507 - INFO - EXITO TAKE_PROFIT_MARKET: OrderID 10617287962
2025-11-25 01:03:36,390 - INFO - INTENTO MARKET: SELL 0.003 BTCUSDT (SHORT)
2025-11-25 01:03:37,731 - INFO - EXITO MARKET: ID 10617506578
2025-11-25 01:03:37,732 - INFO - INTENTO STOP_MARKET: BUY 0.003 Trigger: 88717.4 PosSide: SHORT
2025-11-25 01:03:38,167 - INFO - EXITO STOP_MARKET: OrderID 10617506690
2025-11-25 01:03:38,167 - INFO - INTENTO TAKE_PROFIT_MARKET: BUY 0.003 Trigger: 87393.2 PosSide: SHORT
2025-11-25 01:03:38,666 - INFO - EXITO TAKE_PROFIT_MARKET: OrderID 10617506971
2025-11-25 01:05:57,264 - INFO - INTENTO STOP_MARKET: BUY 0.003 Trigger: 88135.0 PosSide: SHORT
2025-11-25 01:05:58,267 - ERROR - RECHAZO STOP_MARKET: Code -2021 Msg Order would immediately trigger.
2025-11-25 01:05:58,268 - INFO - INTENTO TAKE_PROFIT_MARKET: BUY 0.003 Trigger: 87393.2 PosSide: SHORT
2025-11-25 01:05:58,699 - INFO - EXITO TAKE_PROFIT_MARKET: OrderID 10617545110
2025-11-25 01:09:59,604 - INFO - INTENTO STOP_MARKET: BUY 0.003 Trigger: 88132.0 PosSide: SHORT
2025-11-25 01:10:00,676 - ERROR - RECHAZO STOP_MARKET: Code -2021 Msg Order would immediately trigger.
2025-11-25 01:10:00,676 - INFO - INTENTO TAKE_PROFIT_MARKET: BUY 0.003 Trigger: 87393.2 PosSide: SHORT
2025-11-25 01:10:01,888 - INFO - EXITO TAKE_PROFIT_MARKET: OrderID 10617609941
2025-11-25 01:17:13,965 - INFO - LIMPIEZA: Canceladas todas las órdenes de BTCUSDT
2025-11-25 01:48:24,249 - INFO - INTENTO MARKET: SELL 0.003 BTCUSDT (SHORT)
2025-11-25 01:48:25,322 - INFO - EXITO MARKET: ID 10618221562
2025-11-25 01:48:25,329 - INFO - INTENTO STOP_MARKET: BUY 0.003 Trigger: 88588.2 PosSide: SHORT
2025-11-25 01:48:25,329 - INFO - INTENTO TAKE_PROFIT_MARKET: BUY 0.003 Trigger: 87266.0 PosSide: SHORT
2025-11-25 01:48:26,333 - INFO - EXITO STOP_MARKET: OrderID 10618221769
2025-11-25 01:48:27,527 - INFO - EXITO TAKE_PROFIT_MARKET: OrderID 10618221993
2025-11-25 02:18:56,785 - INFO - INTENTO MARKET: SELL 0.6 AAVEUSDT (SHORT)
2025-11-25 02:18:57,717 - INFO - EXITO MARKET: ID 69678580
2025-11-25 02:18:57,718 - INFO - INTENTO STOP_MARKET: BUY 0.6 Trigger: 180.82 PosSide: SHORT
2025-11-25 02:18:57,719 - INFO - INTENTO TAKE_PROFIT_MARKET: BUY 0.6 Trigger: 178.12 PosSide: SHORT
2025-11-25 02:18:58,214 - INFO - EXITO STOP_MARKET: OrderID 69678581
2025-11-25 02:19:00,188 - INFO - EXITO TAKE_PROFIT_MARKET: OrderID 69678585
2025-11-25 02:20:29,695 - INFO - INTENTO STOP_MARKET: BUY 0.6 Trigger: 179.69 PosSide: SHORT
2025-11-25 02:20:29,696 - INFO - INTENTO TAKE_PROFIT_MARKET: BUY 0.6 Trigger: 178.12 PosSide: SHORT
2025-11-25 02:20:30,736 - INFO - EXITO STOP_MARKET: OrderID 69678766
2025-11-25 02:20:31,777 - INFO - EXITO TAKE_PROFIT_MARKET: OrderID 69678770
2025-11-25 02:21:52,417 - INFO - INTENTO STOP_MARKET: BUY 0.6 Trigger: 179.62 PosSide: SHORT
2025-11-25 02:21:52,418 - INFO - INTENTO TAKE_PROFIT_MARKET: BUY 0.6 Trigger: 178.12 PosSide: SHORT
2025-11-25 02:21:53,410 - INFO - EXITO STOP_MARKET: OrderID 69678942
2025-11-25 02:21:54,604 - INFO - EXITO TAKE_PROFIT_MARKET: OrderID 69678945
2025-11-25 02:22:04,650 - INFO - INTENTO STOP_MARKET: BUY 0.6 Trigger: 179.56 PosSide: SHORT
2025-11-25 02:22:04,650 - INFO - INTENTO TAKE_PROFIT_MARKET: BUY 0.6 Trigger: 178.12 PosSide: SHORT
2025-11-25 02:22:05,630 - INFO - EXITO TAKE_PROFIT_MARKET: OrderID 69678961
2025-11-25 02:22:05,640 - INFO - EXITO STOP_MARKET: OrderID 69678962
2025-11-25 02:22:21,746 - INFO - LIMPIEZA: Canceladas todas las órdenes de AAVEUSDT
2025-11-25 02:33:10,130 - INFO - INTENTO MARKET: BUY 0.6 AAVEUSDT (LONG)
2025-11-25 02:33:10,670 - INFO - EXITO MARKET: ID 69680442
2025-11-25 02:33:10,672 - INFO - INTENTO STOP_MARKET: SELL 0.6 Trigger: 177.91 PosSide: LONG
2025-11-25 02:33:10,672 - INFO - INTENTO TAKE_PROFIT_MARKET: SELL 0.6 Trigger: 180.59 PosSide: LONG
2025-11-25 02:33:11,171 - INFO - EXITO STOP_MARKET: OrderID 69680443
2025-11-25 02:33:12,605 - INFO - EXITO TAKE_PROFIT_MARKET: OrderID 69680452
2025-11-25 02:35:03,875 - INFO - INTENTO STOP_MARKET: SELL 0.6 Trigger: 178.98 PosSide: LONG
2025-11-25 02:35:03,875 - INFO - INTENTO TAKE_PROFIT_MARKET: SELL 0.6 Trigger: 180.59 PosSide: LONG
2025-11-25 02:35:04,943 - INFO - EXITO STOP_MARKET: OrderID 69680697
2025-11-25 02:35:06,320 - INFO - EXITO TAKE_PROFIT_MARKET: OrderID 69680699
2025-11-25 02:35:28,982 - INFO - LIMPIEZA: Canceladas todas las órdenes de AAVEUSDT
2025-11-25 02:38:20,124 - INFO - INTENTO MARKET: SELL 0.6 AAVEUSDT (SHORT)
2025-11-25 02:38:21,061 - INFO - EXITO MARKET: ID 69681125
2025-11-25 02:38:21,062 - INFO - INTENTO STOP_MARKET: BUY 0.6 Trigger: 180.33 PosSide: SHORT
2025-11-25 02:38:21,062 - INFO - INTENTO TAKE_PROFIT_MARKET: BUY 0.6 Trigger: 177.64 PosSide: SHORT
2025-11-25 02:38:22,092 - INFO - EXITO STOP_MARKET: OrderID 69681129
2025-11-25 02:38:22,972 - INFO - EXITO TAKE_PROFIT_MARKET: OrderID 69681132
2025-11-25 02:39:47,677 - INFO - INTENTO STOP_MARKET: BUY 0.6 Trigger: 179.25 PosSide: SHORT
2025-11-25 02:39:47,678 - INFO - INTENTO TAKE_PROFIT_MARKET: BUY 0.6 Trigger: 177.64 PosSide: SHORT
2025-11-25 02:39:48,129 - INFO - EXITO STOP_MARKET: OrderID 69681310
2025-11-25 02:39:49,994 - INFO - EXITO TAKE_PROFIT_MARKET: OrderID 69681314
2025-11-25 02:40:47,954 - INFO - LIMPIEZA: Canceladas todas las órdenes de AAVEUSDT
2025-11-25 02:48:42,226 - INFO - INTENTO MARKET: SELL 0.6 AAVEUSDT (SHORT)
2025-11-25 02:48:42,632 - INFO - EXITO MARKET: ID 69682340
2025-11-25 02:48:42,634 - INFO - INTENTO STOP_MARKET: BUY 0.6 Trigger: 179.59 PosSide: SHORT
2025-11-25 02:48:42,635 - INFO - INTENTO TAKE_PROFIT_MARKET: BUY 0.6 Trigger: 176.91 PosSide: SHORT
2025-11-25 02:48:43,101 - INFO - EXITO STOP_MARKET: OrderID 69682344
2025-11-25 02:48:45,388 - INFO - EXITO TAKE_PROFIT_MARKET: OrderID 69682352
2025-11-25 02:54:02,016 - INFO - INTENTO MARKET: SELL 0.6 AAVEUSDT (SHORT)
2025-11-25 02:54:04,178 - INFO - EXITO MARKET: ID 69683170
2025-11-25 02:54:05,701 - INFO - INTENTO STOP_MARKET: BUY 1.2 Trigger: 179.59 PosSide: SHORT
2025-11-25 02:54:05,701 - INFO - INTENTO TAKE_PROFIT_MARKET: BUY 1.2 Trigger: 176.91 PosSide: SHORT
2025-11-25 02:54:06,640 - INFO - EXITO STOP_MARKET: OrderID 69683175
2025-11-25 02:54:06,644 - INFO - EXITO TAKE_PROFIT_MARKET: OrderID 69683177
2025-11-25 02:55:01,588 - INFO - INTENTO MARKET: SELL 0.6 AAVEUSDT (SHORT)
2025-11-25 02:55:02,533 - INFO - EXITO MARKET: ID 69683333
2025-11-25 02:55:04,414 - INFO - INTENTO STOP_MARKET: BUY 1.7999999999999998 Trigger: 179.59 PosSide: SHORT
2025-11-25 02:55:04,414 - INFO - INTENTO TAKE_PROFIT_MARKET: BUY 1.7999999999999998 Trigger: 176.91 PosSide: SHORT
2025-11-25 02:55:04,886 - ERROR - RECHAZO STOP_MARKET: Code -1111 Msg Precision is over the maximum defined for this asset.
2025-11-25 02:55:06,292 - ERROR - RECHAZO TAKE_PROFIT_MARKET: Code -1111 Msg Precision is over the maximum defined for this asset.
2025-11-25 02:56:18,641 - INFO - INTENTO STOP_MARKET: BUY 1.8 Trigger: 178.90 PosSide: SHORT
2025-11-25 02:56:18,641 - INFO - INTENTO TAKE_PROFIT_MARKET: BUY 1.8 Trigger: 176.75 PosSide: SHORT
2025-11-25 02:56:19,098 - ERROR - RECHAZO STOP_MARKET: Code -2021 Msg Order would immediately trigger.
2025-11-25 02:56:20,544 - INFO - EXITO TAKE_PROFIT_MARKET: OrderID 69683524
2025-11-25 02:57:04,707 - INFO - INTENTO MARKET: SELL 0.6 AAVEUSDT (SHORT)
2025-11-25 02:57:05,665 - INFO - EXITO MARKET: ID 69683649
2025-11-25 02:57:06,623 - INFO - INTENTO STOP_MARKET: BUY 2.4 Trigger: 178.90 PosSide: SHORT
2025-11-25 02:57:06,624 - INFO - INTENTO TAKE_PROFIT_MARKET: BUY 2.4 Trigger: 176.75 PosSide: SHORT
2025-11-25 02:57:07,055 - ERROR - RECHAZO STOP_MARKET: Code -2021 Msg Order would immediately trigger.
2025-11-25 02:57:07,620 - INFO - EXITO TAKE_PROFIT_MARKET: OrderID 69683653
2025-11-25 02:58:32,210 - INFO - INTENTO MARKET: SELL 0.6 AAVEUSDT (SHORT)
2025-11-25 02:58:32,637 - INFO - EXITO MARKET: ID 69683858
2025-11-25 02:58:33,582 - INFO - INTENTO STOP_MARKET: BUY 3.0 Trigger: 178.90 PosSide: SHORT
2025-11-25 02:58:33,583 - INFO - INTENTO TAKE_PROFIT_MARKET: BUY 3.0 Trigger: 176.75 PosSide: SHORT
2025-11-25 02:58:34,024 - ERROR - RECHAZO STOP_MARKET: Code -2021 Msg Order would immediately trigger.
2025-11-25 02:58:35,156 - INFO - EXITO TAKE_PROFIT_MARKET: OrderID 69683865
2025-11-25 02:59:51,675 - INFO - INTENTO MARKET: BUY 3.0 AAVEUSDT (SHORT)
2025-11-25 02:59:52,124 - INFO - EXITO MARKET: ID 69684038
2025-11-25 02:59:53,047 - INFO - LIMPIEZA: Canceladas todas las órdenes de AAVEUSDT
2025-11-25 03:00:21,636 - INFO - INTENTO MARKET: SELL 0.6 AAVEUSDT (SHORT)
2025-11-25 03:00:22,597 - INFO - EXITO MARKET: ID 69684089
2025-11-25 03:00:22,597 - INFO - INTENTO STOP_MARKET: BUY 0.6 Trigger: 180.62 PosSide: SHORT
2025-11-25 03:00:22,598 - INFO - INTENTO TAKE_PROFIT_MARKET: BUY 0.6 Trigger: 177.92 PosSide: SHORT
2025-11-25 03:00:23,563 - INFO - EXITO STOP_MARKET: OrderID 69684093
2025-11-25 03:00:24,962 - INFO - EXITO TAKE_PROFIT_MARKET: OrderID 69684097
2025-11-25 03:11:41,389 - INFO - INTENTO MARKET: SELL 0.6 AAVEUSDT (SHORT)
2025-11-25 03:11:42,348 - INFO - EXITO MARKET: ID 69685794
2025-11-25 03:11:43,849 - INFO - INTENTO STOP_MARKET: BUY 1.2 Trigger: 180.62 PosSide: SHORT
2025-11-25 03:11:43,849 - INFO - INTENTO TAKE_PROFIT_MARKET: BUY 1.2 Trigger: 177.92 PosSide: SHORT
2025-11-25 03:11:44,348 - INFO - EXITO STOP_MARKET: OrderID 69685802
2025-11-25 03:11:45,866 - INFO - EXITO TAKE_PROFIT_MARKET: OrderID 69685823
2025-11-25 03:11:49,648 - INFO - INTENTO MARKET: SELL 0.6 AAVEUSDT (SHORT)
2025-11-25 03:11:50,051 - INFO - EXITO MARKET: ID 69685832
2025-11-25 03:11:52,040 - INFO - INTENTO STOP_MARKET: BUY 1.7999999999999998 Trigger: 180.62 PosSide: SHORT
2025-11-25 03:11:52,040 - INFO - INTENTO TAKE_PROFIT_MARKET: BUY 1.7999999999999998 Trigger: 177.92 PosSide: SHORT
2025-11-25 03:11:52,458 - ERROR - RECHAZO TAKE_PROFIT_MARKET: Code -1111 Msg Precision is over the maximum defined for this asset.
2025-11-25 03:11:52,543 - ERROR - RECHAZO STOP_MARKET: Code -1111 Msg Precision is over the maximum defined for this asset.
2025-11-25 03:12:25,983 - INFO - INTENTO MARKET: SELL 0.6 AAVEUSDT (SHORT)
2025-11-25 03:12:26,950 - INFO - EXITO MARKET: ID 69685955
2025-11-25 03:12:26,951 - INFO - INTENTO STOP_MARKET: BUY 2.4 Trigger: 180.62 PosSide: SHORT
2025-11-25 03:12:26,951 - INFO - INTENTO TAKE_PROFIT_MARKET: BUY 2.4 Trigger: 177.92 PosSide: SHORT
2025-11-25 03:12:27,361 - INFO - EXITO TAKE_PROFIT_MARKET: OrderID 69685959
2025-11-25 03:12:27,948 - INFO - EXITO STOP_MARKET: OrderID 69685964
2025-11-25 03:12:49,573 - INFO - INTENTO MARKET: SELL 0.6 AAVEUSDT (SHORT)
2025-11-25 03:12:50,123 - INFO - EXITO MARKET: ID 69686034
2025-11-25 03:12:51,673 - INFO - INTENTO STOP_MARKET: BUY 3.0 Trigger: 180.62 PosSide: SHORT
2025-11-25 03:12:51,673 - INFO - INTENTO TAKE_PROFIT_MARKET: BUY 3.0 Trigger: 177.92 PosSide: SHORT
2025-11-25 03:12:52,169 - INFO - EXITO STOP_MARKET: OrderID 69686043
2025-11-25 03:12:52,651 - INFO - EXITO TAKE_PROFIT_MARKET: OrderID 69686045
2025-11-25 03:13:45,129 - INFO - INTENTO MARKET: SELL 0.6 AAVEUSDT (SHORT)
2025-11-25 03:13:46,081 - INFO - EXITO MARKET: ID 69686235
2025-11-25 03:13:47,476 - INFO - INTENTO STOP_MARKET: BUY 3.6 Trigger: 180.62 PosSide: SHORT
2025-11-25 03:13:47,477 - INFO - INTENTO TAKE_PROFIT_MARKET: BUY 3.6 Trigger: 177.92 PosSide: SHORT
2025-11-25 03:13:47,918 - INFO - EXITO STOP_MARKET: OrderID 69686238
2025-11-25 03:13:48,532 - INFO - EXITO TAKE_PROFIT_MARKET: OrderID 69686240
2025-11-25 03:14:19,601 - INFO - INTENTO MARKET: SELL 0.6 AAVEUSDT (SHORT)
2025-11-25 03:14:20,590 - INFO - EXITO MARKET: ID 69686351
2025-11-25 03:14:22,482 - INFO - INTENTO STOP_MARKET: BUY 4.2 Trigger: 180.62 PosSide: SHORT
2025-11-25 03:14:22,482 - INFO - INTENTO TAKE_PROFIT_MARKET: BUY 4.2 Trigger: 177.92 PosSide: SHORT
2025-11-25 03:14:23,465 - INFO - EXITO STOP_MARKET: OrderID 69686357
2025-11-25 03:14:24,292 - INFO - EXITO TAKE_PROFIT_MARKET: OrderID 69686377
2025-11-25 03:18:56,156 - INFO - INTENTO STOP_MARKET: BUY 4.2 Trigger: 180.33 PosSide: SHORT
2025-11-25 03:18:56,157 - INFO - INTENTO TAKE_PROFIT_MARKET: BUY 4.2 Trigger: 178.17 PosSide: SHORT
2025-11-25 03:18:58,272 - INFO - EXITO STOP_MARKET: OrderID 69687145
2025-11-25 03:19:00,168 - INFO - EXITO TAKE_PROFIT_MARKET: OrderID 69687157
2025-11-25 03:19:10,537 - INFO - INTENTO STOP_MARKET: BUY 4.2 Trigger: 179.79 PosSide: SHORT
2025-11-25 03:19:10,537 - INFO - INTENTO TAKE_PROFIT_MARKET: BUY 4.2 Trigger: 178.17 PosSide: SHORT
2025-11-25 03:19:11,009 - INFO - EXITO TAKE_PROFIT_MARKET: OrderID 69687199
2025-11-25 03:19:11,551 - INFO - EXITO STOP_MARKET: OrderID 69687200
2025-11-25 03:21:09,362 - INFO - INTENTO STOP_MARKET: BUY 4.2 Trigger: 180.33 PosSide: SHORT
2025-11-25 03:21:09,362 - INFO - INTENTO TAKE_PROFIT_MARKET: BUY 4.2 Trigger: 178.17 PosSide: SHORT
2025-11-25 03:21:09,772 - INFO - EXITO STOP_MARKET: OrderID 69687508
2025-11-25 03:21:11,235 - INFO - EXITO TAKE_PROFIT_MARKET: OrderID 69687511
2025-11-25 03:21:20,275 - INFO - INTENTO STOP_MARKET: BUY 4.2 Trigger: 179.79 PosSide: SHORT
2025-11-25 03:21:20,276 - INFO - INTENTO TAKE_PROFIT_MARKET: BUY 4.2 Trigger: 178.17 PosSide: SHORT
2025-11-25 03:21:21,226 - INFO - EXITO TAKE_PROFIT_MARKET: OrderID 69687522
2025-11-25 03:21:21,281 - INFO - EXITO STOP_MARKET: OrderID 69687523
2025-11-25 03:25:37,137 - INFO - LIMPIEZA: Canceladas todas las órdenes de AAVEUSDT
2025-11-25 04:11:23,616 - INFO - INTENTO MARKET: SELL 0.6 AAVEUSDT (SHORT)
2025-11-25 04:11:24,038 - INFO - EXITO MARKET: ID 69694141
2025-11-25 04:11:24,040 - INFO - INTENTO STOP_MARKET: BUY 0.6 Trigger: 179.55 PosSide: SHORT
2025-11-25 04:11:24,040 - INFO - INTENTO TAKE_PROFIT_MARKET: BUY 0.6 Trigger: 179.02 PosSide: SHORT
2025-11-25 04:11:24,497 - INFO - EXITO STOP_MARKET: OrderID 69694142
2025-11-25 04:11:26,340 - INFO - EXITO TAKE_PROFIT_MARKET: OrderID 69694147
2025-11-25 04:12:00,047 - INFO - INTENTO MARKET: SELL 0.6 AAVEUSDT (SHORT)
2025-11-25 04:12:01,166 - INFO - EXITO MARKET: ID 69694210
2025-11-25 04:12:03,219 - INFO - INTENTO STOP_MARKET: BUY 1.2 Trigger: 179.55 PosSide: SHORT
2025-11-25 04:12:03,219 - INFO - INTENTO TAKE_PROFIT_MARKET: BUY 1.2 Trigger: 179.02 PosSide: SHORT
2025-11-25 04:12:03,718 - INFO - EXITO STOP_MARKET: OrderID 69694214
2025-11-25 04:12:04,215 - INFO - EXITO TAKE_PROFIT_MARKET: OrderID 69694218
2025-11-25 04:14:26,016 - INFO - LIMPIEZA: Canceladas todas las órdenes de AAVEUSDT
2025-11-25 04:57:39,420 - INFO - INTENTO MARKET: SELL 2.3 AAVEUSDT (SHORT)
2025-11-25 04:57:39,905 - INFO - EXITO MARKET: ID 69699924
2025-11-25 04:57:39,907 - INFO - INTENTO STOP_MARKET: BUY 2.3 AAVEUSDT Trigger: 178.51 PosSide: SHORT
2025-11-25 04:57:39,907 - INFO - INTENTO TAKE_PROFIT_MARKET: BUY 2.3 AAVEUSDT Trigger: 172.81 PosSide: SHORT
2025-11-25 04:57:40,417 - INFO - EXITO STOP_MARKET: OrderID 69699926
2025-11-25 04:57:41,911 - INFO - EXITO TAKE_PROFIT_MARKET: OrderID 69699943
2025-11-25 04:57:58,007 - INFO - INTENTO STOP_MARKET: BUY 2.3 AAVEUSDT Trigger: 178.46 PosSide: SHORT
2025-11-25 04:57:58,007 - INFO - INTENTO TAKE_PROFIT_MARKET: BUY 2.3 AAVEUSDT Trigger: 172.81 PosSide: SHORT
2025-11-25 04:57:58,507 - INFO - EXITO STOP_MARKET: OrderID 69700002
2025-11-25 04:57:59,005 - INFO - EXITO TAKE_PROFIT_MARKET: OrderID 69700006
2025-11-25 04:58:06,390 - INFO - INTENTO STOP_MARKET: BUY 2.3 AAVEUSDT Trigger: 178.43 PosSide: SHORT
2025-11-25 04:58:06,391 - INFO - INTENTO TAKE_PROFIT_MARKET: BUY 2.3 AAVEUSDT Trigger: 172.81 PosSide: SHORT
2025-11-25 04:58:06,848 - INFO - EXITO STOP_MARKET: OrderID 69700035
2025-11-25 04:58:07,418 - INFO - EXITO TAKE_PROFIT_MARKET: OrderID 69700036
2025-11-25 04:58:28,550 - INFO - INTENTO STOP_MARKET: BUY 2.3 AAVEUSDT Trigger: 178.41 PosSide: SHORT
2025-11-25 04:58:28,550 - INFO - INTENTO TAKE_PROFIT_MARKET: BUY 2.3 AAVEUSDT Trigger: 172.81 PosSide: SHORT
2025-11-25 04:58:29,049 - INFO - EXITO STOP_MARKET: OrderID 69700081
2025-11-25 04:58:29,513 - INFO - EXITO TAKE_PROFIT_MARKET: OrderID 69700083
2025-11-25 04:58:38,902 - INFO - INTENTO STOP_MARKET: BUY 2.3 AAVEUSDT Trigger: 178.26 PosSide: SHORT
2025-11-25 04:58:38,902 - INFO - INTENTO TAKE_PROFIT_MARKET: BUY 2.3 AAVEUSDT Trigger: 172.81 PosSide: SHORT
2025-11-25 04:58:39,314 - INFO - EXITO STOP_MARKET: OrderID 69700131
2025-11-25 04:58:39,342 - INFO - EXITO TAKE_PROFIT_MARKET: OrderID 69700132
2025-11-25 04:58:58,432 - INFO - INTENTO STOP_MARKET: BUY 2.3 AAVEUSDT Trigger: 178.25 PosSide: SHORT
2025-11-25 04:58:58,432 - INFO - INTENTO TAKE_PROFIT_MARKET: BUY 2.3 AAVEUSDT Trigger: 172.81 PosSide: SHORT
2025-11-25 04:58:59,373 - INFO - EXITO TAKE_PROFIT_MARKET: OrderID 69700228
2025-11-25 04:58:59,496 - INFO - EXITO STOP_MARKET: OrderID 69700229
2025-11-25 04:59:40,791 - INFO - INTENTO STOP_MARKET: BUY 2.3 AAVEUSDT Trigger: 178.24 PosSide: SHORT
2025-11-25 04:59:40,792 - INFO - INTENTO TAKE_PROFIT_MARKET: BUY 2.3 AAVEUSDT Trigger: 172.81 PosSide: SHORT
2025-11-25 04:59:41,204 - INFO - EXITO TAKE_PROFIT_MARKET: OrderID 69700336
2025-11-25 04:59:41,231 - INFO - EXITO STOP_MARKET: OrderID 69700337
2025-11-25 05:00:09,714 - INFO - LIMPIEZA COMPLETADA: 0 órdenes activas en AAVEUSDT
2025-11-25 07:02:57,808 - INFO - INTENTO MARKET: BUY 0.6 AAVEUSDT (LONG)
2025-11-25 07:02:58,795 - INFO - EXITO MARKET: ID 69716188
2025-11-25 07:02:58,795 - INFO - INTENTO STOP_MARKET: SELL 0.6 AAVEUSDT Trigger: 177.22 PosSide: LONG
2025-11-25 07:02:58,796 - INFO - INTENTO TAKE_PROFIT_MARKET: SELL 0.6 AAVEUSDT Trigger: 177.94 PosSide: LONG
2025-11-25 07:02:59,291 - INFO - EXITO STOP_MARKET: OrderID 69716189
2025-11-25 07:03:00,972 - INFO - EXITO TAKE_PROFIT_MARKET: OrderID 69716192
2025-11-25 07:04:25,115 - INFO - LIMPIEZA COMPLETADA: 0 órdenes activas en AAVEUSDT
2025-11-25 07:40:27,944 - INFO - INTENTO MARKET: SELL 0.6 AAVEUSDT (SHORT)
2025-11-25 07:40:28,887 - INFO - EXITO MARKET: ID 69721306
2025-11-25 07:40:28,887 - INFO - INTENTO STOP_MARKET: BUY 0.6 AAVEUSDT Trigger: 177.49 PosSide: SHORT
2025-11-25 07:40:28,887 - INFO - INTENTO TAKE_PROFIT_MARKET: BUY 0.6 AAVEUSDT Trigger: 176.77 PosSide: SHORT
2025-11-25 07:40:29,326 - INFO - EXITO STOP_MARKET: OrderID 69721308
2025-11-25 07:40:31,434 - INFO - EXITO TAKE_PROFIT_MARKET: OrderID 69721314
2025-11-25 07:45:16,616 - INFO - LIMPIEZA COMPLETADA: 0 órdenes activas en AAVEUSDT
2025-11-25 08:05:38,352 - INFO - INTENTO MARKET: BUY 2.3 AAVEUSDT (LONG)
2025-11-25 08:05:39,344 - INFO - EXITO MARKET: ID 69724933
2025-11-25 08:05:39,344 - INFO - INTENTO STOP_MARKET: SELL 2.3 AAVEUSDT Trigger: 177.50 PosSide: LONG
2025-11-25 08:05:39,344 - INFO - INTENTO TAKE_PROFIT_MARKET: SELL 2.3 AAVEUSDT Trigger: 183.20 PosSide: LONG
2025-11-25 08:05:40,337 - ERROR - RECHAZO STOP_MARKET: Code -2021 Msg Order would immediately trigger.
2025-11-25 08:05:41,293 - INFO - EXITO TAKE_PROFIT_MARKET: OrderID 69724937
2025-11-25 08:06:11,111 - INFO - INTENTO STOP_MARKET: SELL 2.3 AAVEUSDT Trigger: 177.56 PosSide: LONG
2025-11-25 08:06:11,112 - INFO - INTENTO TAKE_PROFIT_MARKET: SELL 2.3 AAVEUSDT Trigger: 183.20 PosSide: LONG
2025-11-25 08:06:12,066 - ERROR - RECHAZO STOP_MARKET: Code -2021 Msg Order would immediately trigger.
2025-11-25 08:06:12,116 - INFO - EXITO TAKE_PROFIT_MARKET: OrderID 69725054
2025-11-25 08:06:26,615 - INFO - INTENTO STOP_MARKET: SELL 2.3 AAVEUSDT Trigger: 177.60 PosSide: LONG
2025-11-25 08:06:26,615 - INFO - INTENTO TAKE_PROFIT_MARKET: SELL 2.3 AAVEUSDT Trigger: 183.20 PosSide: LONG
2025-11-25 08:06:27,612 - ERROR - RECHAZO STOP_MARKET: Code -2021 Msg Order would immediately trigger.
2025-11-25 08:06:27,612 - INFO - EXITO TAKE_PROFIT_MARKET: OrderID 69725086
2025-11-25 08:06:36,646 - INFO - INTENTO STOP_MARKET: SELL 2.3 AAVEUSDT Trigger: 177.67 PosSide: LONG
2025-11-25 08:06:36,647 - INFO - INTENTO TAKE_PROFIT_MARKET: SELL 2.3 AAVEUSDT Trigger: 183.20 PosSide: LONG
2025-11-25 08:06:37,657 - ERROR - RECHAZO STOP_MARKET: Code -2021 Msg Order would immediately trigger.
2025-11-25 08:06:37,658 - INFO - EXITO TAKE_PROFIT_MARKET: OrderID 69725115
2025-11-25 08:10:39,565 - INFO - INTENTO STOP_MARKET: SELL 2.3 AAVEUSDT Trigger: 177.68 PosSide: LONG
2025-11-25 08:10:39,566 - INFO - INTENTO TAKE_PROFIT_MARKET: SELL 2.3 AAVEUSDT Trigger: 183.20 PosSide: LONG
2025-11-25 08:10:40,063 - ERROR - RECHAZO STOP_MARKET: Code -2021 Msg Order would immediately trigger.
2025-11-25 08:10:41,500 - INFO - EXITO TAKE_PROFIT_MARKET: OrderID 69725657
2025-11-25 08:12:06,436 - INFO - INTENTO STOP_MARKET: SELL 2.3 AAVEUSDT Trigger: 177.69 PosSide: LONG
2025-11-25 08:12:06,437 - INFO - INTENTO TAKE_PROFIT_MARKET: SELL 2.3 AAVEUSDT Trigger: 183.20 PosSide: LONG
2025-11-25 08:12:07,375 - ERROR - RECHAZO STOP_MARKET: Code -2021 Msg Order would immediately trigger.
2025-11-25 08:12:08,585 - INFO - EXITO TAKE_PROFIT_MARKET: OrderID 69725833
2025-11-25 08:12:16,140 - INFO - INTENTO STOP_MARKET: SELL 2.3 AAVEUSDT Trigger: 177.70 PosSide: LONG
2025-11-25 08:12:16,140 - INFO - INTENTO TAKE_PROFIT_MARKET: SELL 2.3 AAVEUSDT Trigger: 183.20 PosSide: LONG
2025-11-25 08:12:16,554 - ERROR - RECHAZO STOP_MARKET: Code -2021 Msg Order would immediately trigger.
2025-11-25 08:12:17,212 - INFO - EXITO TAKE_PROFIT_MARKET: OrderID 69725853
2025-11-25 08:12:37,175 - INFO - INTENTO STOP_MARKET: SELL 2.3 AAVEUSDT Trigger: 177.71 PosSide: LONG
2025-11-25 08:12:37,176 - INFO - INTENTO TAKE_PROFIT_MARKET: SELL 2.3 AAVEUSDT Trigger: 183.20 PosSide: LONG
2025-11-25 08:12:37,615 - ERROR - RECHAZO STOP_MARKET: Code -2021 Msg Order would immediately trigger.
2025-11-25 08:12:38,110 - INFO - EXITO TAKE_PROFIT_MARKET: OrderID 69725910
2025-11-25 08:12:44,403 - INFO - INTENTO STOP_MARKET: SELL 2.3 AAVEUSDT Trigger: 177.74 PosSide: LONG
2025-11-25 08:12:44,404 - INFO - INTENTO TAKE_PROFIT_MARKET: SELL 2.3 AAVEUSDT Trigger: 183.20 PosSide: LONG
2025-11-25 08:12:44,825 - ERROR - RECHAZO STOP_MARKET: Code -2021 Msg Order would immediately trigger.
2025-11-25 08:12:44,825 - INFO - EXITO TAKE_PROFIT_MARKET: OrderID 69725922
2025-11-25 08:12:50,719 - INFO - INTENTO STOP_MARKET: SELL 2.3 AAVEUSDT Trigger: 177.76 PosSide: LONG
2025-11-25 08:12:50,719 - INFO - INTENTO TAKE_PROFIT_MARKET: SELL 2.3 AAVEUSDT Trigger: 183.20 PosSide: LONG
2025-11-25 08:12:51,231 - ERROR - RECHAZO STOP_MARKET: Code -2021 Msg Order would immediately trigger.
2025-11-25 08:12:51,231 - INFO - EXITO TAKE_PROFIT_MARKET: OrderID 69725936
2025-11-25 08:13:05,185 - INFO - INTENTO STOP_MARKET: SELL 2.3 AAVEUSDT Trigger: 177.78 PosSide: LONG
2025-11-25 08:13:05,185 - INFO - INTENTO TAKE_PROFIT_MARKET: SELL 2.3 AAVEUSDT Trigger: 183.20 PosSide: LONG
2025-11-25 08:13:05,762 - ERROR - RECHAZO STOP_MARKET: Code -2021 Msg Order would immediately trigger.
2025-11-25 08:13:06,140 - INFO - EXITO TAKE_PROFIT_MARKET: OrderID 69726003
2025-11-25 08:13:13,562 - INFO - INTENTO STOP_MARKET: SELL 2.3 AAVEUSDT Trigger: 177.79 PosSide: LONG
2025-11-25 08:13:13,562 - INFO - INTENTO TAKE_PROFIT_MARKET: SELL 2.3 AAVEUSDT Trigger: 183.20 PosSide: LONG
2025-11-25 08:13:13,970 - ERROR - RECHAZO STOP_MARKET: Code -2021 Msg Order would immediately trigger.
2025-11-25 08:13:14,049 - INFO - EXITO TAKE_PROFIT_MARKET: OrderID 69726034
2025-11-25 08:13:20,498 - INFO - INTENTO STOP_MARKET: SELL 2.3 AAVEUSDT Trigger: 177.82 PosSide: LONG
2025-11-25 08:13:20,498 - INFO - INTENTO TAKE_PROFIT_MARKET: SELL 2.3 AAVEUSDT Trigger: 183.20 PosSide: LONG
2025-11-25 08:13:20,996 - INFO - EXITO TAKE_PROFIT_MARKET: OrderID 69726075
2025-11-25 08:13:21,530 - ERROR - RECHAZO STOP_MARKET: Code -2021 Msg Order would immediately trigger.
2025-11-25 08:13:28,446 - INFO - INTENTO STOP_MARKET: SELL 2.3 AAVEUSDT Trigger: 177.83 PosSide: LONG
2025-11-25 08:13:28,447 - INFO - INTENTO TAKE_PROFIT_MARKET: SELL 2.3 AAVEUSDT Trigger: 183.20 PosSide: LONG
2025-11-25 08:13:29,397 - INFO - EXITO TAKE_PROFIT_MARKET: OrderID 69726089
2025-11-25 08:13:29,440 - ERROR - RECHAZO STOP_MARKET: Code -2021 Msg Order would immediately trigger.
2025-11-25 08:13:35,762 - INFO - INTENTO STOP_MARKET: SELL 2.3 AAVEUSDT Trigger: 177.85 PosSide: LONG
2025-11-25 08:13:35,762 - INFO - INTENTO TAKE_PROFIT_MARKET: SELL 2.3 AAVEUSDT Trigger: 183.20 PosSide: LONG
2025-11-25 08:13:36,233 - ERROR - RECHAZO STOP_MARKET: Code -2021 Msg Order would immediately trigger.
2025-11-25 08:13:36,813 - INFO - EXITO TAKE_PROFIT_MARKET: OrderID 69726130
2025-11-25 08:13:43,190 - INFO - INTENTO STOP_MARKET: SELL 2.3 AAVEUSDT Trigger: 177.88 PosSide: LONG
2025-11-25 08:13:43,190 - INFO - INTENTO TAKE_PROFIT_MARKET: SELL 2.3 AAVEUSDT Trigger: 183.20 PosSide: LONG
2025-11-25 08:13:43,661 - INFO - EXITO TAKE_PROFIT_MARKET: OrderID 69726146
2025-11-25 08:13:43,752 - ERROR - RECHAZO STOP_MARKET: Code -2021 Msg Order would immediately trigger.
2025-11-25 08:13:57,285 - INFO - INTENTO STOP_MARKET: SELL 2.3 AAVEUSDT Trigger: 177.89 PosSide: LONG
2025-11-25 08:13:57,286 - INFO - INTENTO TAKE_PROFIT_MARKET: SELL 2.3 AAVEUSDT Trigger: 183.20 PosSide: LONG
2025-11-25 08:13:57,823 - ERROR - RECHAZO STOP_MARKET: Code -2021 Msg Order would immediately trigger.
2025-11-25 08:13:58,297 - INFO - EXITO TAKE_PROFIT_MARKET: OrderID 69726236
2025-11-25 08:14:07,373 - INFO - INTENTO STOP_MARKET: SELL 2.3 AAVEUSDT Trigger: 177.96 PosSide: LONG
2025-11-25 08:14:07,373 - INFO - INTENTO TAKE_PROFIT_MARKET: SELL 2.3 AAVEUSDT Trigger: 183.20 PosSide: LONG
2025-11-25 08:14:07,812 - ERROR - RECHAZO STOP_MARKET: Code -2021 Msg Order would immediately trigger.
2025-11-25 08:14:08,380 - INFO - EXITO TAKE_PROFIT_MARKET: OrderID 69726279
2025-11-25 08:14:14,722 - INFO - INTENTO STOP_MARKET: SELL 2.3 AAVEUSDT Trigger: 177.97 PosSide: LONG
2025-11-25 08:14:14,723 - INFO - INTENTO TAKE_PROFIT_MARKET: SELL 2.3 AAVEUSDT Trigger: 183.20 PosSide: LONG
2025-11-25 08:14:15,225 - INFO - EXITO TAKE_PROFIT_MARKET: OrderID 69726320
2025-11-25 08:14:15,677 - ERROR - RECHAZO STOP_MARKET: Code -2021 Msg Order would immediately trigger.
2025-11-25 08:14:23,234 - INFO - INTENTO STOP_MARKET: SELL 2.3 AAVEUSDT Trigger: 178.08 PosSide: LONG
2025-11-25 08:14:23,235 - INFO - INTENTO TAKE_PROFIT_MARKET: SELL 2.3 AAVEUSDT Trigger: 183.20 PosSide: LONG
2025-11-25 08:14:23,750 - ERROR - RECHAZO STOP_MARKET: Code -2021 Msg Order would immediately trigger.
2025-11-25 08:14:24,304 - INFO - EXITO TAKE_PROFIT_MARKET: OrderID 69726338
2025-11-25 08:14:31,920 - INFO - INTENTO STOP_MARKET: SELL 2.3 AAVEUSDT Trigger: 178.13 PosSide: LONG
2025-11-25 08:14:31,921 - INFO - INTENTO TAKE_PROFIT_MARKET: SELL 2.3 AAVEUSDT Trigger: 183.20 PosSide: LONG
2025-11-25 08:14:32,404 - ERROR - RECHAZO STOP_MARKET: Code -2021 Msg Order would immediately trigger.
2025-11-25 08:14:32,967 - INFO - EXITO TAKE_PROFIT_MARKET: OrderID 69726378
2025-11-25 08:14:39,335 - INFO - INTENTO STOP_MARKET: SELL 2.3 AAVEUSDT Trigger: 178.17 PosSide: LONG
2025-11-25 08:14:39,335 - INFO - INTENTO TAKE_PROFIT_MARKET: SELL 2.3 AAVEUSDT Trigger: 183.20 PosSide: LONG
2025-11-25 08:14:39,859 - ERROR - RECHAZO STOP_MARKET: Code -2021 Msg Order would immediately trigger.
2025-11-25 08:14:40,316 - INFO - EXITO TAKE_PROFIT_MARKET: OrderID 69726390
2025-11-25 08:14:46,649 - INFO - INTENTO STOP_MARKET: SELL 2.3 AAVEUSDT Trigger: 178.20 PosSide: LONG
2025-11-25 08:14:46,649 - INFO - INTENTO TAKE_PROFIT_MARKET: SELL 2.3 AAVEUSDT Trigger: 183.20 PosSide: LONG
2025-11-25 08:14:47,079 - ERROR - RECHAZO STOP_MARKET: Code -2021 Msg Order would immediately trigger.
2025-11-25 08:14:47,205 - INFO - EXITO TAKE_PROFIT_MARKET: OrderID 69726438
2025-11-25 08:14:53,985 - INFO - INTENTO STOP_MARKET: SELL 2.3 AAVEUSDT Trigger: 178.28 PosSide: LONG
2025-11-25 08:14:53,985 - INFO - INTENTO TAKE_PROFIT_MARKET: SELL 2.3 AAVEUSDT Trigger: 183.20 PosSide: LONG
2025-11-25 08:14:54,978 - ERROR - RECHAZO STOP_MARKET: Code -2021 Msg Order would immediately trigger.
2025-11-25 08:14:54,978 - INFO - EXITO TAKE_PROFIT_MARKET: OrderID 69726481
2025-11-25 08:15:01,288 - INFO - INTENTO STOP_MARKET: SELL 2.3 AAVEUSDT Trigger: 178.45 PosSide: LONG
2025-11-25 08:15:01,288 - INFO - INTENTO TAKE_PROFIT_MARKET: SELL 2.3 AAVEUSDT Trigger: 183.20 PosSide: LONG
2025-11-25 08:15:01,727 - INFO - EXITO TAKE_PROFIT_MARKET: OrderID 69726511
2025-11-25 08:15:02,257 - ERROR - RECHAZO STOP_MARKET: Code -2021 Msg Order would immediately trigger.
2025-11-25 08:15:09,422 - INFO - INTENTO STOP_MARKET: SELL 2.3 AAVEUSDT Trigger: 178.61 PosSide: LONG
2025-11-25 08:15:09,422 - INFO - INTENTO TAKE_PROFIT_MARKET: SELL 2.3 AAVEUSDT Trigger: 183.20 PosSide: LONG
2025-11-25 08:15:09,903 - ERROR - RECHAZO STOP_MARKET: Code -2021 Msg Order would immediately trigger.
2025-11-25 08:15:10,413 - INFO - EXITO TAKE_PROFIT_MARKET: OrderID 69726537
2025-11-25 08:15:36,636 - INFO - INTENTO STOP_MARKET: SELL 2.3 AAVEUSDT Trigger: 178.63 PosSide: LONG
2025-11-25 08:15:36,637 - INFO - INTENTO TAKE_PROFIT_MARKET: SELL 2.3 AAVEUSDT Trigger: 183.20 PosSide: LONG
2025-11-25 08:15:37,129 - ERROR - RECHAZO STOP_MARKET: Code -2021 Msg Order would immediately trigger.
2025-11-25 08:15:37,605 - INFO - EXITO TAKE_PROFIT_MARKET: OrderID 69726626
2025-11-25 08:17:11,223 - INFO - INTENTO STOP_MARKET: SELL 2.3 AAVEUSDT Trigger: 178.64 PosSide: LONG
2025-11-25 08:17:11,224 - INFO - INTENTO TAKE_PROFIT_MARKET: SELL 2.3 AAVEUSDT Trigger: 183.20 PosSide: LONG
2025-11-25 08:17:11,673 - ERROR - RECHAZO STOP_MARKET: Code -2021 Msg Order would immediately trigger.
2025-11-25 08:17:13,747 - INFO - EXITO TAKE_PROFIT_MARKET: OrderID 69726912
2025-11-25 08:17:21,272 - INFO - INTENTO STOP_MARKET: SELL 2.3 AAVEUSDT Trigger: 178.68 PosSide: LONG
2025-11-25 08:17:21,272 - INFO - INTENTO TAKE_PROFIT_MARKET: SELL 2.3 AAVEUSDT Trigger: 183.20 PosSide: LONG
2025-11-25 08:17:21,773 - INFO - EXITO TAKE_PROFIT_MARKET: OrderID 69726931
2025-11-25 08:17:22,322 - ERROR - RECHAZO STOP_MARKET: Code -2021 Msg Order would immediately trigger.
2025-11-25 08:18:54,279 - INFO - INTENTO STOP_MARKET: SELL 2.3 AAVEUSDT Trigger: 178.69 PosSide: LONG
2025-11-25 08:18:54,279 - INFO - INTENTO TAKE_PROFIT_MARKET: SELL 2.3 AAVEUSDT Trigger: 183.20 PosSide: LONG
2025-11-25 08:18:55,218 - ERROR - RECHAZO STOP_MARKET: Code -2021 Msg Order would immediately trigger.
2025-11-25 08:18:56,498 - INFO - EXITO TAKE_PROFIT_MARKET: OrderID 69727163
2025-11-25 08:19:10,745 - INFO - INTENTO STOP_MARKET: SELL 2.3 AAVEUSDT Trigger: 178.70 PosSide: LONG
2025-11-25 08:19:10,746 - INFO - INTENTO TAKE_PROFIT_MARKET: SELL 2.3 AAVEUSDT Trigger: 183.20 PosSide: LONG
2025-11-25 08:19:11,177 - INFO - EXITO TAKE_PROFIT_MARKET: OrderID 69727210
2025-11-25 08:19:11,245 - ERROR - RECHAZO STOP_MARKET: Code -2021 Msg Order would immediately trigger.
2025-11-25 08:19:38,389 - INFO - INTENTO STOP_MARKET: SELL 2.3 AAVEUSDT Trigger: 178.73 PosSide: LONG
2025-11-25 08:19:38,390 - INFO - INTENTO TAKE_PROFIT_MARKET: SELL 2.3 AAVEUSDT Trigger: 183.20 PosSide: LONG
2025-11-25 08:19:39,395 - ERROR - RECHAZO STOP_MARKET: Code -2021 Msg Order would immediately trigger.
2025-11-25 08:19:39,395 - INFO - EXITO TAKE_PROFIT_MARKET: OrderID 69727288
2025-11-25 08:19:52,693 - INFO - INTENTO STOP_MARKET: SELL 2.3 AAVEUSDT Trigger: 178.75 PosSide: LONG
2025-11-25 08:19:52,693 - INFO - INTENTO TAKE_PROFIT_MARKET: SELL 2.3 AAVEUSDT Trigger: 183.20 PosSide: LONG
2025-11-25 08:19:53,200 - ERROR - RECHAZO STOP_MARKET: Code -2021 Msg Order would immediately trigger.
2025-11-25 08:19:53,630 - INFO - EXITO TAKE_PROFIT_MARKET: OrderID 69727336
2025-11-25 08:20:05,910 - INFO - INTENTO STOP_MARKET: SELL 2.3 AAVEUSDT Trigger: 178.76 PosSide: LONG
2025-11-25 08:20:05,910 - INFO - INTENTO TAKE_PROFIT_MARKET: SELL 2.3 AAVEUSDT Trigger: 183.20 PosSide: LONG
2025-11-25 08:20:06,408 - ERROR - RECHAZO STOP_MARKET: Code -2021 Msg Order would immediately trigger.
2025-11-25 08:20:07,014 - INFO - EXITO TAKE_PROFIT_MARKET: OrderID 69727395
2025-11-25 08:20:14,404 - INFO - INTENTO STOP_MARKET: SELL 2.3 AAVEUSDT Trigger: 178.77 PosSide: LONG
2025-11-25 08:20:14,405 - INFO - INTENTO TAKE_PROFIT_MARKET: SELL 2.3 AAVEUSDT Trigger: 183.20 PosSide: LONG
2025-11-25 08:20:15,350 - ERROR - RECHAZO STOP_MARKET: Code -2021 Msg Order would immediately trigger.
2025-11-25 08:20:15,382 - INFO - EXITO TAKE_PROFIT_MARKET: OrderID 69727413
2025-11-25 08:20:21,731 - INFO - INTENTO STOP_MARKET: SELL 2.3 AAVEUSDT Trigger: 178.78 PosSide: LONG
2025-11-25 08:20:21,732 - INFO - INTENTO TAKE_PROFIT_MARKET: SELL 2.3 AAVEUSDT Trigger: 183.20 PosSide: LONG
2025-11-25 08:20:22,668 - ERROR - RECHAZO STOP_MARKET: Code -2021 Msg Order would immediately trigger.
2025-11-25 08:20:22,740 - INFO - EXITO TAKE_PROFIT_MARKET: OrderID 69727453
2025-11-25 08:20:36,546 - INFO - INTENTO STOP_MARKET: SELL 2.3 AAVEUSDT Trigger: 178.80 PosSide: LONG
2025-11-25 08:20:36,546 - INFO - INTENTO TAKE_PROFIT_MARKET: SELL 2.3 AAVEUSDT Trigger: 183.20 PosSide: LONG
2025-11-25 08:20:37,474 - INFO - EXITO TAKE_PROFIT_MARKET: OrderID 69727498
2025-11-25 08:20:37,515 - ERROR - RECHAZO STOP_MARKET: Code -2021 Msg Order would immediately trigger.
2025-11-25 08:20:43,741 - INFO - INTENTO STOP_MARKET: SELL 2.3 AAVEUSDT Trigger: 178.84 PosSide: LONG
2025-11-25 08:20:43,741 - INFO - INTENTO TAKE_PROFIT_MARKET: SELL 2.3 AAVEUSDT Trigger: 183.20 PosSide: LONG
2025-11-25 08:20:44,146 - INFO - EXITO TAKE_PROFIT_MARKET: OrderID 69727515
2025-11-25 08:20:44,739 - ERROR - RECHAZO STOP_MARKET: Code -2021 Msg Order would immediately trigger.
2025-11-25 08:20:51,627 - INFO - INTENTO STOP_MARKET: SELL 2.3 AAVEUSDT Trigger: 178.86 PosSide: LONG
2025-11-25 08:20:51,628 - INFO - INTENTO TAKE_PROFIT_MARKET: SELL 2.3 AAVEUSDT Trigger: 183.20 PosSide: LONG
2025-11-25 08:20:52,099 - ERROR - RECHAZO STOP_MARKET: Code -2021 Msg Order would immediately trigger.
2025-11-25 08:20:52,588 - INFO - EXITO TAKE_PROFIT_MARKET: OrderID 69727536
2025-11-25 08:21:00,391 - INFO - INTENTO STOP_MARKET: SELL 2.3 AAVEUSDT Trigger: 178.89 PosSide: LONG
2025-11-25 08:21:00,392 - INFO - INTENTO TAKE_PROFIT_MARKET: SELL 2.3 AAVEUSDT Trigger: 183.20 PosSide: LONG
2025-11-25 08:21:00,851 - ERROR - RECHAZO STOP_MARKET: Code -2021 Msg Order would immediately trigger.
2025-11-25 08:21:01,365 - INFO - EXITO TAKE_PROFIT_MARKET: OrderID 69727591
2025-11-25 08:21:07,853 - INFO - INTENTO STOP_MARKET: SELL 2.3 AAVEUSDT Trigger: 178.91 PosSide: LONG
2025-11-25 08:21:07,854 - INFO - INTENTO TAKE_PROFIT_MARKET: SELL 2.3 AAVEUSDT Trigger: 183.20 PosSide: LONG
2025-11-25 08:21:08,840 - ERROR - RECHAZO STOP_MARKET: Code -2021 Msg Order would immediately trigger.
2025-11-25 08:21:08,840 - INFO - EXITO TAKE_PROFIT_MARKET: OrderID 69727615
2025-11-25 08:21:15,275 - INFO - INTENTO STOP_MARKET: SELL 2.3 AAVEUSDT Trigger: 178.92 PosSide: LONG
2025-11-25 08:21:15,275 - INFO - INTENTO TAKE_PROFIT_MARKET: SELL 2.3 AAVEUSDT Trigger: 183.20 PosSide: LONG
2025-11-25 08:21:15,719 - ERROR - RECHAZO STOP_MARKET: Code -2021 Msg Order would immediately trigger.
2025-11-25 08:21:16,351 - INFO - EXITO TAKE_PROFIT_MARKET: OrderID 69727655
2025-11-25 08:21:22,625 - INFO - INTENTO STOP_MARKET: SELL 2.3 AAVEUSDT Trigger: 178.98 PosSide: LONG
2025-11-25 08:21:22,625 - INFO - INTENTO TAKE_PROFIT_MARKET: SELL 2.3 AAVEUSDT Trigger: 183.20 PosSide: LONG
2025-11-25 08:21:23,546 - INFO - EXITO TAKE_PROFIT_MARKET: OrderID 69727667
2025-11-25 08:21:23,604 - ERROR - RECHAZO STOP_MARKET: Code -2021 Msg Order would immediately trigger.
2025-11-25 08:21:37,985 - INFO - INTENTO STOP_MARKET: SELL 2.3 AAVEUSDT Trigger: 179.02 PosSide: LONG
2025-11-25 08:21:37,986 - INFO - INTENTO TAKE_PROFIT_MARKET: SELL 2.3 AAVEUSDT Trigger: 183.20 PosSide: LONG
2025-11-25 08:21:38,451 - ERROR - RECHAZO STOP_MARKET: Code -2021 Msg Order would immediately trigger.
2025-11-25 08:21:38,954 - INFO - EXITO TAKE_PROFIT_MARKET: OrderID 69727708
2025-11-25 08:21:45,406 - INFO - INTENTO STOP_MARKET: SELL 2.3 AAVEUSDT Trigger: 179.05 PosSide: LONG
2025-11-25 08:21:45,407 - INFO - INTENTO TAKE_PROFIT_MARKET: SELL 2.3 AAVEUSDT Trigger: 183.20 PosSide: LONG
2025-11-25 08:21:45,904 - ERROR - RECHAZO STOP_MARKET: Code -2021 Msg Order would immediately trigger.
2025-11-25 08:21:46,399 - INFO - EXITO TAKE_PROFIT_MARKET: OrderID 69727742
2025-11-25 08:21:53,978 - INFO - INTENTO STOP_MARKET: SELL 2.3 AAVEUSDT Trigger: 179.07 PosSide: LONG
2025-11-25 08:21:53,979 - INFO - INTENTO TAKE_PROFIT_MARKET: SELL 2.3 AAVEUSDT Trigger: 183.20 PosSide: LONG
2025-11-25 08:21:54,475 - ERROR - RECHAZO STOP_MARKET: Code -2021 Msg Order would immediately trigger.
2025-11-25 08:21:55,106 - INFO - EXITO TAKE_PROFIT_MARKET: OrderID 69727776
2025-11-25 08:22:02,218 - INFO - INTENTO STOP_MARKET: SELL 2.3 AAVEUSDT Trigger: 179.11 PosSide: LONG
2025-11-25 08:22:02,218 - INFO - INTENTO TAKE_PROFIT_MARKET: SELL 2.3 AAVEUSDT Trigger: 183.20 PosSide: LONG
2025-11-25 08:22:02,740 - INFO - EXITO TAKE_PROFIT_MARKET: OrderID 69727795
2025-11-25 08:22:03,237 - ERROR - RECHAZO STOP_MARKET: Code -2021 Msg Order would immediately trigger.
2025-11-25 08:22:16,364 - INFO - INTENTO STOP_MARKET: SELL 2.3 AAVEUSDT Trigger: 179.12 PosSide: LONG
2025-11-25 08:22:16,364 - INFO - INTENTO TAKE_PROFIT_MARKET: SELL 2.3 AAVEUSDT Trigger: 183.20 PosSide: LONG
2025-11-25 08:22:16,904 - ERROR - RECHAZO STOP_MARKET: Code -2021 Msg Order would immediately trigger.
2025-11-25 08:22:17,393 - INFO - EXITO TAKE_PROFIT_MARKET: OrderID 69727844
2025-11-25 08:23:17,302 - INFO - INTENTO STOP_MARKET: SELL 2.3 AAVEUSDT Trigger: 179.13 PosSide: LONG
2025-11-25 08:23:17,303 - INFO - INTENTO TAKE_PROFIT_MARKET: SELL 2.3 AAVEUSDT Trigger: 183.20 PosSide: LONG
2025-11-25 08:23:17,729 - ERROR - RECHAZO STOP_MARKET: Code -2021 Msg Order would immediately trigger.
2025-11-25 08:23:19,927 - INFO - EXITO TAKE_PROFIT_MARKET: OrderID 69728040
2025-11-25 08:23:27,843 - INFO - INTENTO STOP_MARKET: SELL 2.3 AAVEUSDT Trigger: 179.14 PosSide: LONG
2025-11-25 08:23:27,843 - INFO - INTENTO TAKE_PROFIT_MARKET: SELL 2.3 AAVEUSDT Trigger: 183.20 PosSide: LONG
2025-11-25 08:23:28,846 - ERROR - RECHAZO STOP_MARKET: Code -2021 Msg Order would immediately trigger.
2025-11-25 08:23:28,881 - INFO - EXITO TAKE_PROFIT_MARKET: OrderID 69728060
2025-11-25 08:23:36,272 - INFO - INTENTO STOP_MARKET: SELL 2.3 AAVEUSDT Trigger: 179.16 PosSide: LONG
2025-11-25 08:23:36,273 - INFO - INTENTO TAKE_PROFIT_MARKET: SELL 2.3 AAVEUSDT Trigger: 183.20 PosSide: LONG
2025-11-25 08:23:37,324 - INFO - EXITO TAKE_PROFIT_MARKET: OrderID 69728096
2025-11-25 08:23:37,325 - ERROR - RECHAZO STOP_MARKET: Code -2021 Msg Order would immediately trigger.
2025-11-25 08:23:43,646 - INFO - INTENTO STOP_MARKET: SELL 2.3 AAVEUSDT Trigger: 179.17 PosSide: LONG
2025-11-25 08:23:43,646 - INFO - INTENTO TAKE_PROFIT_MARKET: SELL 2.3 AAVEUSDT Trigger: 183.20 PosSide: LONG
2025-11-25 08:23:44,139 - ERROR - RECHAZO STOP_MARKET: Code -2021 Msg Order would immediately trigger.
2025-11-25 08:23:44,139 - INFO - EXITO TAKE_PROFIT_MARKET: OrderID 69728132
2025-11-25 08:23:51,092 - INFO - INTENTO STOP_MARKET: SELL 2.3 AAVEUSDT Trigger: 179.20 PosSide: LONG
2025-11-25 08:23:51,093 - INFO - INTENTO TAKE_PROFIT_MARKET: SELL 2.3 AAVEUSDT Trigger: 183.20 PosSide: LONG
2025-11-25 08:23:51,493 - ERROR - RECHAZO STOP_MARKET: Code -2021 Msg Order would immediately trigger.
2025-11-25 08:23:51,611 - INFO - EXITO TAKE_PROFIT_MARKET: OrderID 69728153
2025-11-25 08:23:58,458 - INFO - INTENTO STOP_MARKET: SELL 2.3 AAVEUSDT Trigger: 179.21 PosSide: LONG
2025-11-25 08:23:58,458 - INFO - INTENTO TAKE_PROFIT_MARKET: SELL 2.3 AAVEUSDT Trigger: 183.20 PosSide: LONG
2025-11-25 08:23:58,962 - ERROR - RECHAZO STOP_MARKET: Code -2021 Msg Order would immediately trigger.
2025-11-25 08:23:58,962 - INFO - EXITO TAKE_PROFIT_MARKET: OrderID 69728213
2025-11-25 08:24:06,370 - INFO - INTENTO STOP_MARKET: SELL 2.3 AAVEUSDT Trigger: 179.26 PosSide: LONG
2025-11-25 08:24:06,370 - INFO - INTENTO TAKE_PROFIT_MARKET: SELL 2.3 AAVEUSDT Trigger: 183.20 PosSide: LONG
2025-11-25 08:24:07,310 - ERROR - RECHAZO STOP_MARKET: Code -2021 Msg Order would immediately trigger.
2025-11-25 08:24:07,376 - INFO - EXITO TAKE_PROFIT_MARKET: OrderID 69728240
2025-11-25 08:24:14,290 - INFO - INTENTO STOP_MARKET: SELL 2.3 AAVEUSDT Trigger: 179.29 PosSide: LONG
2025-11-25 08:24:14,291 - INFO - INTENTO TAKE_PROFIT_MARKET: SELL 2.3 AAVEUSDT Trigger: 183.20 PosSide: LONG
2025-11-25 08:24:14,777 - INFO - EXITO TAKE_PROFIT_MARKET: OrderID 69728275
2025-11-25 08:24:15,290 - ERROR - RECHAZO STOP_MARKET: Code -2021 Msg Order would immediately trigger.
2025-11-25 08:24:23,180 - INFO - INTENTO STOP_MARKET: SELL 2.3 AAVEUSDT Trigger: 179.34 PosSide: LONG
2025-11-25 08:24:23,181 - INFO - INTENTO TAKE_PROFIT_MARKET: SELL 2.3 AAVEUSDT Trigger: 183.20 PosSide: LONG
2025-11-25 08:24:23,728 - ERROR - RECHAZO STOP_MARKET: Code -2021 Msg Order would immediately trigger.
2025-11-25 08:24:24,222 - INFO - EXITO TAKE_PROFIT_MARKET: OrderID 69728317
2025-11-25 08:24:32,016 - INFO - INTENTO STOP_MARKET: SELL 2.3 AAVEUSDT Trigger: 179.41 PosSide: LONG
2025-11-25 08:24:32,017 - INFO - INTENTO TAKE_PROFIT_MARKET: SELL 2.3 AAVEUSDT Trigger: 183.20 PosSide: LONG
2025-11-25 08:24:32,422 - INFO - EXITO TAKE_PROFIT_MARKET: OrderID 69728330
2025-11-25 08:24:32,437 - ERROR - RECHAZO STOP_MARKET: Code -2021 Msg Order would immediately trigger.
2025-11-25 08:24:50,367 - INFO - INTENTO STOP_MARKET: SELL 2.3 AAVEUSDT Trigger: 179.42 PosSide: LONG
2025-11-25 08:24:50,367 - INFO - INTENTO TAKE_PROFIT_MARKET: SELL 2.3 AAVEUSDT Trigger: 183.20 PosSide: LONG
2025-11-25 08:24:50,840 - ERROR - RECHAZO STOP_MARKET: Code -2021 Msg Order would immediately trigger.
2025-11-25 08:24:51,337 - INFO - EXITO TAKE_PROFIT_MARKET: OrderID 69728414
2025-11-25 08:24:58,806 - INFO - INTENTO STOP_MARKET: SELL 2.3 AAVEUSDT Trigger: 179.44 PosSide: LONG
2025-11-25 08:24:58,806 - INFO - INTENTO TAKE_PROFIT_MARKET: SELL 2.3 AAVEUSDT Trigger: 183.20 PosSide: LONG
2025-11-25 08:24:59,208 - INFO - EXITO TAKE_PROFIT_MARKET: OrderID 69728428
2025-11-25 08:24:59,834 - ERROR - RECHAZO STOP_MARKET: Code -2021 Msg Order would immediately trigger.
2025-11-25 08:25:13,951 - INFO - INTENTO STOP_MARKET: SELL 2.3 AAVEUSDT Trigger: 179.45 PosSide: LONG
2025-11-25 08:25:13,952 - INFO - INTENTO TAKE_PROFIT_MARKET: SELL 2.3 AAVEUSDT Trigger: 183.20 PosSide: LONG
2025-11-25 08:25:14,398 - ERROR - RECHAZO STOP_MARKET: Code -2021 Msg Order would immediately trigger.
2025-11-25 08:25:14,911 - INFO - EXITO TAKE_PROFIT_MARKET: OrderID 69728496
2025-11-25 08:25:22,889 - INFO - INTENTO STOP_MARKET: SELL 2.3 AAVEUSDT Trigger: 179.49 PosSide: LONG
2025-11-25 08:25:22,890 - INFO - INTENTO TAKE_PROFIT_MARKET: SELL 2.3 AAVEUSDT Trigger: 183.20 PosSide: LONG
2025-11-25 08:25:23,367 - ERROR - RECHAZO STOP_MARKET: Code -2021 Msg Order would immediately trigger.
2025-11-25 08:25:23,887 - INFO - EXITO TAKE_PROFIT_MARKET: OrderID 69728530
2025-11-25 08:25:37,128 - INFO - INTENTO STOP_MARKET: SELL 2.3 AAVEUSDT Trigger: 179.50 PosSide: LONG
2025-11-25 08:25:37,128 - INFO - INTENTO TAKE_PROFIT_MARKET: SELL 2.3 AAVEUSDT Trigger: 183.20 PosSide: LONG
2025-11-25 08:25:37,626 - ERROR - RECHAZO STOP_MARKET: Code -2021 Msg Order would immediately trigger.
2025-11-25 08:25:38,069 - INFO - EXITO TAKE_PROFIT_MARKET: OrderID 69728565
2025-11-25 08:25:52,821 - INFO - INTENTO STOP_MARKET: SELL 2.3 AAVEUSDT Trigger: 179.51 PosSide: LONG
2025-11-25 08:25:52,821 - INFO - INTENTO TAKE_PROFIT_MARKET: SELL 2.3 AAVEUSDT Trigger: 183.20 PosSide: LONG
2025-11-25 08:25:53,340 - ERROR - RECHAZO STOP_MARKET: Code -2021 Msg Order would immediately trigger.
2025-11-25 08:25:53,758 - INFO - EXITO TAKE_PROFIT_MARKET: OrderID 69728609
2025-11-25 08:44:01,258 - INFO - INTENTO STOP_MARKET: SELL 2.3 AAVEUSDT Trigger: 179.52 PosSide: LONG
2025-11-25 08:44:01,258 - INFO - INTENTO TAKE_PROFIT_MARKET: SELL 2.3 AAVEUSDT Trigger: 183.20 PosSide: LONG
2025-11-25 08:44:02,266 - ERROR - RECHAZO STOP_MARKET: Code -2021 Msg Order would immediately trigger.
2025-11-25 08:44:03,633 - INFO - EXITO TAKE_PROFIT_MARKET: OrderID 69731228
2025-11-25 08:44:11,086 - INFO - INTENTO STOP_MARKET: SELL 2.3 AAVEUSDT Trigger: 179.54 PosSide: LONG
2025-11-25 08:44:11,087 - INFO - INTENTO TAKE_PROFIT_MARKET: SELL 2.3 AAVEUSDT Trigger: 183.20 PosSide: LONG
2025-11-25 08:44:11,512 - INFO - EXITO TAKE_PROFIT_MARKET: OrderID 69731253
2025-11-25 08:44:12,031 - ERROR - RECHAZO STOP_MARKET: Code -2021 Msg Order would immediately trigger.
2025-11-25 08:44:19,422 - INFO - INTENTO STOP_MARKET: SELL 2.3 AAVEUSDT Trigger: 179.55 PosSide: LONG
2025-11-25 08:44:19,423 - INFO - INTENTO TAKE_PROFIT_MARKET: SELL 2.3 AAVEUSDT Trigger: 183.20 PosSide: LONG
2025-11-25 08:44:20,385 - ERROR - RECHAZO STOP_MARKET: Code -2021 Msg Order would immediately trigger.
2025-11-25 08:44:20,452 - INFO - EXITO TAKE_PROFIT_MARKET: OrderID 69731276
2025-11-25 08:51:28,875 - INFO - INTENTO MARKET: BUY 0.6 AAVEUSDT (LONG)
2025-11-25 08:51:29,332 - INFO - EXITO MARKET: ID 69732486
2025-11-25 08:52:14,013 - INFO - INTENTO MARKET: BUY 0.6 AAVEUSDT (LONG)
2025-11-25 08:52:14,446 - INFO - EXITO MARKET: ID 69732579
2025-11-25 10:07:32,860 - INFO - INTENTO MARKET: SELL 0.6 AAVEUSDT (SHORT)
2025-11-25 10:07:33,815 - INFO - EXITO MARKET: ID 69741793
2025-11-25 10:08:04,339 - INFO - INTENTO MARKET: SELL 0.6 AAVEUSDT (SHORT)
2025-11-25 10:08:04,742 - INFO - EXITO MARKET: ID 69741839
2025-11-25 10:28:29,351 - INFO - INTENTO MARKET: SELL 0.6 AAVEUSDT (SHORT)
2025-11-25 10:28:29,756 - INFO - EXITO MARKET: ID 69743450
2025-11-25 10:29:33,509 - INFO - INTENTO MARKET: SELL 0.6 AAVEUSDT (SHORT)
2025-11-25 10:29:34,102 - INFO - EXITO MARKET: ID 69743519
2025-11-25 11:20:31,340 - INFO - INTENTO MARKET: BUY 0.6 AAVEUSDT (LONG)
2025-11-25 11:20:33,763 - INFO - EXITO MARKET: ID 69749790
2025-11-25 11:21:11,313 - INFO - INTENTO MARKET: BUY 0.6 AAVEUSDT (LONG)
2025-11-25 11:21:11,719 - INFO - EXITO MARKET: ID 69749884
2025-11-25 11:21:11,720 - INFO - INTENTO MARKET: BUY 0.6 AAVEUSDT (LONG)
2025-11-25 11:21:12,767 - INFO - EXITO MARKET: ID 69749891
2025-11-25 11:23:43,909 - INFO - INTENTO STOP_MARKET: SELL 5.3 AAVEUSDT Trigger: 177.14 PosSide: LONG
2025-11-25 11:23:43,909 - INFO - INTENTO TAKE_PROFIT_MARKET: SELL 5.3 AAVEUSDT Trigger: 179.27 PosSide: LONG
2025-11-25 11:23:44,325 - ERROR - RECHAZO STOP_MARKET: Code -2021 Msg Order would immediately trigger.
2025-11-25 11:23:45,393 - INFO - EXITO TAKE_PROFIT_MARKET: OrderID 69750137
2025-11-25 11:30:04,231 - INFO - INTENTO MARKET: BUY 0.6 AAVEUSDT (LONG)
2025-11-25 11:30:06,645 - INFO - EXITO MARKET: ID 69750619
2025-11-25 11:31:04,698 - INFO - INTENTO MARKET: SELL 0.6 AAVEUSDT (SHORT)
2025-11-25 11:31:05,667 - INFO - EXITO MARKET: ID 69750792
2025-11-25 11:31:05,745 - INFO - INTENTO MARKET: SELL 0.6 AAVEUSDT (SHORT)
2025-11-25 11:31:06,725 - INFO - EXITO MARKET: ID 69750795
2025-11-25 11:31:30,460 - INFO - INTENTO MARKET: SELL 0.6 AAVEUSDT (SHORT)
2025-11-25 11:31:31,464 - INFO - EXITO MARKET: ID 69750868
2025-11-25 11:31:38,184 - INFO - INTENTO MARKET: SELL 0.6 AAVEUSDT (SHORT)
2025-11-25 11:31:38,594 - INFO - EXITO MARKET: ID 69750879
2025-11-25 11:31:38,594 - INFO - INTENTO MARKET: SELL 0.6 AAVEUSDT (SHORT)
2025-11-25 11:31:39,039 - INFO - EXITO MARKET: ID 69750880
2025-11-25 11:31:46,707 - INFO - INTENTO MARKET: SELL 0.6 AAVEUSDT (SHORT)
2025-11-25 11:31:47,641 - INFO - EXITO MARKET: ID 69750924
2025-11-25 11:32:03,909 - INFO - INTENTO MARKET: SELL 0.6 AAVEUSDT (SHORT)
2025-11-25 11:32:04,386 - INFO - EXITO MARKET: ID 69750957
2025-11-25 11:32:04,390 - INFO - INTENTO MARKET: SELL 0.6 AAVEUSDT (SHORT)
2025-11-25 11:32:04,804 - INFO - EXITO MARKET: ID 69750959
2025-11-25 11:32:14,511 - INFO - INTENTO MARKET: SELL 0.6 AAVEUSDT (SHORT)
2025-11-25 11:32:15,484 - INFO - EXITO MARKET: ID 69751001
2025-11-25 11:32:44,335 - INFO - INTENTO MARKET: SELL 0.6 AAVEUSDT (SHORT)
2025-11-25 11:32:44,765 - INFO - EXITO MARKET: ID 69751108
2025-11-25 11:32:44,845 - INFO - INTENTO MARKET: SELL 0.6 AAVEUSDT (SHORT)
2025-11-25 11:32:45,284 - INFO - EXITO MARKET: ID 69751110
2025-11-25 11:32:45,302 - INFO - INTENTO MARKET: SELL 0.6 AAVEUSDT (SHORT)
2025-11-25 11:32:46,349 - INFO - EXITO MARKET: ID 69751114
2025-11-25 11:34:33,540 - INFO - INTENTO MARKET: SELL 0.6 AAVEUSDT (SHORT)
2025-11-25 11:34:35,953 - INFO - EXITO MARKET: ID 69751410
2025-11-25 11:38:26,138 - INFO - INTENTO MARKET: SELL 0.6 AAVEUSDT (SHORT)
2025-11-25 11:38:26,642 - INFO - EXITO MARKET: ID 69751743
2025-11-25 11:39:30,869 - INFO - LIMPIEZA COMPLETADA: 0 órdenes activas en AAVEUSDT
2025-11-25 13:21:53,124 - INFO - INTENTO MARKET: SELL 0.6 AAVEUSDT (SHORT)
2025-11-25 13:21:55,668 - INFO - EXITO MARKET: ID 69762011
2025-11-25 13:21:55,669 - INFO - INTENTO STOP_MARKET: BUY 0.6 Trigger: 178.21 PosSide: SHORT
2025-11-25 13:21:55,669 - INFO - INTENTO TAKE_PROFIT_MARKET: BUY 0.6 Trigger: 175.55 PosSide: SHORT
2025-11-25 13:21:56,154 - INFO - EXITO STOP_MARKET: OrderID 69762015
2025-11-25 13:21:56,212 - INFO - EXITO TAKE_PROFIT_MARKET: OrderID 69762014
2025-11-25 13:27:53,660 - INFO - INTENTO STOP_MARKET: BUY 0.6 Trigger: 177.14 PosSide: SHORT
2025-11-25 13:27:53,660 - INFO - INTENTO TAKE_PROFIT_MARKET: BUY 0.6 Trigger: 175.55 PosSide: SHORT
2025-11-25 13:27:54,172 - INFO - EXITO STOP_MARKET: OrderID 69762460
2025-11-25 13:27:56,201 - INFO - EXITO TAKE_PROFIT_MARKET: OrderID 69762461
2025-11-25 14:35:54,010 - INFO - INTENTO MARKET: BUY 2.3
2025-11-25 14:35:54,514 - INFO - EXITO MARKET ID: 69769252
2025-11-25 14:35:54,516 - INFO - INTENTO STOP_MARKET: SELL 2.3 @ 178.31
2025-11-25 14:35:54,516 - INFO - INTENTO TAKE_PROFIT_MARKET: SELL 2.3 @ 184.03
2025-11-25 14:35:54,976 - ERROR - RECHAZO STOP_MARKET: Order would immediately trigger.
2025-11-25 14:44:48,532 - INFO - INTENTO STOP_MARKET: SELL 2.3 @ 178.31
2025-11-25 14:44:48,533 - INFO - INTENTO TAKE_PROFIT_MARKET: SELL 2.3 @ 180.46
2025-11-25 14:44:49,486 - ERROR - RECHAZO STOP_MARKET: Order would immediately trigger.
2025-11-25 14:46:04,388 - INFO - INTENTO LIMIT: BUY 0.6 @ 177.32
2025-11-25 14:46:11,396 - INFO - INTENTO LIMIT: BUY 0.6 @ 177.32
2025-11-25 14:46:27,044 - INFO - INTENTO LIMIT: BUY 0.6 @ 177.28
2025-11-25 14:46:55,552 - INFO - INTENTO LIMIT: BUY 0.6 @ 177.17
2025-11-25 14:47:02,554 - INFO - INTENTO LIMIT: BUY 0.6 @ 177.17
2025-11-25 14:47:09,558 - INFO - INTENTO LIMIT: BUY 0.6 @ 177.17
2025-11-25 14:47:47,453 - INFO - INTENTO LIMIT: BUY 0.6 @ 177.17
2025-11-25 14:47:53,571 - INFO - INTENTO LIMIT: BUY 0.6 @ 177.17
2025-11-25 14:48:00,900 - INFO - INTENTO LIMIT: BUY 0.6 @ 177.17
2025-11-25 14:48:07,483 - INFO - INTENTO LIMIT: BUY 0.6 @ 177.17
2025-11-25 14:48:13,915 - INFO - INTENTO LIMIT: BUY 0.6 @ 177.17
2025-11-25 14:48:21,313 - INFO - INTENTO LIMIT: BUY 0.6 @ 177.17
2025-11-25 14:51:10,017 - INFO - INTENTO STOP_MARKET: SELL 11.7 @ 177.42
2025-11-25 14:51:10,018 - INFO - INTENTO TAKE_PROFIT_MARKET: SELL 11.7 @ 179.56
2025-11-25 14:51:10,531 - ERROR - RECHAZO STOP_MARKET: Order would immediately trigger.
2025-11-25 14:58:06,902 - INFO - INTENTO LIMIT: BUY 0.6 @ 177.00
2025-11-25 14:58:48,305 - INFO - INTENTO LIMIT: BUY 0.6 @ 176.99
2025-11-25 14:59:56,536 - INFO - INTENTO LIMIT: BUY 0.6 @ 176.89
2025-11-25 15:00:03,504 - INFO - INTENTO LIMIT: BUY 0.6 @ 176.89
2025-11-25 15:00:09,839 - INFO - INTENTO LIMIT: BUY 0.6 @ 176.89
2025-11-25 15:01:29,641 - INFO - INTENTO STOP_MARKET: SELL 25.8 @ 177.08
2025-11-25 15:01:29,642 - INFO - INTENTO TAKE_PROFIT_MARKET: SELL 25.8 @ 179.21
2025-11-25 15:01:30,639 - ERROR - RECHAZO STOP_MARKET: Order would immediately trigger.
2025-11-25 15:03:13,947 - INFO - INTENTO STOP_MARKET: SELL 25.8 @ 177.08
2025-11-25 15:03:13,948 - INFO - INTENTO TAKE_PROFIT_MARKET: SELL 25.8 @ 179.21
2025-11-25 15:03:14,365 - ERROR - RECHAZO STOP_MARKET: Order would immediately trigger.
2025-11-25 15:06:34,234 - INFO - INTENTO MARKET: SELL 25.8
2025-11-25 15:06:35,316 - INFO - EXITO MARKET ID: 69772704
2025-11-25 15:06:36,916 - INFO - LIMPIEZA COMPLETADA
2025-11-25 15:17:23,250 - INFO - INTENTO MARKET: BUY 2.3
2025-11-25 15:17:23,739 - INFO - EXITO MARKET ID: 69773745
2025-11-25 15:17:23,740 - INFO - INTENTO STOP_MARKET: SELL 2.3 @ 175.94
2025-11-25 15:17:23,741 - INFO - INTENTO TAKE_PROFIT_MARKET: SELL 2.3 @ 181.58
2025-11-25 15:22:01,320 - INFO - LIMPIEZA COMPLETADA
2025-11-25 15:31:05,842 - INFO - INTENTO MARKET: BUY 2.3
2025-11-25 15:31:06,284 - INFO - EXITO MARKET ID: 69775220
2025-11-25 15:31:06,286 - INFO - INTENTO STOP_MARKET: SELL 2.3 @ 174.56
2025-11-25 15:31:06,286 - INFO - INTENTO TAKE_PROFIT_MARKET: SELL 2.3 @ 180.06
2025-11-25 15:31:13,262 - INFO - INTENTO STOP_MARKET: SELL 2.3 @ 174.66
2025-11-25 15:31:13,263 - INFO - INTENTO TAKE_PROFIT_MARKET: SELL 2.3 @ 180.06
2025-11-25 15:31:18,435 - INFO - INTENTO STOP_MARKET: SELL 2.3 @ 174.71
2025-11-25 15:31:18,436 - INFO - INTENTO TAKE_PROFIT_MARKET: SELL 2.3 @ 180.06
2025-11-25 15:31:25,028 - INFO - INTENTO STOP_MARKET: SELL 2.3 @ 174.80
2025-11-25 15:31:25,028 - INFO - INTENTO TAKE_PROFIT_MARKET: SELL 2.3 @ 180.06
2025-11-25 15:31:39,192 - INFO - LIMPIEZA COMPLETADA
2025-11-25 15:37:18,191 - INFO - INTENTO MARKET: SELL 2.3
2025-11-25 15:37:18,696 - INFO - EXITO MARKET ID: 69775805
2025-11-25 15:37:18,698 - INFO - INTENTO STOP_MARKET: BUY 2.3 @ 175.57
2025-11-25 15:37:18,698 - INFO - INTENTO TAKE_PROFIT_MARKET: BUY 2.3 @ 170.05
2025-11-25 15:37:34,225 - INFO - INTENTO STOP_MARKET: BUY 2.3 @ 175.47
2025-11-25 15:37:34,225 - INFO - INTENTO TAKE_PROFIT_MARKET: BUY 2.3 @ 170.05
2025-11-25 15:37:40,567 - INFO - INTENTO STOP_MARKET: BUY 2.3 @ 175.43
2025-11-25 15:37:40,567 - INFO - INTENTO TAKE_PROFIT_MARKET: BUY 2.3 @ 170.05
2025-11-25 15:38:16,117 - INFO - LIMPIEZA COMPLETADA
2025-11-25 15:44:30,392 - INFO - INTENTO LIMIT: BUY 0.6 @ 176.03
2025-11-25 15:44:37,288 - INFO - INTENTO LIMIT: BUY 0.6 @ 176.03
2025-11-25 15:44:44,465 - INFO - INTENTO LIMIT: BUY 0.6 @ 176.03
2025-11-25 15:46:21,054 - INFO - INTENTO LIMIT: SELL 0.6 @ 176.09
2025-11-25 15:46:27,578 - INFO - INTENTO LIMIT: SELL 0.6 @ 176.09
2025-11-25 15:46:35,123 - INFO - INTENTO LIMIT: SELL 0.6 @ 176.09
2025-11-25 15:47:01,116 - INFO - INTENTO LIMIT: SELL 0.6 @ 176.09
2025-11-25 15:47:07,647 - INFO - INTENTO LIMIT: SELL 0.6 @ 176.09
2025-11-25 15:47:13,256 - INFO - INTENTO STOP_MARKET: BUY 0.6 @ 176.44
2025-11-25 15:47:13,257 - INFO - INTENTO TAKE_PROFIT_MARKET: BUY 0.6 @ 174.74
2025-11-25 15:48:55,178 - INFO - INTENTO LIMIT: SELL 0.6 @ 176.10
2025-11-25 15:49:01,883 - INFO - INTENTO LIMIT: SELL 0.6 @ 176.10
2025-11-25 15:49:09,479 - INFO - INTENTO LIMIT: SELL 0.6 @ 176.10
2025-11-25 15:49:44,794 - INFO - INTENTO LIMIT: SELL 0.6 @ 176.10
2025-11-25 15:49:52,002 - INFO - INTENTO LIMIT: SELL 0.6 @ 176.10
2025-11-25 15:49:59,029 - INFO - INTENTO STOP_MARKET: BUY 1.2 @ 176.44
2025-11-25 15:49:59,029 - INFO - INTENTO TAKE_PROFIT_MARKET: BUY 1.2 @ 174.74
2025-11-25 15:53:17,712 - INFO - LIMPIEZA COMPLETADA
2025-11-25 16:02:09,687 - INFO - INTENTO MARKET: SELL 2.3
2025-11-25 16:02:10,261 - INFO - EXITO MARKET ID: 69778869
2025-11-25 16:02:10,261 - INFO - INTENTO STOP_MARKET: BUY 2.3 @ 177.87
2025-11-25 16:02:10,262 - INFO - INTENTO TAKE_PROFIT_MARKET: BUY 2.3 @ 172.27
2025-11-25 16:02:31,959 - INFO - INTENTO STOP_MARKET: BUY 2.3 @ 177.69
2025-11-25 16:02:31,960 - INFO - INTENTO TAKE_PROFIT_MARKET: BUY 2.3 @ 172.27
2025-11-25 16:03:02,658 - INFO - LIMPIEZA COMPLETADA
2025-11-25 16:04:47,819 - INFO - INTENTO MARKET: SELL 2.3
2025-11-25 16:04:48,299 - INFO - EXITO MARKET ID: 69779054
2025-11-25 16:04:48,299 - INFO - INTENTO STOP_MARKET: BUY 2.3 @ 177.76
2025-11-25 16:04:48,300 - INFO - INTENTO TAKE_PROFIT_MARKET: BUY 2.3 @ 172.17
2025-11-25 16:05:27,186 - INFO - LIMPIEZA COMPLETADA
2025-11-25 16:06:32,296 - INFO - INTENTO MARKET: SELL 2.3
2025-11-25 16:06:33,394 - INFO - EXITO MARKET ID: 69779220
2025-11-25 16:06:33,395 - INFO - INTENTO STOP_MARKET: BUY 2.3 @ 177.76
2025-11-25 16:06:33,395 - INFO - INTENTO TAKE_PROFIT_MARKET: BUY 2.3 @ 172.17
2025-11-25 16:06:42,312 - INFO - INTENTO STOP_MARKET: BUY 2.3 @ 177.58
2025-11-25 16:06:42,312 - INFO - INTENTO TAKE_PROFIT_MARKET: BUY 2.3 @ 172.17
2025-11-25 16:06:53,032 - INFO - INTENTO STOP_MARKET: BUY 2.3 @ 177.57
2025-11-25 16:06:53,033 - INFO - INTENTO TAKE_PROFIT_MARKET: BUY 2.3 @ 172.17
2025-11-25 16:07:00,127 - INFO - INTENTO STOP_MARKET: BUY 2.3 @ 177.54
2025-11-25 16:07:00,128 - INFO - INTENTO TAKE_PROFIT_MARKET: BUY 2.3 @ 172.17
2025-11-25 16:07:34,199 - INFO - LIMPIEZA COMPLETADA
2025-11-25 16:07:42,152 - INFO - INTENTO MARKET: SELL 2.3
2025-11-25 16:07:42,857 - INFO - EXITO MARKET ID: 69779363
2025-11-25 16:07:42,858 - INFO - INTENTO STOP_MARKET: BUY 2.3 @ 177.85
2025-11-25 16:07:42,858 - INFO - INTENTO TAKE_PROFIT_MARKET: BUY 2.3 @ 172.25
2025-11-25 16:07:49,065 - INFO - INTENTO STOP_MARKET: BUY 2.3 @ 177.75
2025-11-25 16:07:49,065 - INFO - INTENTO TAKE_PROFIT_MARKET: BUY 2.3 @ 172.25
2025-11-25 16:07:49,581 - ERROR - RECHAZO STOP_MARKET: Order would immediately trigger.
2025-11-25 16:10:50,349 - INFO - INTENTO MARKET: BUY 2.3
2025-11-25 16:10:51,399 - INFO - EXITO MARKET ID: 69779822
2025-11-25 16:10:52,660 - INFO - LIMPIEZA COMPLETADA
2025-11-25 21:46:35,187 - INFO - INTENTO MARKET: SELL 2.3
2025-11-25 21:46:35,462 - INFO - EXITO MARKET ID: 69812238
2025-11-25 21:46:35,553 - INFO - INTENTO STOP_MARKET: BUY 2.3 @ 180.35
2025-11-25 21:46:35,555 - INFO - INTENTO TAKE_PROFIT_MARKET: BUY 2.3 @ 174.68
2025-11-25 21:46:42,451 - INFO - INTENTO STOP_MARKET: BUY 2.3 @ 180.25
2025-11-25 21:46:42,452 - INFO - INTENTO TAKE_PROFIT_MARKET: BUY 2.3 @ 174.68
2025-11-25 21:46:45,518 - INFO - INTENTO STOP_MARKET: BUY 2.3 @ 180.24
2025-11-25 21:46:45,519 - INFO - INTENTO TAKE_PROFIT_MARKET: BUY 2.3 @ 174.68
2025-11-25 21:46:53,264 - INFO - INTENTO STOP_MARKET: BUY 2.3 @ 180.22
2025-11-25 21:46:53,268 - INFO - INTENTO TAKE_PROFIT_MARKET: BUY 2.3 @ 174.68
2025-11-25 21:47:21,174 - INFO - INTENTO STOP_MARKET: BUY 2.3 @ 180.20
2025-11-25 21:47:21,178 - INFO - INTENTO TAKE_PROFIT_MARKET: BUY 2.3 @ 174.68
2025-11-25 21:47:27,103 - INFO - INTENTO STOP_MARKET: BUY 2.3 @ 180.19
2025-11-25 21:47:27,104 - INFO - INTENTO TAKE_PROFIT_MARKET: BUY 2.3 @ 174.68
2025-11-25 21:47:37,297 - INFO - LIMPIEZA COMPLETADA
2025-11-25 21:48:31,761 - INFO - INTENTO MARKET: BUY 2.3
2025-11-25 21:48:32,059 - INFO - EXITO MARKET ID: 69812467
2025-11-25 21:48:32,060 - INFO - INTENTO STOP_MARKET: SELL 2.3 @ 179.85
2025-11-25 21:48:32,061 - INFO - INTENTO TAKE_PROFIT_MARKET: SELL 2.3 @ 185.52
2025-11-25 21:48:46,089 - INFO - INTENTO STOP_MARKET: SELL 2.3 @ 180.09
2025-11-25 21:48:46,089 - INFO - INTENTO TAKE_PROFIT_MARKET: SELL 2.3 @ 185.52
2025-11-25 21:49:06,291 - INFO - LIMPIEZA COMPLETADA
2025-11-25 21:49:08,318 - INFO - INTENTO MARKET: SELL 2.3
2025-11-25 21:49:08,552 - INFO - EXITO MARKET ID: 69812518
2025-11-25 21:49:08,553 - INFO - INTENTO STOP_MARKET: BUY 2.3 @ 180.16
2025-11-25 21:49:08,554 - INFO - INTENTO TAKE_PROFIT_MARKET: BUY 2.3 @ 174.49
2025-11-25 21:49:17,337 - INFO - INTENTO STOP_MARKET: BUY 2.3 @ 180.06
2025-11-25 21:49:17,338 - INFO - INTENTO TAKE_PROFIT_MARKET: BUY 2.3 @ 174.49
2025-11-25 21:49:51,589 - INFO - INTENTO STOP_MARKET: BUY 2.3 @ 180.05
2025-11-25 21:49:51,590 - INFO - INTENTO TAKE_PROFIT_MARKET: BUY 2.3 @ 174.49
2025-11-25 21:51:08,455 - INFO - LIMPIEZA COMPLETADA
2025-11-25 21:51:10,922 - INFO - INTENTO MARKET: BUY 2.3
2025-11-25 21:51:11,163 - INFO - EXITO MARKET ID: 69812715
2025-11-25 21:51:11,166 - INFO - INTENTO STOP_MARKET: SELL 2.3 @ 180.22
2025-11-25 21:51:11,167 - INFO - INTENTO TAKE_PROFIT_MARKET: SELL 2.3 @ 185.90
2025-11-25 21:51:14,687 - INFO - LIMPIEZA COMPLETADA
2025-11-25 21:51:17,071 - INFO - INTENTO MARKET: SELL 2.3
2025-11-25 21:51:17,315 - INFO - EXITO MARKET ID: 69812729
2025-11-25 21:51:17,316 - INFO - INTENTO STOP_MARKET: BUY 2.3 @ 180.13
2025-11-25 21:51:17,316 - INFO - INTENTO TAKE_PROFIT_MARKET: BUY 2.3 @ 174.46
2025-11-25 21:52:56,772 - INFO - LIMPIEZA COMPLETADA
2025-11-25 21:57:35,084 - INFO - INTENTO MARKET: SELL 2.3
2025-11-25 21:57:35,314 - INFO - EXITO MARKET ID: 69813466
2025-11-25 21:57:35,316 - INFO - INTENTO STOP_MARKET: BUY 2.3 @ 180.14
2025-11-25 21:57:35,318 - INFO - INTENTO TAKE_PROFIT_MARKET: BUY 2.3 @ 174.47
2025-11-25 22:00:11,637 - INFO - LIMPIEZA COMPLETADA
2025-11-25 22:07:08,118 - INFO - INTENTO MARKET: BUY 2.3
2025-11-25 22:07:08,847 - INFO - EXITO MARKET ID: 69814160
2025-11-25 22:07:08,848 - INFO - INTENTO STOP_MARKET: SELL 2.3 @ 179.71
2025-11-25 22:07:08,849 - INFO - INTENTO TAKE_PROFIT_MARKET: SELL 2.3 @ 185.38
2025-11-25 22:07:21,759 - INFO - INTENTO STOP_MARKET: SELL 2.3 @ 179.81
2025-11-25 22:07:21,762 - INFO - INTENTO TAKE_PROFIT_MARKET: SELL 2.3 @ 185.38
2025-11-25 22:07:26,699 - INFO - INTENTO STOP_MARKET: SELL 2.3 @ 179.89
2025-11-25 22:07:26,702 - INFO - INTENTO TAKE_PROFIT_MARKET: SELL 2.3 @ 185.38
2025-11-25 22:07:31,172 - INFO - INTENTO STOP_MARKET: SELL 2.3 @ 179.93
2025-11-25 22:07:31,173 - INFO - INTENTO TAKE_PROFIT_MARKET: SELL 2.3 @ 185.38
2025-11-25 22:08:30,468 - INFO - LIMPIEZA COMPLETADA
2025-11-25 22:10:15,784 - INFO - INTENTO MARKET: BUY 2.3
2025-11-25 22:10:16,051 - INFO - EXITO MARKET ID: 69814460
2025-11-25 22:10:16,052 - INFO - INTENTO STOP_MARKET: SELL 2.3 @ 179.74
2025-11-25 22:10:16,053 - INFO - INTENTO TAKE_PROFIT_MARKET: SELL 2.3 @ 185.41
2025-11-25 22:10:26,639 - INFO - INTENTO STOP_MARKET: SELL 2.3 @ 179.84
2025-11-25 22:10:26,641 - INFO - INTENTO TAKE_PROFIT_MARKET: SELL 2.3 @ 185.41
2025-11-25 22:12:11,558 - INFO - INTENTO STOP_MARKET: SELL 2.3 @ 179.90
2025-11-25 22:12:11,560 - INFO - INTENTO TAKE_PROFIT_MARKET: SELL 2.3 @ 185.41
2025-11-25 22:13:52,104 - INFO - LIMPIEZA COMPLETADA
2025-11-25 22:16:41,424 - INFO - INTENTO MARKET: BUY 2.3
2025-11-25 22:16:41,718 - INFO - EXITO MARKET ID: 69814896
2025-11-25 22:16:41,720 - INFO - INTENTO STOP_MARKET: SELL 2.3 @ 179.67
2025-11-25 22:16:41,720 - INFO - INTENTO TAKE_PROFIT_MARKET: SELL 2.3 @ 185.34
2025-11-25 22:16:57,135 - INFO - INTENTO STOP_MARKET: SELL 2.3 @ 179.80
2025-11-25 22:16:57,136 - INFO - INTENTO TAKE_PROFIT_MARKET: SELL 2.3 @ 185.34
2025-11-25 22:17:02,668 - INFO - INTENTO STOP_MARKET: SELL 2.3 @ 179.87
2025-11-25 22:17:02,669 - INFO - INTENTO TAKE_PROFIT_MARKET: SELL 2.3 @ 185.34
2025-11-25 22:17:21,572 - INFO - INTENTO STOP_MARKET: SELL 2.3 @ 179.95
2025-11-25 22:17:21,573 - INFO - INTENTO TAKE_PROFIT_MARKET: SELL 2.3 @ 185.34
2025-11-25 22:17:27,847 - INFO - INTENTO STOP_MARKET: SELL 2.3 @ 179.97
2025-11-25 22:17:27,849 - INFO - INTENTO TAKE_PROFIT_MARKET: SELL 2.3 @ 185.34
2025-11-25 22:17:43,403 - INFO - LIMPIEZA COMPLETADA
2025-11-25 22:17:46,429 - INFO - INTENTO MARKET: SELL 2.3
2025-11-25 22:17:46,756 - INFO - EXITO MARKET ID: 69814977
2025-11-25 22:17:46,756 - INFO - INTENTO STOP_MARKET: BUY 2.3 @ 180.06
2025-11-25 22:17:46,758 - INFO - INTENTO TAKE_PROFIT_MARKET: BUY 2.3 @ 174.40
2025-11-25 23:08:13,301 - INFO - INTENTO MARKET: BUY 2.3
2025-11-25 23:08:13,932 - INFO - EXITO MARKET ID: 69819621
2025-11-25 23:08:13,936 - INFO - INTENTO STOP_MARKET: SELL 2.3 @ 178.67
2025-11-25 23:08:13,938 - INFO - INTENTO TAKE_PROFIT_MARKET: SELL 2.3 @ 184.77
2025-11-25 23:08:19,299 - INFO - LIMPIEZA COMPLETADA
2025-11-25 23:08:22,516 - INFO - INTENTO LIMIT: SELL 0.6 @ 179.39
2025-11-25 23:08:28,852 - INFO - INTENTO LIMIT: SELL 0.6 @ 179.39
2025-11-25 23:08:34,882 - INFO - INTENTO LIMIT: SELL 0.6 @ 179.39
2025-11-25 23:23:27,674 - INFO - INTENTO LIMIT: SELL 0.6 @ 179.39
2025-11-25 23:23:33,349 - INFO - INTENTO LIMIT: SELL 0.6 @ 179.39
2025-11-25 23:23:39,541 - INFO - INTENTO LIMIT: SELL 0.6 @ 179.39
2025-11-25 23:27:09,832 - INFO - INTENTO MARKET: SELL 2.3
2025-11-25 23:27:10,428 - INFO - EXITO MARKET ID: 69821091
2025-11-25 23:27:10,430 - INFO - INTENTO STOP_MARKET: BUY 2.3 @ 179.49
2025-11-25 23:27:10,432 - INFO - INTENTO TAKE_PROFIT_MARKET: BUY 2.3 @ 173.41
2025-11-25 23:27:21,390 - INFO - INTENTO STOP_MARKET: BUY 2.3 @ 179.01
2025-11-25 23:27:21,391 - INFO - INTENTO TAKE_PROFIT_MARKET: BUY 2.3 @ 173.41
2025-11-25 23:30:28,152 - INFO - INTENTO STOP_MARKET: BUY 2.3 @ 178.99
2025-11-25 23:30:28,153 - INFO - INTENTO TAKE_PROFIT_MARKET: BUY 2.3 @ 173.41
2025-11-25 23:30:32,088 - INFO - INTENTO STOP_MARKET: BUY 2.3 @ 178.98
2025-11-25 23:30:32,089 - INFO - INTENTO TAKE_PROFIT_MARKET: BUY 2.3 @ 173.41
2025-11-25 23:30:36,332 - INFO - INTENTO STOP_MARKET: BUY 2.3 @ 178.96
2025-11-25 23:30:36,334 - INFO - INTENTO TAKE_PROFIT_MARKET: BUY 2.3 @ 173.41
2025-11-25 23:30:44,001 - INFO - INTENTO STOP_MARKET: BUY 2.3 @ 178.94
2025-11-25 23:30:44,001 - INFO - INTENTO TAKE_PROFIT_MARKET: BUY 2.3 @ 173.41
2025-11-25 23:30:47,512 - INFO - INTENTO STOP_MARKET: BUY 2.3 @ 178.92
2025-11-25 23:30:47,517 - INFO - INTENTO TAKE_PROFIT_MARKET: BUY 2.3 @ 173.41
2025-11-25 23:31:10,943 - INFO - INTENTO STOP_MARKET: BUY 2.3 @ 178.91
2025-11-25 23:31:10,946 - INFO - INTENTO TAKE_PROFIT_MARKET: BUY 2.3 @ 173.41
2025-11-25 23:31:24,016 - INFO - INTENTO STOP_MARKET: BUY 2.3 @ 178.81
2025-11-25 23:31:24,018 - INFO - INTENTO TAKE_PROFIT_MARKET: BUY 2.3 @ 173.41
2025-11-25 23:31:27,909 - INFO - INTENTO STOP_MARKET: BUY 2.3 @ 178.80
2025-11-25 23:31:27,911 - INFO - INTENTO TAKE_PROFIT_MARKET: BUY 2.3 @ 173.41
2025-11-25 23:31:32,176 - INFO - INTENTO STOP_MARKET: BUY 2.3 @ 178.73
2025-11-25 23:31:32,180 - INFO - INTENTO TAKE_PROFIT_MARKET: BUY 2.3 @ 173.41
2025-11-25 23:31:39,161 - INFO - INTENTO STOP_MARKET: BUY 2.3 @ 178.66
2025-11-25 23:31:39,163 - INFO - INTENTO TAKE_PROFIT_MARKET: BUY 2.3 @ 173.41
2025-11-25 23:31:57,048 - INFO - INTENTO STOP_MARKET: BUY 2.3 @ 178.64
2025-11-25 23:31:57,049 - INFO - INTENTO TAKE_PROFIT_MARKET: BUY 2.3 @ 173.41
2025-11-25 23:32:05,103 - INFO - LIMPIEZA COMPLETADA
2025-11-25 23:33:24,068 - INFO - INTENTO MARKET: SELL 2.3
2025-11-25 23:33:24,518 - INFO - EXITO MARKET ID: 69821656
2025-11-25 23:33:24,519 - INFO - INTENTO STOP_MARKET: BUY 2.3 @ 178.77
2025-11-25 23:33:24,520 - INFO - INTENTO TAKE_PROFIT_MARKET: BUY 2.3 @ 172.72
2025-11-25 23:33:58,347 - INFO - INTENTO STOP_MARKET: BUY 2.3 @ 178.10
2025-11-25 23:33:58,347 - INFO - INTENTO TAKE_PROFIT_MARKET: BUY 2.3 @ 172.72
2025-11-25 23:34:08,448 - INFO - INTENTO STOP_MARKET: BUY 2.3 @ 178.06
2025-11-25 23:34:08,449 - INFO - INTENTO TAKE_PROFIT_MARKET: BUY 2.3 @ 172.72
2025-11-25 23:34:12,697 - INFO - INTENTO STOP_MARKET: BUY 2.3 @ 178.00
2025-11-25 23:34:12,698 - INFO - INTENTO TAKE_PROFIT_MARKET: BUY 2.3 @ 172.72
2025-11-25 23:34:30,559 - INFO - INTENTO STOP_MARKET: BUY 2.3 @ 177.98
2025-11-25 23:34:30,562 - INFO - INTENTO TAKE_PROFIT_MARKET: BUY 2.3 @ 172.72
2025-11-25 23:34:41,479 - INFO - INTENTO STOP_MARKET: BUY 2.3 @ 177.84
2025-11-25 23:34:41,480 - INFO - INTENTO TAKE_PROFIT_MARKET: BUY 2.3 @ 172.72
2025-11-25 23:36:22,203 - INFO - INTENTO STOP_MARKET: BUY 2.3 @ 177.78
2025-11-25 23:36:22,204 - INFO - INTENTO TAKE_PROFIT_MARKET: BUY 2.3 @ 172.72
2025-11-25 23:36:27,009 - INFO - INTENTO STOP_MARKET: BUY 2.3 @ 177.75
2025-11-25 23:36:27,011 - INFO - INTENTO TAKE_PROFIT_MARKET: BUY 2.3 @ 172.72
2025-11-25 23:36:31,240 - INFO - INTENTO STOP_MARKET: BUY 2.3 @ 177.67
2025-11-25 23:36:31,243 - INFO - INTENTO TAKE_PROFIT_MARKET: BUY 2.3 @ 172.72
2025-11-25 23:36:40,580 - INFO - INTENTO STOP_MARKET: BUY 2.3 @ 177.66
2025-11-25 23:36:40,582 - INFO - INTENTO TAKE_PROFIT_MARKET: BUY 2.3 @ 172.72
2025-11-25 23:40:32,166 - INFO - INTENTO STOP_MARKET: BUY 2.3 @ 177.65
2025-11-25 23:40:32,168 - INFO - INTENTO TAKE_PROFIT_MARKET: BUY 2.3 @ 172.72
2025-11-25 23:40:37,252 - INFO - INTENTO STOP_MARKET: BUY 2.3 @ 177.64
2025-11-25 23:40:37,252 - INFO - INTENTO TAKE_PROFIT_MARKET: BUY 2.3 @ 172.72
2025-11-25 23:40:56,545 - INFO - INTENTO STOP_MARKET: BUY 2.3 @ 177.63
2025-11-25 23:40:56,547 - INFO - INTENTO TAKE_PROFIT_MARKET: BUY 2.3 @ 172.72
2025-11-25 23:40:59,477 - INFO - INTENTO STOP_MARKET: BUY 2.3 @ 177.61
2025-11-25 23:40:59,484 - INFO - INTENTO TAKE_PROFIT_MARKET: BUY 2.3 @ 172.72
2025-11-25 23:41:12,291 - INFO - INTENTO STOP_MARKET: BUY 2.3 @ 177.59
2025-11-25 23:41:12,293 - INFO - INTENTO TAKE_PROFIT_MARKET: BUY 2.3 @ 172.72
2025-11-25 23:41:27,890 - INFO - INTENTO STOP_MARKET: BUY 2.3 @ 177.58
2025-11-25 23:41:27,891 - INFO - INTENTO TAKE_PROFIT_MARKET: BUY 2.3 @ 172.72
2025-11-25 23:41:43,847 - INFO - INTENTO STOP_MARKET: BUY 2.3 @ 177.57
2025-11-25 23:41:43,849 - INFO - INTENTO TAKE_PROFIT_MARKET: BUY 2.3 @ 172.72
2025-11-25 23:41:47,906 - INFO - LIMPIEZA COMPLETADA
2025-11-25 23:53:25,982 - INFO - INTENTO MARKET: SELL 2.3
2025-11-25 23:53:26,577 - INFO - EXITO MARKET ID: 69823683
2025-11-25 23:53:26,579 - INFO - INTENTO STOP_MARKET: BUY 2.3 @ 177.59
2025-11-25 23:53:26,580 - INFO - INTENTO TAKE_PROFIT_MARKET: BUY 2.3 @ 171.57
2025-11-25 23:53:47,168 - INFO - INTENTO STOP_MARKET: BUY 2.3 @ 177.14
2025-11-25 23:53:47,171 - INFO - INTENTO TAKE_PROFIT_MARKET: BUY 2.3 @ 171.57
2025-11-25 23:54:17,263 - INFO - INTENTO STOP_MARKET: BUY 2.3 @ 177.13
2025-11-25 23:54:17,264 - INFO - INTENTO TAKE_PROFIT_MARKET: BUY 2.3 @ 171.57
2025-11-25 23:54:32,446 - INFO - INTENTO STOP_MARKET: BUY 2.3 @ 177.12
2025-11-25 23:54:32,447 - INFO - INTENTO TAKE_PROFIT_MARKET: BUY 2.3 @ 171.57
2025-11-25 23:54:47,938 - INFO - INTENTO STOP_MARKET: BUY 2.3 @ 177.11
2025-11-25 23:54:47,940 - INFO - INTENTO TAKE_PROFIT_MARKET: BUY 2.3 @ 171.57
2025-11-25 23:54:58,166 - INFO - INTENTO STOP_MARKET: BUY 2.3 @ 177.08
2025-11-25 23:54:58,167 - INFO - INTENTO TAKE_PROFIT_MARKET: BUY 2.3 @ 171.57
2025-11-25 23:55:17,337 - INFO - INTENTO STOP_MARKET: BUY 2.3 @ 177.07
2025-11-25 23:55:17,340 - INFO - INTENTO TAKE_PROFIT_MARKET: BUY 2.3 @ 171.57
2025-11-25 23:55:27,285 - INFO - INTENTO STOP_MARKET: BUY 2.3 @ 177.06
2025-11-25 23:55:27,286 - INFO - INTENTO TAKE_PROFIT_MARKET: BUY 2.3 @ 171.57
2025-11-25 23:59:07,047 - INFO - INTENTO STOP_MARKET: BUY 2.3 @ 177.05
2025-11-25 23:59:07,047 - INFO - INTENTO TAKE_PROFIT_MARKET: BUY 2.3 @ 171.57
2025-11-26 00:01:10,322 - INFO - LIMPIEZA COMPLETADA
2025-11-26 00:08:50,766 - INFO - INTENTO MARKET: BUY 2.3
2025-11-26 00:08:51,334 - INFO - EXITO MARKET ID: 69824865
2025-11-26 00:08:51,336 - INFO - INTENTO STOP_MARKET: SELL 2.3 @ 176.23
2025-11-26 00:08:51,338 - INFO - INTENTO TAKE_PROFIT_MARKET: SELL 2.3 @ 182.25
2025-11-26 00:20:41,894 - INFO - INTENTO STOP_MARKET: SELL 2.3 @ 176.17
2025-11-26 00:20:41,895 - INFO - INTENTO TAKE_PROFIT_MARKET: SELL 2.3 @ 179.00
2025-11-26 01:45:00,002 - INFO - INTENTO STOP_MARKET: SELL 2.3 @ 176.17
2025-11-26 01:45:00,003 - INFO - INTENTO TAKE_PROFIT_MARKET: SELL 2.3 @ 179.00
2025-11-26 01:51:00,186 - INFO - INTENTO STOP_MARKET: SELL 2.3 @ 176.17
2025-11-26 01:51:00,187 - INFO - INTENTO TAKE_PROFIT_MARKET: SELL 2.3 @ 179.00
2025-11-26 02:04:07,244 - INFO - INTENTO STOP_MARKET: SELL 2.3 @ 177.68
2025-11-26 02:04:07,245 - INFO - INTENTO TAKE_PROFIT_MARKET: SELL 2.3 @ 179.00
2025-11-26 02:04:14,690 - INFO - INTENTO STOP_MARKET: SELL 2.3 @ 177.69
2025-11-26 02:04:14,692 - INFO - INTENTO TAKE_PROFIT_MARKET: SELL 2.3 @ 179.00
2025-11-26 02:04:21,015 - INFO - INTENTO STOP_MARKET: SELL 2.3 @ 177.71
2025-11-26 02:04:21,017 - INFO - INTENTO TAKE_PROFIT_MARKET: SELL 2.3 @ 179.00
2025-11-26 02:04:31,225 - INFO - INTENTO STOP_MARKET: SELL 2.3 @ 177.72
2025-11-26 02:04:31,227 - INFO - INTENTO TAKE_PROFIT_MARKET: SELL 2.3 @ 179.00
2025-11-26 02:04:37,213 - INFO - INTENTO STOP_MARKET: SELL 2.3 @ 177.73
2025-11-26 02:04:37,216 - INFO - INTENTO TAKE_PROFIT_MARKET: SELL 2.3 @ 179.00
2025-11-26 02:04:56,793 - INFO - INTENTO STOP_MARKET: SELL 2.3 @ 177.75
2025-11-26 02:04:56,794 - INFO - INTENTO TAKE_PROFIT_MARKET: SELL 2.3 @ 179.00
2025-11-26 02:05:06,230 - INFO - INTENTO STOP_MARKET: SELL 2.3 @ 177.76
2025-11-26 02:05:06,231 - INFO - INTENTO TAKE_PROFIT_MARKET: SELL 2.3 @ 179.00
2025-11-26 02:05:16,439 - INFO - INTENTO STOP_MARKET: SELL 2.3 @ 177.77
2025-11-26 02:05:16,440 - INFO - INTENTO TAKE_PROFIT_MARKET: SELL 2.3 @ 179.00
2025-11-26 02:05:21,705 - INFO - INTENTO STOP_MARKET: SELL 2.3 @ 177.79
2025-11-26 02:05:21,706 - INFO - INTENTO TAKE_PROFIT_MARKET: SELL 2.3 @ 179.00
2025-11-26 02:05:28,308 - INFO - INTENTO STOP_MARKET: SELL 2.3 @ 177.84
2025-11-26 02:05:28,308 - INFO - INTENTO TAKE_PROFIT_MARKET: SELL 2.3 @ 179.00
2025-11-26 02:05:32,144 - INFO - INTENTO STOP_MARKET: SELL 2.3 @ 177.86
2025-11-26 02:05:32,147 - INFO - INTENTO TAKE_PROFIT_MARKET: SELL 2.3 @ 179.00
2025-11-26 02:05:36,378 - INFO - INTENTO STOP_MARKET: SELL 2.3 @ 177.88
2025-11-26 02:05:36,380 - INFO - INTENTO TAKE_PROFIT_MARKET: SELL 2.3 @ 179.00
2025-11-26 02:05:42,461 - INFO - INTENTO STOP_MARKET: SELL 2.3 @ 177.89
2025-11-26 02:05:42,463 - INFO - INTENTO TAKE_PROFIT_MARKET: SELL 2.3 @ 179.00
2025-11-26 02:05:48,752 - INFO - INTENTO STOP_MARKET: SELL 2.3 @ 177.92
2025-11-26 02:05:48,753 - INFO - INTENTO TAKE_PROFIT_MARKET: SELL 2.3 @ 179.00
2025-11-26 02:05:51,954 - INFO - INTENTO STOP_MARKET: SELL 2.3 @ 177.93
2025-11-26 02:05:51,956 - INFO - INTENTO TAKE_PROFIT_MARKET: SELL 2.3 @ 179.00
2025-11-26 02:05:57,858 - INFO - INTENTO STOP_MARKET: SELL 2.3 @ 177.96
2025-11-26 02:05:57,859 - INFO - INTENTO TAKE_PROFIT_MARKET: SELL 2.3 @ 179.00
2025-11-26 02:06:02,212 - INFO - INTENTO STOP_MARKET: SELL 2.3 @ 177.98
2025-11-26 02:06:02,214 - INFO - INTENTO TAKE_PROFIT_MARKET: SELL 2.3 @ 179.00
2025-11-26 02:06:06,849 - INFO - INTENTO STOP_MARKET: SELL 2.3 @ 178.01
2025-11-26 02:06:06,850 - INFO - INTENTO TAKE_PROFIT_MARKET: SELL 2.3 @ 179.00
2025-11-26 02:07:48,852 - INFO - LIMPIEZA COMPLETADA
2025-11-26 02:38:46,276 - INFO - INTENTO MARKET: SELL 1.8
2025-11-26 02:38:50,506 - INFO - INTENTO MARKET: SELL 2.3
2025-11-26 02:45:39,748 - INFO - INTENTO MARKET: SELL 2.3
2025-11-26 02:48:08,476 - INFO - INTENTO MARKET: BUY 2.3
2025-11-26 02:50:20,362 - INFO - INTENTO MARKET: BUY 2.3
2025-11-26 03:16:11,321 - INFO - INTENTO MARKET: SELL 0.6
2025-11-26 03:21:50,310 - INFO - INTENTO MARKET: SELL 2.3
2025-11-26 03:22:25,255 - INFO - INTENTO MARKET: BUY 2.3
2025-11-26 04:58:48,135 - INFO - INTENTO MARKET: BUY 0.6
2025-11-26 06:01:26,129 - INFO - INTENTO MARKET: SELL 1.2
2025-11-26 07:31:51,529 - INFO - INTENTO MARKET: BUY 2.3
2025-11-26 08:38:32,579 - INFO - INTENTO MARKET: SELL 2.3
2025-11-26 10:19:32,475 - INFO - INTENTO MARKET: BUY 2.3
2025-11-26 10:20:51,609 - INFO - INTENTO MARKET: SELL 2.3
2025-11-26 10:52:49,775 - INFO - INTENTO MARKET: SELL 2.3
2025-11-26 10:55:41,474 - INFO - INTENTO MARKET: BUY 2.3
2025-11-26 10:58:20,914 - INFO - INTENTO MARKET: SELL 2.3
2025-11-26 11:03:38,137 - INFO - INTENTO MARKET: BUY 2.3
2025-11-26 11:05:25,954 - INFO - INTENTO MARKET: SELL 2.3
2025-11-26 11:06:12,291 - INFO - INTENTO MARKET: BUY 2.3
2025-11-26 11:06:41,222 - INFO - INTENTO MARKET: SELL 2.3
2025-11-26 11:07:06,587 - INFO - INTENTO MARKET: BUY 2.3
2025-11-26 11:11:11,945 - INFO - INTENTO MARKET: SELL 2.3
2025-11-26 11:11:59,583 - INFO - INTENTO MARKET: SELL 2.3
2025-11-26 11:13:07,142 - INFO - INTENTO MARKET: BUY 2.3
2025-11-26 11:13:41,780 - INFO - INTENTO MARKET: SELL 2.3
2025-11-26 11:30:50,727 - INFO - INTENTO MARKET: BUY 2.3
2025-11-26 11:37:22,208 - INFO - INTENTO MARKET: SELL 2.3
2025-11-26 11:38:03,969 - INFO - INTENTO MARKET: BUY 2.3
2025-11-26 11:40:29,577 - INFO - INTENTO MARKET: BUY 2.3
2025-11-26 11:45:45,576 - INFO - INTENTO MARKET: BUY 2.3
2025-11-26 11:45:50,231 - INFO - INTENTO MARKET: BUY 2.3
2025-11-26 14:04:52,218 - INFO - INTENTO MARKET: SELL 5.5
2025-11-26 14:54:16,320 - INFO - INTENTO MARKET: SELL 5.4
2025-11-26 17:49:26,480 - INFO - INTENTO MARKET: BUY 2.2
2025-11-26 17:56:16,577 - INFO - INTENTO MARKET: SELL 2.2
2025-11-26 18:00:15,984 - INFO - INTENTO MARKET: BUY 2.2
2025-11-26 18:00:17,272 - INFO - INTENTO MARKET: BUY 0.6
2025-11-26 19:13:21,785 - INFO - INTENTO MARKET: SELL 2.2
2025-11-26 19:14:33,200 - INFO - INTENTO MARKET: BUY 2.2
2025-11-26 19:15:21,095 - INFO - INTENTO MARKET: BUY 2.2
2025-11-26 19:19:34,672 - INFO - INTENTO MARKET: SELL 2.2
2025-11-26 19:21:30,796 - INFO - INTENTO MARKET: BUY 2.2
2025-11-26 19:21:32,493 - INFO - INTENTO MARKET: SELL 0.6
2025-11-26 19:29:05,083 - INFO - INTENTO MARKET: SELL 2.2
2025-11-26 20:06:44,063 - INFO - INTENTO MARKET: BUY 2.2
2025-11-26 20:07:03,020 - INFO - INTENTO MARKET: BUY 2.2
2025-11-26 20:10:29,624 - INFO - INTENTO MARKET: SELL 2.2
2025-11-26 20:11:32,179 - INFO - INTENTO MARKET: BUY 2.2
2025-11-26 20:11:33,396 - INFO - INTENTO MARKET: BUY 0.6
2025-11-26 20:22:12,418 - INFO - INTENTO MARKET: BUY 2.2
2025-11-26 20:37:31,156 - INFO - INTENTO MARKET: SELL 2.2
2025-11-26 20:37:32,472 - INFO - INTENTO MARKET: SELL 0.6
2025-11-26 21:59:51,977 - INFO - INTENTO MARKET: BUY 2.2
2025-11-26 22:01:23,979 - INFO - INTENTO MARKET: SELL 2.2
2025-11-26 22:01:25,627 - INFO - INTENTO MARKET: SELL 0.6
2025-11-26 23:55:27,231 - INFO - INTENTO MARKET: SELL 0.6
2025-11-27 01:59:22,820 - INFO - INTENTO MARKET: SELL 0.6
2025-11-27 02:00:36,724 - INFO - INTENTO MARKET: SELL 0.6
2025-11-27 02:18:47,475 - INFO - INTENTO MARKET: SELL 0.6
2025-11-27 02:26:35,008 - INFO - INTENTO MARKET: SELL 0.6
2025-11-27 02:27:05,745 - INFO - INTENTO MARKET: SELL 0.6
2025-11-27 02:29:33,503 - INFO - INTENTO MARKET: SELL 0.6
2025-11-27 04:31:16,106 - INFO - INTENTO MARKET: BUY 0.6
2025-11-27 10:23:20,568 - INFO - INTENTO MARKET: SELL 0.3
2025-11-27 10:24:00,218 - INFO - INTENTO MARKET: SELL 0.3
2025-11-27 14:46:25,663 - INFO - INTENTO MARKET: SELL 2.2
2025-11-27 14:46:27,336 - INFO - INTENTO MARKET: BUY 2.2
